[0.496s] Invoking command in '/home/purushottam/ros2_ws/src/actions_py': LD_LIBRARY_PATH=/home/purushottam/ros2_ws/install/my_robot_interfaces/lib:/usr/lib/x86_64-linux-gnu/gazebo-11/plugins:/opt/ros/humble/opt/rviz_ogre_vendor/lib:/opt/ros/humble/lib/x86_64-linux-gnu:/opt/ros/humble/lib:/usr/local/cuda-12.2/lib64 PYTHONPATH=/home/purushottam/ros2_ws/build/actions_py/prefix_override:/usr/lib/python3/dist-packages/colcon_core/task/python/colcon_distutils_commands:/home/purushottam/ros2_ws/install/actions_py/lib/python3.10/site-packages:${PYTHONPATH} /usr/bin/python3 -W ignore:setup.py install is deprecated -W ignore:easy_install command is deprecated setup.py egg_info --egg-base ../../build/actions_py build --build-base /home/purushottam/ros2_ws/build/actions_py/build install --record /home/purushottam/ros2_ws/build/actions_py/install.log --single-version-externally-managed install_data
[0.658s] running egg_info
[0.659s] writing ../../build/actions_py/actions_py.egg-info/PKG-INFO
[0.659s] writing dependency_links to ../../build/actions_py/actions_py.egg-info/dependency_links.txt
[0.659s] writing entry points to ../../build/actions_py/actions_py.egg-info/entry_points.txt
[0.659s] writing requirements to ../../build/actions_py/actions_py.egg-info/requires.txt
[0.659s] writing top-level names to ../../build/actions_py/actions_py.egg-info/top_level.txt
[0.660s] reading manifest file '../../build/actions_py/actions_py.egg-info/SOURCES.txt'
[0.668s] writing manifest file '../../build/actions_py/actions_py.egg-info/SOURCES.txt'
[0.668s] running build
[0.668s] running build_py
[0.668s] running install
[0.669s] running install_lib
[0.670s] running install_data
[0.670s] running install_egg_info
[0.671s] removing '/home/purushottam/ros2_ws/install/actions_py/lib/python3.10/site-packages/actions_py-0.0.0-py3.10.egg-info' (and everything under it)
[0.671s] Copying ../../build/actions_py/actions_py.egg-info to /home/purushottam/ros2_ws/install/actions_py/lib/python3.10/site-packages/actions_py-0.0.0-py3.10.egg-info
[0.672s] running install_scripts
[0.687s] Installing count_until_client script to /home/purushottam/ros2_ws/install/actions_py/lib/actions_py
[0.687s] Installing count_until_server script to /home/purushottam/ros2_ws/install/actions_py/lib/actions_py
[0.688s] writing list of installed files to '/home/purushottam/ros2_ws/build/actions_py/install.log'
[0.710s] Invoked command in '/home/purushottam/ros2_ws/src/actions_py' returned '0': LD_LIBRARY_PATH=/home/purushottam/ros2_ws/install/my_robot_interfaces/lib:/usr/lib/x86_64-linux-gnu/gazebo-11/plugins:/opt/ros/humble/opt/rviz_ogre_vendor/lib:/opt/ros/humble/lib/x86_64-linux-gnu:/opt/ros/humble/lib:/usr/local/cuda-12.2/lib64 PYTHONPATH=/home/purushottam/ros2_ws/build/actions_py/prefix_override:/usr/lib/python3/dist-packages/colcon_core/task/python/colcon_distutils_commands:/home/purushottam/ros2_ws/install/actions_py/lib/python3.10/site-packages:${PYTHONPATH} /usr/bin/python3 -W ignore:setup.py install is deprecated -W ignore:easy_install command is deprecated setup.py egg_info --egg-base ../../build/actions_py build --build-base /home/purushottam/ros2_ws/build/actions_py/build install --record /home/purushottam/ros2_ws/build/actions_py/install.log --single-version-externally-managed install_data
