[0.017s] Invoking command in '/home/purushottam/ros2_ws/build/my_robot_interfaces': CMAKE_PREFIX_PATH=${CMAKE_PREFIX_PATH}:/home/purushottam/ros2_ws/install/actions_py:/home/purushottam/ros2_ws/install/my_robot_controller:/opt/ros/humble /usr/bin/cmake --build /home/purushottam/ros2_ws/build/my_robot_interfaces -- -j8 -l8
[0.226s] [  3%] Built target my_robot_interfaces__cpp
[0.226s] [  3%] Built target ament_cmake_python_copy_my_robot_interfaces
[0.226s] [ 12%] Built target my_robot_interfaces__rosidl_generator_c
[0.226s] [ 22%] Built target my_robot_interfaces__rosidl_typesupport_cpp
[0.226s] [ 32%] Built target my_robot_interfaces__rosidl_typesupport_fastrtps_cpp
[0.226s] [ 41%] Built target my_robot_interfaces__rosidl_typesupport_introspection_cpp
[0.226s] [ 51%] Built target my_robot_interfaces__rosidl_typesupport_introspection_c
[0.226s] [ 61%] Built target my_robot_interfaces__rosidl_typesupport_c
[0.226s] [ 70%] Built target my_robot_interfaces__rosidl_typesupport_fastrtps_c
[0.226s] [ 70%] Built target my_robot_interfaces
[0.226s] [ 74%] Built target my_robot_interfaces__py
[0.226s] [ 80%] Built target my_robot_interfaces__rosidl_generator_py
[0.226s] [ 87%] Built target my_robot_interfaces__rosidl_typesupport_introspection_c__pyext
[0.226s] [100%] Built target my_robot_interfaces__rosidl_typesupport_fastrtps_c__pyext
[0.226s] [100%] Built target my_robot_interfaces__rosidl_typesupport_c__pyext
[0.290s] running egg_info
[0.290s] writing my_robot_interfaces.egg-info/PKG-INFO
[0.291s] writing dependency_links to my_robot_interfaces.egg-info/dependency_links.txt
[0.291s] writing top-level names to my_robot_interfaces.egg-info/top_level.txt
[0.296s] reading manifest file 'my_robot_interfaces.egg-info/SOURCES.txt'
[0.297s] writing manifest file 'my_robot_interfaces.egg-info/SOURCES.txt'
[0.328s] [100%] Built target ament_cmake_python_build_my_robot_interfaces_egg
[0.341s] Invoked command in '/home/purushottam/ros2_ws/build/my_robot_interfaces' returned '0': CMAKE_PREFIX_PATH=${CMAKE_PREFIX_PATH}:/home/purushottam/ros2_ws/install/actions_py:/home/purushottam/ros2_ws/install/my_robot_controller:/opt/ros/humble /usr/bin/cmake --build /home/purushottam/ros2_ws/build/my_robot_interfaces -- -j8 -l8
[0.342s] Invoking command in '/home/purushottam/ros2_ws/build/my_robot_interfaces': CMAKE_PREFIX_PATH=${CMAKE_PREFIX_PATH}:/home/purushottam/ros2_ws/install/actions_py:/home/purushottam/ros2_ws/install/my_robot_controller:/opt/ros/humble /usr/bin/cmake --install /home/purushottam/ros2_ws/build/my_robot_interfaces
[0.349s] -- Install configuration: ""
[0.349s] -- Up-to-date: /home/purushottam/ros2_ws/install/my_robot_interfaces/share/ament_index/resource_index/rosidl_interfaces/my_robot_interfaces
[0.350s] -- Up-to-date: /home/purushottam/ros2_ws/install/my_robot_interfaces/include/my_robot_interfaces/my_robot_interfaces
[0.350s] -- Up-to-date: /home/purushottam/ros2_ws/install/my_robot_interfaces/include/my_robot_interfaces/my_robot_interfaces/msg
[0.350s] -- Up-to-date: /home/purushottam/ros2_ws/install/my_robot_interfaces/include/my_robot_interfaces/my_robot_interfaces/msg/rosidl_generator_c__visibility_control.h
[0.350s] -- Up-to-date: /home/purushottam/ros2_ws/install/my_robot_interfaces/include/my_robot_interfaces/my_robot_interfaces/action
[0.350s] -- Up-to-date: /home/purushottam/ros2_ws/install/my_robot_interfaces/include/my_robot_interfaces/my_robot_interfaces/action/detail
[0.350s] -- Up-to-date: /home/purushottam/ros2_ws/install/my_robot_interfaces/include/my_robot_interfaces/my_robot_interfaces/action/detail/count_until__struct.h
[0.350s] -- Up-to-date: /home/purushottam/ros2_ws/install/my_robot_interfaces/include/my_robot_interfaces/my_robot_interfaces/action/detail/count_until__functions.c
[0.351s] -- Up-to-date: /home/purushottam/ros2_ws/install/my_robot_interfaces/include/my_robot_interfaces/my_robot_interfaces/action/detail/count_until__functions.h
[0.351s] -- Up-to-date: /home/purushottam/ros2_ws/install/my_robot_interfaces/include/my_robot_interfaces/my_robot_interfaces/action/detail/count_until__type_support.h
[0.351s] -- Up-to-date: /home/purushottam/ros2_ws/install/my_robot_interfaces/include/my_robot_interfaces/my_robot_interfaces/action/count_until.h
[0.351s] -- Up-to-date: /home/purushottam/ros2_ws/install/my_robot_interfaces/share/my_robot_interfaces/environment/library_path.sh
[0.351s] -- Up-to-date: /home/purushottam/ros2_ws/install/my_robot_interfaces/share/my_robot_interfaces/environment/library_path.dsv
[0.351s] -- Up-to-date: /home/purushottam/ros2_ws/install/my_robot_interfaces/lib/libmy_robot_interfaces__rosidl_generator_c.so
[0.351s] -- Up-to-date: /home/purushottam/ros2_ws/install/my_robot_interfaces/include/my_robot_interfaces/my_robot_interfaces
[0.352s] -- Up-to-date: /home/purushottam/ros2_ws/install/my_robot_interfaces/include/my_robot_interfaces/my_robot_interfaces/msg
[0.352s] -- Up-to-date: /home/purushottam/ros2_ws/install/my_robot_interfaces/include/my_robot_interfaces/my_robot_interfaces/msg/rosidl_typesupport_fastrtps_c__visibility_control.h
[0.352s] -- Up-to-date: /home/purushottam/ros2_ws/install/my_robot_interfaces/include/my_robot_interfaces/my_robot_interfaces/action
[0.352s] -- Up-to-date: /home/purushottam/ros2_ws/install/my_robot_interfaces/include/my_robot_interfaces/my_robot_interfaces/action/detail
[0.352s] -- Up-to-date: /home/purushottam/ros2_ws/install/my_robot_interfaces/include/my_robot_interfaces/my_robot_interfaces/action/detail/count_until__rosidl_typesupport_fastrtps_c.h
[0.352s] -- Up-to-date: /home/purushottam/ros2_ws/install/my_robot_interfaces/lib/libmy_robot_interfaces__rosidl_typesupport_fastrtps_c.so
[0.352s] -- Up-to-date: /home/purushottam/ros2_ws/install/my_robot_interfaces/include/my_robot_interfaces/my_robot_interfaces
[0.352s] -- Up-to-date: /home/purushottam/ros2_ws/install/my_robot_interfaces/include/my_robot_interfaces/my_robot_interfaces/msg
[0.352s] -- Up-to-date: /home/purushottam/ros2_ws/install/my_robot_interfaces/include/my_robot_interfaces/my_robot_interfaces/msg/rosidl_typesupport_introspection_c__visibility_control.h
[0.352s] -- Up-to-date: /home/purushottam/ros2_ws/install/my_robot_interfaces/include/my_robot_interfaces/my_robot_interfaces/action
[0.352s] -- Up-to-date: /home/purushottam/ros2_ws/install/my_robot_interfaces/include/my_robot_interfaces/my_robot_interfaces/action/detail
[0.352s] -- Up-to-date: /home/purushottam/ros2_ws/install/my_robot_interfaces/include/my_robot_interfaces/my_robot_interfaces/action/detail/count_until__rosidl_typesupport_introspection_c.h
[0.352s] -- Up-to-date: /home/purushottam/ros2_ws/install/my_robot_interfaces/include/my_robot_interfaces/my_robot_interfaces/action/detail/count_until__type_support.c
[0.352s] -- Up-to-date: /home/purushottam/ros2_ws/install/my_robot_interfaces/lib/libmy_robot_interfaces__rosidl_typesupport_introspection_c.so
[0.353s] -- Up-to-date: /home/purushottam/ros2_ws/install/my_robot_interfaces/lib/libmy_robot_interfaces__rosidl_typesupport_c.so
[0.353s] -- Up-to-date: /home/purushottam/ros2_ws/install/my_robot_interfaces/include/my_robot_interfaces/my_robot_interfaces
[0.353s] -- Up-to-date: /home/purushottam/ros2_ws/install/my_robot_interfaces/include/my_robot_interfaces/my_robot_interfaces/msg
[0.353s] -- Up-to-date: /home/purushottam/ros2_ws/install/my_robot_interfaces/include/my_robot_interfaces/my_robot_interfaces/msg/rosidl_generator_cpp__visibility_control.hpp
[0.353s] -- Up-to-date: /home/purushottam/ros2_ws/install/my_robot_interfaces/include/my_robot_interfaces/my_robot_interfaces/action
[0.353s] -- Up-to-date: /home/purushottam/ros2_ws/install/my_robot_interfaces/include/my_robot_interfaces/my_robot_interfaces/action/detail
[0.353s] -- Up-to-date: /home/purushottam/ros2_ws/install/my_robot_interfaces/include/my_robot_interfaces/my_robot_interfaces/action/detail/count_until__type_support.hpp
[0.353s] -- Up-to-date: /home/purushottam/ros2_ws/install/my_robot_interfaces/include/my_robot_interfaces/my_robot_interfaces/action/detail/count_until__struct.hpp
[0.353s] -- Up-to-date: /home/purushottam/ros2_ws/install/my_robot_interfaces/include/my_robot_interfaces/my_robot_interfaces/action/detail/count_until__builder.hpp
[0.353s] -- Up-to-date: /home/purushottam/ros2_ws/install/my_robot_interfaces/include/my_robot_interfaces/my_robot_interfaces/action/detail/count_until__traits.hpp
[0.354s] -- Up-to-date: /home/purushottam/ros2_ws/install/my_robot_interfaces/include/my_robot_interfaces/my_robot_interfaces/action/count_until.hpp
[0.354s] -- Up-to-date: /home/purushottam/ros2_ws/install/my_robot_interfaces/include/my_robot_interfaces/my_robot_interfaces
[0.354s] -- Up-to-date: /home/purushottam/ros2_ws/install/my_robot_interfaces/include/my_robot_interfaces/my_robot_interfaces/msg
[0.354s] -- Up-to-date: /home/purushottam/ros2_ws/install/my_robot_interfaces/include/my_robot_interfaces/my_robot_interfaces/msg/rosidl_typesupport_fastrtps_cpp__visibility_control.h
[0.354s] -- Up-to-date: /home/purushottam/ros2_ws/install/my_robot_interfaces/include/my_robot_interfaces/my_robot_interfaces/action
[0.354s] -- Up-to-date: /home/purushottam/ros2_ws/install/my_robot_interfaces/include/my_robot_interfaces/my_robot_interfaces/action/detail
[0.354s] -- Up-to-date: /home/purushottam/ros2_ws/install/my_robot_interfaces/include/my_robot_interfaces/my_robot_interfaces/action/detail/dds_fastrtps
[0.354s] -- Up-to-date: /home/purushottam/ros2_ws/install/my_robot_interfaces/include/my_robot_interfaces/my_robot_interfaces/action/detail/count_until__rosidl_typesupport_fastrtps_cpp.hpp
[0.354s] -- Up-to-date: /home/purushottam/ros2_ws/install/my_robot_interfaces/lib/libmy_robot_interfaces__rosidl_typesupport_fastrtps_cpp.so
[0.354s] -- Up-to-date: /home/purushottam/ros2_ws/install/my_robot_interfaces/include/my_robot_interfaces/my_robot_interfaces
[0.354s] -- Up-to-date: /home/purushottam/ros2_ws/install/my_robot_interfaces/include/my_robot_interfaces/my_robot_interfaces/action
[0.354s] -- Up-to-date: /home/purushottam/ros2_ws/install/my_robot_interfaces/include/my_robot_interfaces/my_robot_interfaces/action/detail
[0.354s] -- Up-to-date: /home/purushottam/ros2_ws/install/my_robot_interfaces/include/my_robot_interfaces/my_robot_interfaces/action/detail/count_until__rosidl_typesupport_introspection_cpp.hpp
[0.354s] -- Up-to-date: /home/purushottam/ros2_ws/install/my_robot_interfaces/include/my_robot_interfaces/my_robot_interfaces/action/detail/count_until__type_support.cpp
[0.354s] -- Up-to-date: /home/purushottam/ros2_ws/install/my_robot_interfaces/lib/libmy_robot_interfaces__rosidl_typesupport_introspection_cpp.so
[0.355s] -- Up-to-date: /home/purushottam/ros2_ws/install/my_robot_interfaces/lib/libmy_robot_interfaces__rosidl_typesupport_cpp.so
[0.355s] -- Up-to-date: /home/purushottam/ros2_ws/install/my_robot_interfaces/share/my_robot_interfaces/environment/pythonpath.sh
[0.355s] -- Up-to-date: /home/purushottam/ros2_ws/install/my_robot_interfaces/share/my_robot_interfaces/environment/pythonpath.dsv
[0.355s] -- Up-to-date: /home/purushottam/ros2_ws/install/my_robot_interfaces/local/lib/python3.10/dist-packages/my_robot_interfaces-0.0.0-py3.10.egg-info
[0.355s] -- Installing: /home/purushottam/ros2_ws/install/my_robot_interfaces/local/lib/python3.10/dist-packages/my_robot_interfaces-0.0.0-py3.10.egg-info/dependency_links.txt
[0.355s] -- Installing: /home/purushottam/ros2_ws/install/my_robot_interfaces/local/lib/python3.10/dist-packages/my_robot_interfaces-0.0.0-py3.10.egg-info/top_level.txt
[0.355s] -- Installing: /home/purushottam/ros2_ws/install/my_robot_interfaces/local/lib/python3.10/dist-packages/my_robot_interfaces-0.0.0-py3.10.egg-info/PKG-INFO
[0.355s] -- Installing: /home/purushottam/ros2_ws/install/my_robot_interfaces/local/lib/python3.10/dist-packages/my_robot_interfaces-0.0.0-py3.10.egg-info/SOURCES.txt
[0.355s] -- Up-to-date: /home/purushottam/ros2_ws/install/my_robot_interfaces/local/lib/python3.10/dist-packages/my_robot_interfaces
[0.355s] -- Up-to-date: /home/purushottam/ros2_ws/install/my_robot_interfaces/local/lib/python3.10/dist-packages/my_robot_interfaces/my_robot_interfaces_s__rosidl_typesupport_fastrtps_c.cpython-310-x86_64-linux-gnu.so
[0.355s] -- Up-to-date: /home/purushottam/ros2_ws/install/my_robot_interfaces/local/lib/python3.10/dist-packages/my_robot_interfaces/_my_robot_interfaces_s.ep.rosidl_typesupport_fastrtps_c.c
[0.355s] -- Up-to-date: /home/purushottam/ros2_ws/install/my_robot_interfaces/local/lib/python3.10/dist-packages/my_robot_interfaces/_my_robot_interfaces_s.ep.rosidl_typesupport_c.c
[0.355s] -- Up-to-date: /home/purushottam/ros2_ws/install/my_robot_interfaces/local/lib/python3.10/dist-packages/my_robot_interfaces/my_robot_interfaces_s__rosidl_typesupport_introspection_c.cpython-310-x86_64-linux-gnu.so
[0.355s] -- Up-to-date: /home/purushottam/ros2_ws/install/my_robot_interfaces/local/lib/python3.10/dist-packages/my_robot_interfaces/action
[0.355s] -- Up-to-date: /home/purushottam/ros2_ws/install/my_robot_interfaces/local/lib/python3.10/dist-packages/my_robot_interfaces/action/__init__.py
[0.356s] -- Up-to-date: /home/purushottam/ros2_ws/install/my_robot_interfaces/local/lib/python3.10/dist-packages/my_robot_interfaces/action/_count_until.py
[0.356s] -- Up-to-date: /home/purushottam/ros2_ws/install/my_robot_interfaces/local/lib/python3.10/dist-packages/my_robot_interfaces/action/_count_until_s.c
[0.356s] -- Up-to-date: /home/purushottam/ros2_ws/install/my_robot_interfaces/local/lib/python3.10/dist-packages/my_robot_interfaces/_my_robot_interfaces_s.ep.rosidl_typesupport_introspection_c.c
[0.356s] -- Up-to-date: /home/purushottam/ros2_ws/install/my_robot_interfaces/local/lib/python3.10/dist-packages/my_robot_interfaces/my_robot_interfaces_s__rosidl_typesupport_c.cpython-310-x86_64-linux-gnu.so
[0.356s] -- Up-to-date: /home/purushottam/ros2_ws/install/my_robot_interfaces/local/lib/python3.10/dist-packages/my_robot_interfaces/__init__.py
[0.356s] -- Up-to-date: /home/purushottam/ros2_ws/install/my_robot_interfaces/local/lib/python3.10/dist-packages/my_robot_interfaces/libmy_robot_interfaces__rosidl_generator_py.so
[0.380s] Listing '/home/purushottam/ros2_ws/install/my_robot_interfaces/local/lib/python3.10/dist-packages/my_robot_interfaces'...
[0.380s] Listing '/home/purushottam/ros2_ws/install/my_robot_interfaces/local/lib/python3.10/dist-packages/my_robot_interfaces/action'...
[0.384s] -- Up-to-date: /home/purushottam/ros2_ws/install/my_robot_interfaces/local/lib/python3.10/dist-packages/my_robot_interfaces/my_robot_interfaces_s__rosidl_typesupport_fastrtps_c.cpython-310-x86_64-linux-gnu.so
[0.384s] -- Up-to-date: /home/purushottam/ros2_ws/install/my_robot_interfaces/local/lib/python3.10/dist-packages/my_robot_interfaces/my_robot_interfaces_s__rosidl_typesupport_introspection_c.cpython-310-x86_64-linux-gnu.so
[0.385s] -- Up-to-date: /home/purushottam/ros2_ws/install/my_robot_interfaces/local/lib/python3.10/dist-packages/my_robot_interfaces/my_robot_interfaces_s__rosidl_typesupport_c.cpython-310-x86_64-linux-gnu.so
[0.385s] -- Up-to-date: /home/purushottam/ros2_ws/install/my_robot_interfaces/lib/libmy_robot_interfaces__rosidl_generator_py.so
[0.385s] -- Up-to-date: /home/purushottam/ros2_ws/install/my_robot_interfaces/share/my_robot_interfaces/action/CountUntil.idl
[0.385s] -- Up-to-date: /home/purushottam/ros2_ws/install/my_robot_interfaces/share/my_robot_interfaces/action/CountUntil.action
[0.385s] -- Up-to-date: /home/purushottam/ros2_ws/install/my_robot_interfaces/share/ament_index/resource_index/package_run_dependencies/my_robot_interfaces
[0.386s] -- Up-to-date: /home/purushottam/ros2_ws/install/my_robot_interfaces/share/ament_index/resource_index/parent_prefix_path/my_robot_interfaces
[0.386s] -- Up-to-date: /home/purushottam/ros2_ws/install/my_robot_interfaces/share/my_robot_interfaces/environment/ament_prefix_path.sh
[0.386s] -- Up-to-date: /home/purushottam/ros2_ws/install/my_robot_interfaces/share/my_robot_interfaces/environment/ament_prefix_path.dsv
[0.386s] -- Up-to-date: /home/purushottam/ros2_ws/install/my_robot_interfaces/share/my_robot_interfaces/environment/path.sh
[0.386s] -- Up-to-date: /home/purushottam/ros2_ws/install/my_robot_interfaces/share/my_robot_interfaces/environment/path.dsv
[0.386s] -- Up-to-date: /home/purushottam/ros2_ws/install/my_robot_interfaces/share/my_robot_interfaces/local_setup.bash
[0.386s] -- Up-to-date: /home/purushottam/ros2_ws/install/my_robot_interfaces/share/my_robot_interfaces/local_setup.sh
[0.386s] -- Up-to-date: /home/purushottam/ros2_ws/install/my_robot_interfaces/share/my_robot_interfaces/local_setup.zsh
[0.386s] -- Up-to-date: /home/purushottam/ros2_ws/install/my_robot_interfaces/share/my_robot_interfaces/local_setup.dsv
[0.386s] -- Installing: /home/purushottam/ros2_ws/install/my_robot_interfaces/share/my_robot_interfaces/package.dsv
[0.386s] -- Up-to-date: /home/purushottam/ros2_ws/install/my_robot_interfaces/share/ament_index/resource_index/packages/my_robot_interfaces
[0.387s] -- Up-to-date: /home/purushottam/ros2_ws/install/my_robot_interfaces/share/my_robot_interfaces/cmake/export_my_robot_interfaces__rosidl_generator_cExport.cmake
[0.387s] -- Up-to-date: /home/purushottam/ros2_ws/install/my_robot_interfaces/share/my_robot_interfaces/cmake/export_my_robot_interfaces__rosidl_generator_cExport-noconfig.cmake
[0.387s] -- Up-to-date: /home/purushottam/ros2_ws/install/my_robot_interfaces/share/my_robot_interfaces/cmake/export_my_robot_interfaces__rosidl_typesupport_fastrtps_cExport.cmake
[0.387s] -- Up-to-date: /home/purushottam/ros2_ws/install/my_robot_interfaces/share/my_robot_interfaces/cmake/export_my_robot_interfaces__rosidl_typesupport_fastrtps_cExport-noconfig.cmake
[0.388s] -- Up-to-date: /home/purushottam/ros2_ws/install/my_robot_interfaces/share/my_robot_interfaces/cmake/my_robot_interfaces__rosidl_typesupport_introspection_cExport.cmake
[0.388s] -- Up-to-date: /home/purushottam/ros2_ws/install/my_robot_interfaces/share/my_robot_interfaces/cmake/my_robot_interfaces__rosidl_typesupport_introspection_cExport-noconfig.cmake
[0.388s] -- Up-to-date: /home/purushottam/ros2_ws/install/my_robot_interfaces/share/my_robot_interfaces/cmake/my_robot_interfaces__rosidl_typesupport_cExport.cmake
[0.388s] -- Up-to-date: /home/purushottam/ros2_ws/install/my_robot_interfaces/share/my_robot_interfaces/cmake/my_robot_interfaces__rosidl_typesupport_cExport-noconfig.cmake
[0.388s] -- Up-to-date: /home/purushottam/ros2_ws/install/my_robot_interfaces/share/my_robot_interfaces/cmake/export_my_robot_interfaces__rosidl_generator_cppExport.cmake
[0.389s] -- Up-to-date: /home/purushottam/ros2_ws/install/my_robot_interfaces/share/my_robot_interfaces/cmake/export_my_robot_interfaces__rosidl_typesupport_fastrtps_cppExport.cmake
[0.389s] -- Up-to-date: /home/purushottam/ros2_ws/install/my_robot_interfaces/share/my_robot_interfaces/cmake/export_my_robot_interfaces__rosidl_typesupport_fastrtps_cppExport-noconfig.cmake
[0.389s] -- Up-to-date: /home/purushottam/ros2_ws/install/my_robot_interfaces/share/my_robot_interfaces/cmake/my_robot_interfaces__rosidl_typesupport_introspection_cppExport.cmake
[0.389s] -- Up-to-date: /home/purushottam/ros2_ws/install/my_robot_interfaces/share/my_robot_interfaces/cmake/my_robot_interfaces__rosidl_typesupport_introspection_cppExport-noconfig.cmake
[0.389s] -- Up-to-date: /home/purushottam/ros2_ws/install/my_robot_interfaces/share/my_robot_interfaces/cmake/my_robot_interfaces__rosidl_typesupport_cppExport.cmake
[0.389s] -- Up-to-date: /home/purushottam/ros2_ws/install/my_robot_interfaces/share/my_robot_interfaces/cmake/my_robot_interfaces__rosidl_typesupport_cppExport-noconfig.cmake
[0.390s] -- Up-to-date: /home/purushottam/ros2_ws/install/my_robot_interfaces/share/my_robot_interfaces/cmake/export_my_robot_interfaces__rosidl_generator_pyExport.cmake
[0.390s] -- Up-to-date: /home/purushottam/ros2_ws/install/my_robot_interfaces/share/my_robot_interfaces/cmake/export_my_robot_interfaces__rosidl_generator_pyExport-noconfig.cmake
[0.390s] -- Up-to-date: /home/purushottam/ros2_ws/install/my_robot_interfaces/share/my_robot_interfaces/cmake/rosidl_cmake-extras.cmake
[0.390s] -- Up-to-date: /home/purushottam/ros2_ws/install/my_robot_interfaces/share/my_robot_interfaces/cmake/ament_cmake_export_dependencies-extras.cmake
[0.390s] -- Up-to-date: /home/purushottam/ros2_ws/install/my_robot_interfaces/share/my_robot_interfaces/cmake/ament_cmake_export_include_directories-extras.cmake
[0.390s] -- Up-to-date: /home/purushottam/ros2_ws/install/my_robot_interfaces/share/my_robot_interfaces/cmake/ament_cmake_export_libraries-extras.cmake
[0.390s] -- Up-to-date: /home/purushottam/ros2_ws/install/my_robot_interfaces/share/my_robot_interfaces/cmake/ament_cmake_export_targets-extras.cmake
[0.390s] -- Up-to-date: /home/purushottam/ros2_ws/install/my_robot_interfaces/share/my_robot_interfaces/cmake/rosidl_cmake_export_typesupport_targets-extras.cmake
[0.390s] -- Up-to-date: /home/purushottam/ros2_ws/install/my_robot_interfaces/share/my_robot_interfaces/cmake/rosidl_cmake_export_typesupport_libraries-extras.cmake
[0.390s] -- Up-to-date: /home/purushottam/ros2_ws/install/my_robot_interfaces/share/my_robot_interfaces/cmake/my_robot_interfacesConfig.cmake
[0.390s] -- Up-to-date: /home/purushottam/ros2_ws/install/my_robot_interfaces/share/my_robot_interfaces/cmake/my_robot_interfacesConfig-version.cmake
[0.390s] -- Up-to-date: /home/purushottam/ros2_ws/install/my_robot_interfaces/share/my_robot_interfaces/package.xml
[0.392s] Invoked command in '/home/purushottam/ros2_ws/build/my_robot_interfaces' returned '0': CMAKE_PREFIX_PATH=${CMAKE_PREFIX_PATH}:/home/purushottam/ros2_ws/install/actions_py:/home/purushottam/ros2_ws/install/my_robot_controller:/opt/ros/humble /usr/bin/cmake --install /home/purushottam/ros2_ws/build/my_robot_interfaces
