[0.007s] Invoking command in '/home/purushottam/ros2_ws/build/my_robot_interfaces': CMAKE_PREFIX_PATH=/home/purushottam/ros2_ws/install/my_robot_controller:/opt/ros/humble /usr/bin/cmake /home/purushottam/ros2_ws/src/my_robot_interfaces -DCMAKE_INSTALL_PREFIX=/home/purushottam/ros2_ws/install/my_robot_interfaces
[0.074s] -- The C compiler identification is GNU 12.3.0
[0.128s] -- The CXX compiler identification is GNU 12.3.0
[0.136s] -- Detecting C compiler ABI info
[0.188s] -- Detecting C compiler ABI info - done
[0.194s] -- Check for working C compiler: /usr/bin/cc - skipped
[0.194s] -- Detecting C compile features
[0.195s] -- Detecting C compile features - done
[0.198s] -- Detecting CXX compiler ABI info
[0.255s] -- Detecting CXX compiler ABI info - done
[0.259s] -- Check for working CXX compiler: /usr/bin/c++ - skipped
[0.259s] -- Detecting CXX compile features
[0.260s] -- Detecting CXX compile features - done
[0.265s] -- Found ament_cmake: 1.3.12 (/opt/ros/humble/share/ament_cmake/cmake)
[0.370s] -- Found Python3: /usr/bin/python3 (found version "3.10.12") found components: Interpreter 
[0.442s] -- Found rosidl_default_generators: 1.2.0 (/opt/ros/humble/share/rosidl_default_generators/cmake)
[0.446s] -- Using all available rosidl_typesupport_c: rosidl_typesupport_fastrtps_c;rosidl_typesupport_introspection_c
[0.452s] -- Found rosidl_adapter: 3.1.7 (/opt/ros/humble/share/rosidl_adapter/cmake)
[0.490s] -- Using all available rosidl_typesupport_cpp: rosidl_typesupport_fastrtps_cpp;rosidl_typesupport_introspection_cpp
[0.718s] -- Found ament_cmake_ros: 0.10.0 (/opt/ros/humble/share/ament_cmake_ros/cmake)
[0.849s] -- Using all available rosidl_typesupport_c: rosidl_typesupport_fastrtps_c;rosidl_typesupport_introspection_c
[1.018s] -- Using all available rosidl_typesupport_cpp: rosidl_typesupport_fastrtps_cpp;rosidl_typesupport_introspection_cpp
[1.035s] -- Found PythonInterp: /usr/bin/python3 (found suitable version "3.10.12", minimum required is "3.6") 
[1.036s] -- Found python_cmake_module: 0.10.0 (/opt/ros/humble/share/python_cmake_module/cmake)
[1.055s] -- Found PythonLibs: /usr/lib/x86_64-linux-gnu/libpython3.10.so (found suitable version "3.10.12", minimum required is "3.5") 
[1.055s] -- Using PYTHON_EXECUTABLE: /usr/bin/python3
[1.055s] -- Using PYTHON_INCLUDE_DIRS: /usr/include/python3.10
[1.055s] -- Using PYTHON_LIBRARIES: /usr/lib/x86_64-linux-gnu/libpython3.10.so
[1.069s] -- Found PythonExtra: .so  
[1.100s] -- Configuring done
[1.118s] -- Generating done
[1.125s] -- Build files have been written to: /home/purushottam/ros2_ws/build/my_robot_interfaces
[1.130s] Invoked command in '/home/purushottam/ros2_ws/build/my_robot_interfaces' returned '0': CMAKE_PREFIX_PATH=/home/purushottam/ros2_ws/install/my_robot_controller:/opt/ros/humble /usr/bin/cmake /home/purushottam/ros2_ws/src/my_robot_interfaces -DCMAKE_INSTALL_PREFIX=/home/purushottam/ros2_ws/install/my_robot_interfaces
[1.131s] Invoking command in '/home/purushottam/ros2_ws/build/my_robot_interfaces': CMAKE_PREFIX_PATH=/home/purushottam/ros2_ws/install/my_robot_controller:/opt/ros/humble /usr/bin/cmake --build /home/purushottam/ros2_ws/build/my_robot_interfaces -- -j8 -l8
[1.160s] [  3%] [34m[1mGenerating C code for ROS interfaces[0m
[1.167s] [  6%] [34m[1mGenerating C++ code for ROS interfaces[0m
[1.173s] [  6%] Built target ament_cmake_python_copy_my_robot_interfaces
[1.332s] running egg_info
[1.332s] creating my_robot_interfaces.egg-info
[1.332s] writing my_robot_interfaces.egg-info/PKG-INFO
[1.333s] writing dependency_links to my_robot_interfaces.egg-info/dependency_links.txt
[1.333s] writing top-level names to my_robot_interfaces.egg-info/top_level.txt
[1.333s] writing manifest file 'my_robot_interfaces.egg-info/SOURCES.txt'
[1.335s] reading manifest file 'my_robot_interfaces.egg-info/SOURCES.txt'
[1.335s] writing manifest file 'my_robot_interfaces.egg-info/SOURCES.txt'
[1.356s] [  6%] Built target ament_cmake_python_build_my_robot_interfaces_egg
[1.474s] [  6%] Built target my_robot_interfaces__cpp
[1.476s] [  9%] [32mBuilding C object CMakeFiles/my_robot_interfaces__rosidl_generator_c.dir/rosidl_generator_c/my_robot_interfaces/action/detail/count_until__functions.c.o[0m
[1.482s] [ 19%] [34m[1mGenerating C++ type support dispatch for ROS interfaces[0m
[1.482s] [ 19%] [34m[1mGenerating C++ type support for eProsima Fast-RTPS[0m
[1.482s] [ 19%] [34m[1mGenerating C++ introspection for ROS interfaces[0m
[1.595s] [ 22%] [32m[1mLinking C shared library libmy_robot_interfaces__rosidl_generator_c.so[0m
[1.621s] [ 22%] Built target my_robot_interfaces__rosidl_generator_c
[1.630s] [ 25%] [34m[1mGenerating C type support for eProsima Fast-RTPS[0m
[1.631s] [ 32%] [34m[1mGenerating C introspection for ROS interfaces[0m
[1.631s] [ 32%] [34m[1mGenerating C type support dispatch for ROS interfaces[0m
[1.769s] [ 35%] [32mBuilding CXX object CMakeFiles/my_robot_interfaces__rosidl_typesupport_cpp.dir/rosidl_typesupport_cpp/my_robot_interfaces/action/count_until__type_support.cpp.o[0m
[1.824s] [ 38%] [32mBuilding CXX object CMakeFiles/my_robot_interfaces__rosidl_typesupport_introspection_cpp.dir/rosidl_typesupport_introspection_cpp/my_robot_interfaces/action/detail/count_until__type_support.cpp.o[0m
[1.880s] [ 41%] [32mBuilding CXX object CMakeFiles/my_robot_interfaces__rosidl_typesupport_fastrtps_cpp.dir/rosidl_typesupport_fastrtps_cpp/my_robot_interfaces/action/detail/dds_fastrtps/count_until__type_support.cpp.o[0m
[1.945s] [ 45%] [32mBuilding CXX object CMakeFiles/my_robot_interfaces__rosidl_typesupport_c.dir/rosidl_typesupport_c/my_robot_interfaces/action/count_until__type_support.cpp.o[0m
[1.986s] [ 48%] [32m[1mLinking CXX shared library libmy_robot_interfaces__rosidl_typesupport_c.so[0m
[1.999s] [ 51%] [32mBuilding C object CMakeFiles/my_robot_interfaces__rosidl_typesupport_introspection_c.dir/rosidl_typesupport_introspection_c/my_robot_interfaces/action/detail/count_until__type_support.c.o[0m
[2.018s] [ 51%] Built target my_robot_interfaces__rosidl_typesupport_c
[2.039s] [ 54%] [32m[1mLinking C shared library libmy_robot_interfaces__rosidl_typesupport_introspection_c.so[0m
[2.063s] [ 54%] Built target my_robot_interfaces__rosidl_typesupport_introspection_c
[2.125s] [ 58%] [32mBuilding CXX object CMakeFiles/my_robot_interfaces__rosidl_typesupport_fastrtps_c.dir/rosidl_typesupport_fastrtps_c/my_robot_interfaces/action/detail/count_until__type_support_c.cpp.o[0m
[2.303s] [ 61%] [32m[1mLinking CXX shared library libmy_robot_interfaces__rosidl_typesupport_cpp.so[0m
[2.335s] [ 61%] Built target my_robot_interfaces__rosidl_typesupport_cpp
[2.341s] [ 64%] [32m[1mLinking CXX shared library libmy_robot_interfaces__rosidl_typesupport_introspection_cpp.so[0m
[2.403s] [ 64%] Built target my_robot_interfaces__rosidl_typesupport_introspection_cpp
[2.436s] [ 67%] [32m[1mLinking CXX shared library libmy_robot_interfaces__rosidl_typesupport_fastrtps_c.so[0m
[2.447s] [ 70%] [32m[1mLinking CXX shared library libmy_robot_interfaces__rosidl_typesupport_fastrtps_cpp.so[0m
[2.512s] [ 70%] Built target my_robot_interfaces__rosidl_typesupport_fastrtps_c
[2.520s] [ 70%] Built target my_robot_interfaces__rosidl_typesupport_fastrtps_cpp
[2.536s] [ 70%] Built target my_robot_interfaces
[2.550s] [ 74%] [34m[1mGenerating Python code for ROS interfaces[0m
[3.034s] [ 74%] Built target my_robot_interfaces__py
[3.049s] [ 77%] [32mBuilding C object CMakeFiles/my_robot_interfaces__rosidl_generator_py.dir/rosidl_generator_py/my_robot_interfaces/action/_count_until_s.c.o[0m
[3.164s] [ 80%] [32m[1mLinking C shared library rosidl_generator_py/my_robot_interfaces/libmy_robot_interfaces__rosidl_generator_py.so[0m
[3.196s] [ 80%] Built target my_robot_interfaces__rosidl_generator_py
[3.212s] [ 90%] [32mBuilding C object CMakeFiles/my_robot_interfaces__rosidl_typesupport_c__pyext.dir/rosidl_generator_py/my_robot_interfaces/_my_robot_interfaces_s.ep.rosidl_typesupport_c.c.o[0m
[3.212s] [ 90%] [32mBuilding C object CMakeFiles/my_robot_interfaces__rosidl_typesupport_introspection_c__pyext.dir/rosidl_generator_py/my_robot_interfaces/_my_robot_interfaces_s.ep.rosidl_typesupport_introspection_c.c.o[0m
[3.212s] [ 90%] [32mBuilding C object CMakeFiles/my_robot_interfaces__rosidl_typesupport_fastrtps_c__pyext.dir/rosidl_generator_py/my_robot_interfaces/_my_robot_interfaces_s.ep.rosidl_typesupport_fastrtps_c.c.o[0m
[3.300s] [100%] [32m[1mLinking C shared library rosidl_generator_py/my_robot_interfaces/my_robot_interfaces_s__rosidl_typesupport_fastrtps_c.cpython-310-x86_64-linux-gnu.so[0m
[3.300s] [100%] [32m[1mLinking C shared library rosidl_generator_py/my_robot_interfaces/my_robot_interfaces_s__rosidl_typesupport_c.cpython-310-x86_64-linux-gnu.so[0m
[3.300s] [100%] [32m[1mLinking C shared library rosidl_generator_py/my_robot_interfaces/my_robot_interfaces_s__rosidl_typesupport_introspection_c.cpython-310-x86_64-linux-gnu.so[0m
[3.328s] [100%] Built target my_robot_interfaces__rosidl_typesupport_fastrtps_c__pyext
[3.328s] [100%] Built target my_robot_interfaces__rosidl_typesupport_introspection_c__pyext
[3.329s] [100%] Built target my_robot_interfaces__rosidl_typesupport_c__pyext
[3.337s] Invoked command in '/home/purushottam/ros2_ws/build/my_robot_interfaces' returned '0': CMAKE_PREFIX_PATH=/home/purushottam/ros2_ws/install/my_robot_controller:/opt/ros/humble /usr/bin/cmake --build /home/purushottam/ros2_ws/build/my_robot_interfaces -- -j8 -l8
[3.344s] Invoking command in '/home/purushottam/ros2_ws/build/my_robot_interfaces': CMAKE_PREFIX_PATH=/home/purushottam/ros2_ws/install/my_robot_controller:/opt/ros/humble /usr/bin/cmake --install /home/purushottam/ros2_ws/build/my_robot_interfaces
[3.350s] -- Install configuration: ""
[3.350s] -- Installing: /home/purushottam/ros2_ws/install/my_robot_interfaces/share/ament_index/resource_index/rosidl_interfaces/my_robot_interfaces
[3.350s] -- Installing: /home/purushottam/ros2_ws/install/my_robot_interfaces/include/my_robot_interfaces/my_robot_interfaces
[3.350s] -- Installing: /home/purushottam/ros2_ws/install/my_robot_interfaces/include/my_robot_interfaces/my_robot_interfaces/msg
[3.350s] -- Installing: /home/purushottam/ros2_ws/install/my_robot_interfaces/include/my_robot_interfaces/my_robot_interfaces/msg/rosidl_generator_c__visibility_control.h
[3.350s] -- Installing: /home/purushottam/ros2_ws/install/my_robot_interfaces/include/my_robot_interfaces/my_robot_interfaces/action
[3.350s] -- Installing: /home/purushottam/ros2_ws/install/my_robot_interfaces/include/my_robot_interfaces/my_robot_interfaces/action/detail
[3.350s] -- Installing: /home/purushottam/ros2_ws/install/my_robot_interfaces/include/my_robot_interfaces/my_robot_interfaces/action/detail/count_until__struct.h
[3.350s] -- Installing: /home/purushottam/ros2_ws/install/my_robot_interfaces/include/my_robot_interfaces/my_robot_interfaces/action/detail/count_until__functions.c
[3.350s] -- Installing: /home/purushottam/ros2_ws/install/my_robot_interfaces/include/my_robot_interfaces/my_robot_interfaces/action/detail/count_until__functions.h
[3.350s] -- Installing: /home/purushottam/ros2_ws/install/my_robot_interfaces/include/my_robot_interfaces/my_robot_interfaces/action/detail/count_until__type_support.h
[3.350s] -- Installing: /home/purushottam/ros2_ws/install/my_robot_interfaces/include/my_robot_interfaces/my_robot_interfaces/action/count_until.h
[3.350s] -- Installing: /home/purushottam/ros2_ws/install/my_robot_interfaces/share/my_robot_interfaces/environment/library_path.sh
[3.351s] -- Installing: /home/purushottam/ros2_ws/install/my_robot_interfaces/share/my_robot_interfaces/environment/library_path.dsv
[3.351s] -- Installing: /home/purushottam/ros2_ws/install/my_robot_interfaces/lib/libmy_robot_interfaces__rosidl_generator_c.so
[3.351s] -- Set runtime path of "/home/purushottam/ros2_ws/install/my_robot_interfaces/lib/libmy_robot_interfaces__rosidl_generator_c.so" to ""
[3.351s] -- Up-to-date: /home/purushottam/ros2_ws/install/my_robot_interfaces/include/my_robot_interfaces/my_robot_interfaces
[3.351s] -- Up-to-date: /home/purushottam/ros2_ws/install/my_robot_interfaces/include/my_robot_interfaces/my_robot_interfaces/msg
[3.351s] -- Installing: /home/purushottam/ros2_ws/install/my_robot_interfaces/include/my_robot_interfaces/my_robot_interfaces/msg/rosidl_typesupport_fastrtps_c__visibility_control.h
[3.351s] -- Up-to-date: /home/purushottam/ros2_ws/install/my_robot_interfaces/include/my_robot_interfaces/my_robot_interfaces/action
[3.351s] -- Up-to-date: /home/purushottam/ros2_ws/install/my_robot_interfaces/include/my_robot_interfaces/my_robot_interfaces/action/detail
[3.351s] -- Installing: /home/purushottam/ros2_ws/install/my_robot_interfaces/include/my_robot_interfaces/my_robot_interfaces/action/detail/count_until__rosidl_typesupport_fastrtps_c.h
[3.351s] -- Installing: /home/purushottam/ros2_ws/install/my_robot_interfaces/lib/libmy_robot_interfaces__rosidl_typesupport_fastrtps_c.so
[3.351s] -- Set runtime path of "/home/purushottam/ros2_ws/install/my_robot_interfaces/lib/libmy_robot_interfaces__rosidl_typesupport_fastrtps_c.so" to ""
[3.351s] -- Up-to-date: /home/purushottam/ros2_ws/install/my_robot_interfaces/include/my_robot_interfaces/my_robot_interfaces
[3.351s] -- Up-to-date: /home/purushottam/ros2_ws/install/my_robot_interfaces/include/my_robot_interfaces/my_robot_interfaces/msg
[3.351s] -- Installing: /home/purushottam/ros2_ws/install/my_robot_interfaces/include/my_robot_interfaces/my_robot_interfaces/msg/rosidl_typesupport_introspection_c__visibility_control.h
[3.351s] -- Up-to-date: /home/purushottam/ros2_ws/install/my_robot_interfaces/include/my_robot_interfaces/my_robot_interfaces/action
[3.351s] -- Up-to-date: /home/purushottam/ros2_ws/install/my_robot_interfaces/include/my_robot_interfaces/my_robot_interfaces/action/detail
[3.351s] -- Installing: /home/purushottam/ros2_ws/install/my_robot_interfaces/include/my_robot_interfaces/my_robot_interfaces/action/detail/count_until__rosidl_typesupport_introspection_c.h
[3.352s] -- Installing: /home/purushottam/ros2_ws/install/my_robot_interfaces/include/my_robot_interfaces/my_robot_interfaces/action/detail/count_until__type_support.c
[3.352s] -- Installing: /home/purushottam/ros2_ws/install/my_robot_interfaces/lib/libmy_robot_interfaces__rosidl_typesupport_introspection_c.so
[3.352s] -- Set runtime path of "/home/purushottam/ros2_ws/install/my_robot_interfaces/lib/libmy_robot_interfaces__rosidl_typesupport_introspection_c.so" to ""
[3.352s] -- Installing: /home/purushottam/ros2_ws/install/my_robot_interfaces/lib/libmy_robot_interfaces__rosidl_typesupport_c.so
[3.352s] -- Set runtime path of "/home/purushottam/ros2_ws/install/my_robot_interfaces/lib/libmy_robot_interfaces__rosidl_typesupport_c.so" to ""
[3.352s] -- Up-to-date: /home/purushottam/ros2_ws/install/my_robot_interfaces/include/my_robot_interfaces/my_robot_interfaces
[3.352s] -- Up-to-date: /home/purushottam/ros2_ws/install/my_robot_interfaces/include/my_robot_interfaces/my_robot_interfaces/msg
[3.352s] -- Installing: /home/purushottam/ros2_ws/install/my_robot_interfaces/include/my_robot_interfaces/my_robot_interfaces/msg/rosidl_generator_cpp__visibility_control.hpp
[3.352s] -- Up-to-date: /home/purushottam/ros2_ws/install/my_robot_interfaces/include/my_robot_interfaces/my_robot_interfaces/action
[3.352s] -- Up-to-date: /home/purushottam/ros2_ws/install/my_robot_interfaces/include/my_robot_interfaces/my_robot_interfaces/action/detail
[3.352s] -- Installing: /home/purushottam/ros2_ws/install/my_robot_interfaces/include/my_robot_interfaces/my_robot_interfaces/action/detail/count_until__type_support.hpp
[3.353s] -- Installing: /home/purushottam/ros2_ws/install/my_robot_interfaces/include/my_robot_interfaces/my_robot_interfaces/action/detail/count_until__struct.hpp
[3.353s] -- Installing: /home/purushottam/ros2_ws/install/my_robot_interfaces/include/my_robot_interfaces/my_robot_interfaces/action/detail/count_until__builder.hpp
[3.353s] -- Installing: /home/purushottam/ros2_ws/install/my_robot_interfaces/include/my_robot_interfaces/my_robot_interfaces/action/detail/count_until__traits.hpp
[3.353s] -- Installing: /home/purushottam/ros2_ws/install/my_robot_interfaces/include/my_robot_interfaces/my_robot_interfaces/action/count_until.hpp
[3.353s] -- Up-to-date: /home/purushottam/ros2_ws/install/my_robot_interfaces/include/my_robot_interfaces/my_robot_interfaces
[3.353s] -- Up-to-date: /home/purushottam/ros2_ws/install/my_robot_interfaces/include/my_robot_interfaces/my_robot_interfaces/msg
[3.353s] -- Installing: /home/purushottam/ros2_ws/install/my_robot_interfaces/include/my_robot_interfaces/my_robot_interfaces/msg/rosidl_typesupport_fastrtps_cpp__visibility_control.h
[3.353s] -- Up-to-date: /home/purushottam/ros2_ws/install/my_robot_interfaces/include/my_robot_interfaces/my_robot_interfaces/action
[3.353s] -- Up-to-date: /home/purushottam/ros2_ws/install/my_robot_interfaces/include/my_robot_interfaces/my_robot_interfaces/action/detail
[3.353s] -- Installing: /home/purushottam/ros2_ws/install/my_robot_interfaces/include/my_robot_interfaces/my_robot_interfaces/action/detail/dds_fastrtps
[3.353s] -- Installing: /home/purushottam/ros2_ws/install/my_robot_interfaces/include/my_robot_interfaces/my_robot_interfaces/action/detail/count_until__rosidl_typesupport_fastrtps_cpp.hpp
[3.353s] -- Installing: /home/purushottam/ros2_ws/install/my_robot_interfaces/lib/libmy_robot_interfaces__rosidl_typesupport_fastrtps_cpp.so
[3.353s] -- Set runtime path of "/home/purushottam/ros2_ws/install/my_robot_interfaces/lib/libmy_robot_interfaces__rosidl_typesupport_fastrtps_cpp.so" to ""
[3.353s] -- Up-to-date: /home/purushottam/ros2_ws/install/my_robot_interfaces/include/my_robot_interfaces/my_robot_interfaces
[3.353s] -- Up-to-date: /home/purushottam/ros2_ws/install/my_robot_interfaces/include/my_robot_interfaces/my_robot_interfaces/action
[3.353s] -- Up-to-date: /home/purushottam/ros2_ws/install/my_robot_interfaces/include/my_robot_interfaces/my_robot_interfaces/action/detail
[3.353s] -- Installing: /home/purushottam/ros2_ws/install/my_robot_interfaces/include/my_robot_interfaces/my_robot_interfaces/action/detail/count_until__rosidl_typesupport_introspection_cpp.hpp
[3.353s] -- Installing: /home/purushottam/ros2_ws/install/my_robot_interfaces/include/my_robot_interfaces/my_robot_interfaces/action/detail/count_until__type_support.cpp
[3.353s] -- Installing: /home/purushottam/ros2_ws/install/my_robot_interfaces/lib/libmy_robot_interfaces__rosidl_typesupport_introspection_cpp.so
[3.354s] -- Set runtime path of "/home/purushottam/ros2_ws/install/my_robot_interfaces/lib/libmy_robot_interfaces__rosidl_typesupport_introspection_cpp.so" to ""
[3.354s] -- Installing: /home/purushottam/ros2_ws/install/my_robot_interfaces/lib/libmy_robot_interfaces__rosidl_typesupport_cpp.so
[3.354s] -- Set runtime path of "/home/purushottam/ros2_ws/install/my_robot_interfaces/lib/libmy_robot_interfaces__rosidl_typesupport_cpp.so" to ""
[3.354s] -- Installing: /home/purushottam/ros2_ws/install/my_robot_interfaces/share/my_robot_interfaces/environment/pythonpath.sh
[3.354s] -- Installing: /home/purushottam/ros2_ws/install/my_robot_interfaces/share/my_robot_interfaces/environment/pythonpath.dsv
[3.354s] -- Installing: /home/purushottam/ros2_ws/install/my_robot_interfaces/local/lib/python3.10/dist-packages/my_robot_interfaces-0.0.0-py3.10.egg-info
[3.354s] -- Installing: /home/purushottam/ros2_ws/install/my_robot_interfaces/local/lib/python3.10/dist-packages/my_robot_interfaces-0.0.0-py3.10.egg-info/dependency_links.txt
[3.354s] -- Installing: /home/purushottam/ros2_ws/install/my_robot_interfaces/local/lib/python3.10/dist-packages/my_robot_interfaces-0.0.0-py3.10.egg-info/top_level.txt
[3.354s] -- Installing: /home/purushottam/ros2_ws/install/my_robot_interfaces/local/lib/python3.10/dist-packages/my_robot_interfaces-0.0.0-py3.10.egg-info/PKG-INFO
[3.354s] -- Installing: /home/purushottam/ros2_ws/install/my_robot_interfaces/local/lib/python3.10/dist-packages/my_robot_interfaces-0.0.0-py3.10.egg-info/SOURCES.txt
[3.354s] -- Installing: /home/purushottam/ros2_ws/install/my_robot_interfaces/local/lib/python3.10/dist-packages/my_robot_interfaces
[3.354s] -- Installing: /home/purushottam/ros2_ws/install/my_robot_interfaces/local/lib/python3.10/dist-packages/my_robot_interfaces/my_robot_interfaces_s__rosidl_typesupport_fastrtps_c.cpython-310-x86_64-linux-gnu.so
[3.354s] -- Installing: /home/purushottam/ros2_ws/install/my_robot_interfaces/local/lib/python3.10/dist-packages/my_robot_interfaces/_my_robot_interfaces_s.ep.rosidl_typesupport_fastrtps_c.c
[3.355s] -- Installing: /home/purushottam/ros2_ws/install/my_robot_interfaces/local/lib/python3.10/dist-packages/my_robot_interfaces/_my_robot_interfaces_s.ep.rosidl_typesupport_c.c
[3.355s] -- Installing: /home/purushottam/ros2_ws/install/my_robot_interfaces/local/lib/python3.10/dist-packages/my_robot_interfaces/my_robot_interfaces_s__rosidl_typesupport_introspection_c.cpython-310-x86_64-linux-gnu.so
[3.355s] -- Installing: /home/purushottam/ros2_ws/install/my_robot_interfaces/local/lib/python3.10/dist-packages/my_robot_interfaces/action
[3.355s] -- Installing: /home/purushottam/ros2_ws/install/my_robot_interfaces/local/lib/python3.10/dist-packages/my_robot_interfaces/action/__init__.py
[3.355s] -- Installing: /home/purushottam/ros2_ws/install/my_robot_interfaces/local/lib/python3.10/dist-packages/my_robot_interfaces/action/_count_until.py
[3.355s] -- Installing: /home/purushottam/ros2_ws/install/my_robot_interfaces/local/lib/python3.10/dist-packages/my_robot_interfaces/action/_count_until_s.c
[3.355s] -- Installing: /home/purushottam/ros2_ws/install/my_robot_interfaces/local/lib/python3.10/dist-packages/my_robot_interfaces/_my_robot_interfaces_s.ep.rosidl_typesupport_introspection_c.c
[3.355s] -- Installing: /home/purushottam/ros2_ws/install/my_robot_interfaces/local/lib/python3.10/dist-packages/my_robot_interfaces/my_robot_interfaces_s__rosidl_typesupport_c.cpython-310-x86_64-linux-gnu.so
[3.355s] -- Installing: /home/purushottam/ros2_ws/install/my_robot_interfaces/local/lib/python3.10/dist-packages/my_robot_interfaces/__init__.py
[3.355s] -- Installing: /home/purushottam/ros2_ws/install/my_robot_interfaces/local/lib/python3.10/dist-packages/my_robot_interfaces/libmy_robot_interfaces__rosidl_generator_py.so
[3.382s] Listing '/home/purushottam/ros2_ws/install/my_robot_interfaces/local/lib/python3.10/dist-packages/my_robot_interfaces'...
[3.382s] Compiling '/home/purushottam/ros2_ws/install/my_robot_interfaces/local/lib/python3.10/dist-packages/my_robot_interfaces/__init__.py'...
[3.382s] Listing '/home/purushottam/ros2_ws/install/my_robot_interfaces/local/lib/python3.10/dist-packages/my_robot_interfaces/action'...
[3.382s] Compiling '/home/purushottam/ros2_ws/install/my_robot_interfaces/local/lib/python3.10/dist-packages/my_robot_interfaces/action/__init__.py'...
[3.382s] Compiling '/home/purushottam/ros2_ws/install/my_robot_interfaces/local/lib/python3.10/dist-packages/my_robot_interfaces/action/_count_until.py'...
[3.386s] -- Installing: /home/purushottam/ros2_ws/install/my_robot_interfaces/local/lib/python3.10/dist-packages/my_robot_interfaces/my_robot_interfaces_s__rosidl_typesupport_fastrtps_c.cpython-310-x86_64-linux-gnu.so
[3.386s] -- Set runtime path of "/home/purushottam/ros2_ws/install/my_robot_interfaces/local/lib/python3.10/dist-packages/my_robot_interfaces/my_robot_interfaces_s__rosidl_typesupport_fastrtps_c.cpython-310-x86_64-linux-gnu.so" to ""
[3.386s] -- Installing: /home/purushottam/ros2_ws/install/my_robot_interfaces/local/lib/python3.10/dist-packages/my_robot_interfaces/my_robot_interfaces_s__rosidl_typesupport_introspection_c.cpython-310-x86_64-linux-gnu.so
[3.386s] -- Set runtime path of "/home/purushottam/ros2_ws/install/my_robot_interfaces/local/lib/python3.10/dist-packages/my_robot_interfaces/my_robot_interfaces_s__rosidl_typesupport_introspection_c.cpython-310-x86_64-linux-gnu.so" to ""
[3.386s] -- Installing: /home/purushottam/ros2_ws/install/my_robot_interfaces/local/lib/python3.10/dist-packages/my_robot_interfaces/my_robot_interfaces_s__rosidl_typesupport_c.cpython-310-x86_64-linux-gnu.so
[3.386s] -- Set runtime path of "/home/purushottam/ros2_ws/install/my_robot_interfaces/local/lib/python3.10/dist-packages/my_robot_interfaces/my_robot_interfaces_s__rosidl_typesupport_c.cpython-310-x86_64-linux-gnu.so" to ""
[3.386s] -- Installing: /home/purushottam/ros2_ws/install/my_robot_interfaces/lib/libmy_robot_interfaces__rosidl_generator_py.so
[3.387s] -- Set runtime path of "/home/purushottam/ros2_ws/install/my_robot_interfaces/lib/libmy_robot_interfaces__rosidl_generator_py.so" to ""
[3.387s] -- Installing: /home/purushottam/ros2_ws/install/my_robot_interfaces/share/my_robot_interfaces/action/CountUntil.idl
[3.387s] -- Installing: /home/purushottam/ros2_ws/install/my_robot_interfaces/share/my_robot_interfaces/action/CountUntil.action
[3.387s] -- Installing: /home/purushottam/ros2_ws/install/my_robot_interfaces/share/ament_index/resource_index/package_run_dependencies/my_robot_interfaces
[3.387s] -- Installing: /home/purushottam/ros2_ws/install/my_robot_interfaces/share/ament_index/resource_index/parent_prefix_path/my_robot_interfaces
[3.387s] -- Installing: /home/purushottam/ros2_ws/install/my_robot_interfaces/share/my_robot_interfaces/environment/ament_prefix_path.sh
[3.387s] -- Installing: /home/purushottam/ros2_ws/install/my_robot_interfaces/share/my_robot_interfaces/environment/ament_prefix_path.dsv
[3.387s] -- Installing: /home/purushottam/ros2_ws/install/my_robot_interfaces/share/my_robot_interfaces/environment/path.sh
[3.387s] -- Installing: /home/purushottam/ros2_ws/install/my_robot_interfaces/share/my_robot_interfaces/environment/path.dsv
[3.387s] -- Installing: /home/purushottam/ros2_ws/install/my_robot_interfaces/share/my_robot_interfaces/local_setup.bash
[3.387s] -- Installing: /home/purushottam/ros2_ws/install/my_robot_interfaces/share/my_robot_interfaces/local_setup.sh
[3.387s] -- Installing: /home/purushottam/ros2_ws/install/my_robot_interfaces/share/my_robot_interfaces/local_setup.zsh
[3.387s] -- Installing: /home/purushottam/ros2_ws/install/my_robot_interfaces/share/my_robot_interfaces/local_setup.dsv
[3.387s] -- Installing: /home/purushottam/ros2_ws/install/my_robot_interfaces/share/my_robot_interfaces/package.dsv
[3.388s] -- Installing: /home/purushottam/ros2_ws/install/my_robot_interfaces/share/ament_index/resource_index/packages/my_robot_interfaces
[3.388s] -- Installing: /home/purushottam/ros2_ws/install/my_robot_interfaces/share/my_robot_interfaces/cmake/export_my_robot_interfaces__rosidl_generator_cExport.cmake
[3.388s] -- Installing: /home/purushottam/ros2_ws/install/my_robot_interfaces/share/my_robot_interfaces/cmake/export_my_robot_interfaces__rosidl_generator_cExport-noconfig.cmake
[3.388s] -- Installing: /home/purushottam/ros2_ws/install/my_robot_interfaces/share/my_robot_interfaces/cmake/export_my_robot_interfaces__rosidl_typesupport_fastrtps_cExport.cmake
[3.388s] -- Installing: /home/purushottam/ros2_ws/install/my_robot_interfaces/share/my_robot_interfaces/cmake/export_my_robot_interfaces__rosidl_typesupport_fastrtps_cExport-noconfig.cmake
[3.388s] -- Installing: /home/purushottam/ros2_ws/install/my_robot_interfaces/share/my_robot_interfaces/cmake/my_robot_interfaces__rosidl_typesupport_introspection_cExport.cmake
[3.388s] -- Installing: /home/purushottam/ros2_ws/install/my_robot_interfaces/share/my_robot_interfaces/cmake/my_robot_interfaces__rosidl_typesupport_introspection_cExport-noconfig.cmake
[3.388s] -- Installing: /home/purushottam/ros2_ws/install/my_robot_interfaces/share/my_robot_interfaces/cmake/my_robot_interfaces__rosidl_typesupport_cExport.cmake
[3.388s] -- Installing: /home/purushottam/ros2_ws/install/my_robot_interfaces/share/my_robot_interfaces/cmake/my_robot_interfaces__rosidl_typesupport_cExport-noconfig.cmake
[3.388s] -- Installing: /home/purushottam/ros2_ws/install/my_robot_interfaces/share/my_robot_interfaces/cmake/export_my_robot_interfaces__rosidl_generator_cppExport.cmake
[3.388s] -- Installing: /home/purushottam/ros2_ws/install/my_robot_interfaces/share/my_robot_interfaces/cmake/export_my_robot_interfaces__rosidl_typesupport_fastrtps_cppExport.cmake
[3.388s] -- Installing: /home/purushottam/ros2_ws/install/my_robot_interfaces/share/my_robot_interfaces/cmake/export_my_robot_interfaces__rosidl_typesupport_fastrtps_cppExport-noconfig.cmake
[3.389s] -- Installing: /home/purushottam/ros2_ws/install/my_robot_interfaces/share/my_robot_interfaces/cmake/my_robot_interfaces__rosidl_typesupport_introspection_cppExport.cmake
[3.389s] -- Installing: /home/purushottam/ros2_ws/install/my_robot_interfaces/share/my_robot_interfaces/cmake/my_robot_interfaces__rosidl_typesupport_introspection_cppExport-noconfig.cmake
[3.389s] -- Installing: /home/purushottam/ros2_ws/install/my_robot_interfaces/share/my_robot_interfaces/cmake/my_robot_interfaces__rosidl_typesupport_cppExport.cmake
[3.389s] -- Installing: /home/purushottam/ros2_ws/install/my_robot_interfaces/share/my_robot_interfaces/cmake/my_robot_interfaces__rosidl_typesupport_cppExport-noconfig.cmake
[3.389s] -- Installing: /home/purushottam/ros2_ws/install/my_robot_interfaces/share/my_robot_interfaces/cmake/export_my_robot_interfaces__rosidl_generator_pyExport.cmake
[3.389s] -- Installing: /home/purushottam/ros2_ws/install/my_robot_interfaces/share/my_robot_interfaces/cmake/export_my_robot_interfaces__rosidl_generator_pyExport-noconfig.cmake
[3.389s] -- Installing: /home/purushottam/ros2_ws/install/my_robot_interfaces/share/my_robot_interfaces/cmake/rosidl_cmake-extras.cmake
[3.389s] -- Installing: /home/purushottam/ros2_ws/install/my_robot_interfaces/share/my_robot_interfaces/cmake/ament_cmake_export_dependencies-extras.cmake
[3.389s] -- Installing: /home/purushottam/ros2_ws/install/my_robot_interfaces/share/my_robot_interfaces/cmake/ament_cmake_export_include_directories-extras.cmake
[3.389s] -- Installing: /home/purushottam/ros2_ws/install/my_robot_interfaces/share/my_robot_interfaces/cmake/ament_cmake_export_libraries-extras.cmake
[3.389s] -- Installing: /home/purushottam/ros2_ws/install/my_robot_interfaces/share/my_robot_interfaces/cmake/ament_cmake_export_targets-extras.cmake
[3.389s] -- Installing: /home/purushottam/ros2_ws/install/my_robot_interfaces/share/my_robot_interfaces/cmake/rosidl_cmake_export_typesupport_targets-extras.cmake
[3.389s] -- Installing: /home/purushottam/ros2_ws/install/my_robot_interfaces/share/my_robot_interfaces/cmake/rosidl_cmake_export_typesupport_libraries-extras.cmake
[3.389s] -- Installing: /home/purushottam/ros2_ws/install/my_robot_interfaces/share/my_robot_interfaces/cmake/my_robot_interfacesConfig.cmake
[3.390s] -- Installing: /home/purushottam/ros2_ws/install/my_robot_interfaces/share/my_robot_interfaces/cmake/my_robot_interfacesConfig-version.cmake
[3.390s] -- Installing: /home/purushottam/ros2_ws/install/my_robot_interfaces/share/my_robot_interfaces/package.xml
[3.391s] Invoked command in '/home/purushottam/ros2_ws/build/my_robot_interfaces' returned '0': CMAKE_PREFIX_PATH=/home/purushottam/ros2_ws/install/my_robot_controller:/opt/ros/humble /usr/bin/cmake --install /home/purushottam/ros2_ws/build/my_robot_interfaces
