[0.222s] Invoking command in '/home/purushottam/ros2_ws/build/my_robot_ros2_control': CMAKE_PREFIX_PATH=${CMAKE_PREFIX_PATH}:/home/purushottam/ros2_ws/install/actions_py:/home/purushottam/ros2_ws/install/my_robot_controller:/opt/ros/humble /usr/bin/cmake /home/purushottam/ros2_ws/src/my_robot_ros2_control -DCMAKE_INSTALL_PREFIX=/home/purushottam/ros2_ws/install/my_robot_ros2_control
[0.268s] -- The C compiler identification is GNU 12.3.0
[0.314s] -- The CXX compiler identification is GNU 12.3.0
[0.319s] -- Detecting C compiler ABI info
[0.371s] -- Detecting C compiler ABI info - done
[0.380s] -- Check for working C compiler: /usr/bin/cc - skipped
[0.380s] -- Detecting C compile features
[0.381s] -- Detecting C compile features - done
[0.384s] -- Detecting CXX compiler ABI info
[0.445s] -- Detecting CXX compiler ABI info - done
[0.455s] -- Check for working CXX compiler: /usr/bin/c++ - skipped
[0.455s] -- Detecting CXX compile features
[0.455s] -- Detecting CXX compile features - done
[0.458s] -- Found ament_cmake: 1.3.12 (/opt/ros/humble/share/ament_cmake/cmake)
[0.576s] -- Found Python3: /usr/bin/python3 (found version "3.10.12") found components: Interpreter 
[0.686s] -- Configuring done
[0.687s] -- Generating done
[0.688s] -- Build files have been written to: /home/purushottam/ros2_ws/build/my_robot_ros2_control
[0.692s] Invoked command in '/home/purushottam/ros2_ws/build/my_robot_ros2_control' returned '0': CMAKE_PREFIX_PATH=${CMAKE_PREFIX_PATH}:/home/purushottam/ros2_ws/install/actions_py:/home/purushottam/ros2_ws/install/my_robot_controller:/opt/ros/humble /usr/bin/cmake /home/purushottam/ros2_ws/src/my_robot_ros2_control -DCMAKE_INSTALL_PREFIX=/home/purushottam/ros2_ws/install/my_robot_ros2_control
[0.692s] Invoking command in '/home/purushottam/ros2_ws/build/my_robot_ros2_control': CMAKE_PREFIX_PATH=${CMAKE_PREFIX_PATH}:/home/purushottam/ros2_ws/install/actions_py:/home/purushottam/ros2_ws/install/my_robot_controller:/opt/ros/humble /usr/bin/cmake --build /home/purushottam/ros2_ws/build/my_robot_ros2_control -- -j8 -l8
[0.722s] Invoked command in '/home/purushottam/ros2_ws/build/my_robot_ros2_control' returned '0': CMAKE_PREFIX_PATH=${CMAKE_PREFIX_PATH}:/home/purushottam/ros2_ws/install/actions_py:/home/purushottam/ros2_ws/install/my_robot_controller:/opt/ros/humble /usr/bin/cmake --build /home/purushottam/ros2_ws/build/my_robot_ros2_control -- -j8 -l8
[0.723s] Invoking command in '/home/purushottam/ros2_ws/build/my_robot_ros2_control': CMAKE_PREFIX_PATH=${CMAKE_PREFIX_PATH}:/home/purushottam/ros2_ws/install/actions_py:/home/purushottam/ros2_ws/install/my_robot_controller:/opt/ros/humble /usr/bin/cmake --install /home/purushottam/ros2_ws/build/my_robot_ros2_control
[0.729s] -- Install configuration: ""
[0.729s] -- Installing: /home/purushottam/ros2_ws/install/my_robot_ros2_control/share/my_robot_ros2_control//urdf
[0.729s] -- Installing: /home/purushottam/ros2_ws/install/my_robot_ros2_control/share/my_robot_ros2_control//urdf/my_robot.urdf.xacro
[0.730s] -- Installing: /home/purushottam/ros2_ws/install/my_robot_ros2_control/share/my_robot_ros2_control//urdf/mobile_base.xacro
[0.730s] -- Installing: /home/purushottam/ros2_ws/install/my_robot_ros2_control/share/my_robot_ros2_control//urdf/common_properties.xacro
[0.730s] -- Installing: /home/purushottam/ros2_ws/install/my_robot_ros2_control/share/my_robot_ros2_control//launch
[0.730s] -- Installing: /home/purushottam/ros2_ws/install/my_robot_ros2_control/share/my_robot_ros2_control//launch/display.launch.xml
[0.730s] -- Installing: /home/purushottam/ros2_ws/install/my_robot_ros2_control/share/my_robot_ros2_control//launch/display.launch.py
[0.730s] -- Installing: /home/purushottam/ros2_ws/install/my_robot_ros2_control/share/my_robot_ros2_control//rviz
[0.730s] -- Installing: /home/purushottam/ros2_ws/install/my_robot_ros2_control/share/my_robot_ros2_control//rviz/urdf_config.rviz
[0.730s] -- Installing: /home/purushottam/ros2_ws/install/my_robot_ros2_control/share/ament_index/resource_index/package_run_dependencies/my_robot_ros2_control
[0.730s] -- Installing: /home/purushottam/ros2_ws/install/my_robot_ros2_control/share/ament_index/resource_index/parent_prefix_path/my_robot_ros2_control
[0.730s] -- Installing: /home/purushottam/ros2_ws/install/my_robot_ros2_control/share/my_robot_ros2_control/environment/ament_prefix_path.sh
[0.730s] -- Installing: /home/purushottam/ros2_ws/install/my_robot_ros2_control/share/my_robot_ros2_control/environment/ament_prefix_path.dsv
[0.730s] -- Installing: /home/purushottam/ros2_ws/install/my_robot_ros2_control/share/my_robot_ros2_control/environment/path.sh
[0.730s] -- Installing: /home/purushottam/ros2_ws/install/my_robot_ros2_control/share/my_robot_ros2_control/environment/path.dsv
[0.730s] -- Installing: /home/purushottam/ros2_ws/install/my_robot_ros2_control/share/my_robot_ros2_control/local_setup.bash
[0.730s] -- Installing: /home/purushottam/ros2_ws/install/my_robot_ros2_control/share/my_robot_ros2_control/local_setup.sh
[0.731s] -- Installing: /home/purushottam/ros2_ws/install/my_robot_ros2_control/share/my_robot_ros2_control/local_setup.zsh
[0.731s] -- Installing: /home/purushottam/ros2_ws/install/my_robot_ros2_control/share/my_robot_ros2_control/local_setup.dsv
[0.731s] -- Installing: /home/purushottam/ros2_ws/install/my_robot_ros2_control/share/my_robot_ros2_control/package.dsv
[0.731s] -- Installing: /home/purushottam/ros2_ws/install/my_robot_ros2_control/share/ament_index/resource_index/packages/my_robot_ros2_control
[0.731s] -- Installing: /home/purushottam/ros2_ws/install/my_robot_ros2_control/share/my_robot_ros2_control/cmake/my_robot_ros2_controlConfig.cmake
[0.731s] -- Installing: /home/purushottam/ros2_ws/install/my_robot_ros2_control/share/my_robot_ros2_control/cmake/my_robot_ros2_controlConfig-version.cmake
[0.731s] -- Installing: /home/purushottam/ros2_ws/install/my_robot_ros2_control/share/my_robot_ros2_control/package.xml
[0.733s] Invoked command in '/home/purushottam/ros2_ws/build/my_robot_ros2_control' returned '0': CMAKE_PREFIX_PATH=${CMAKE_PREFIX_PATH}:/home/purushottam/ros2_ws/install/actions_py:/home/purushottam/ros2_ws/install/my_robot_controller:/opt/ros/humble /usr/bin/cmake --install /home/purushottam/ros2_ws/build/my_robot_ros2_control
