[0.543s] Invoking command in '/home/purushottam/ros2_ws/src/my_robot_controller': PYTHONPATH=/home/purushottam/ros2_ws/build/my_robot_controller/prefix_override:/usr/lib/python3/dist-packages/colcon_core/task/python/colcon_distutils_commands:/home/purushottam/ros2_ws/install/my_robot_controller/lib/python3.10/site-packages:${PYTHONPATH} /usr/bin/python3 -W ignore:setup.py install is deprecated -W ignore:easy_install command is deprecated setup.py egg_info --egg-base ../../build/my_robot_controller build --build-base /home/purushottam/ros2_ws/build/my_robot_controller/build install --record /home/purushottam/ros2_ws/build/my_robot_controller/install.log --single-version-externally-managed install_data
[0.709s] running egg_info
[0.709s] writing ../../build/my_robot_controller/my_robot_controller.egg-info/PKG-INFO
[0.710s] writing dependency_links to ../../build/my_robot_controller/my_robot_controller.egg-info/dependency_links.txt
[0.710s] writing entry points to ../../build/my_robot_controller/my_robot_controller.egg-info/entry_points.txt
[0.710s] writing requirements to ../../build/my_robot_controller/my_robot_controller.egg-info/requires.txt
[0.710s] writing top-level names to ../../build/my_robot_controller/my_robot_controller.egg-info/top_level.txt
[0.711s] reading manifest file '../../build/my_robot_controller/my_robot_controller.egg-info/SOURCES.txt'
[0.712s] writing manifest file '../../build/my_robot_controller/my_robot_controller.egg-info/SOURCES.txt'
[0.712s] running build
[0.712s] running build_py
[0.712s] running install
[0.712s] running install_lib
[0.713s] running install_data
[0.713s] running install_egg_info
[0.714s] removing '/home/purushottam/ros2_ws/install/my_robot_controller/lib/python3.10/site-packages/my_robot_controller-0.0.0-py3.10.egg-info' (and everything under it)
[0.714s] Copying ../../build/my_robot_controller/my_robot_controller.egg-info to /home/purushottam/ros2_ws/install/my_robot_controller/lib/python3.10/site-packages/my_robot_controller-0.0.0-py3.10.egg-info
[0.715s] running install_scripts
[0.730s] Installing draw_circle script to /home/purushottam/ros2_ws/install/my_robot_controller/lib/my_robot_controller
[0.730s] Installing pose_subscriber script to /home/purushottam/ros2_ws/install/my_robot_controller/lib/my_robot_controller
[0.730s] Installing test_node script to /home/purushottam/ros2_ws/install/my_robot_controller/lib/my_robot_controller
[0.730s] Installing turtle_controller script to /home/purushottam/ros2_ws/install/my_robot_controller/lib/my_robot_controller
[0.731s] writing list of installed files to '/home/purushottam/ros2_ws/build/my_robot_controller/install.log'
[0.755s] Invoked command in '/home/purushottam/ros2_ws/src/my_robot_controller' returned '0': PYTHONPATH=/home/purushottam/ros2_ws/build/my_robot_controller/prefix_override:/usr/lib/python3/dist-packages/colcon_core/task/python/colcon_distutils_commands:/home/purushottam/ros2_ws/install/my_robot_controller/lib/python3.10/site-packages:${PYTHONPATH} /usr/bin/python3 -W ignore:setup.py install is deprecated -W ignore:easy_install command is deprecated setup.py egg_info --egg-base ../../build/my_robot_controller build --build-base /home/purushottam/ros2_ws/build/my_robot_controller/build install --record /home/purushottam/ros2_ws/build/my_robot_controller/install.log --single-version-externally-managed install_data
