[0.515s] Invoking command in '/home/purushottam/ros2_ws/build/my_robot_controller': PYTHONPATH=/home/purushottam/ros2_ws/build/my_robot_controller/prefix_override:/usr/lib/python3/dist-packages/colcon_core/task/python/colcon_distutils_commands:/home/purushottam/ros2_ws/install/my_robot_controller/lib/python3.10/site-packages:${PYTHONPATH} /usr/bin/python3 -W ignore:setup.py install is deprecated -W ignore:easy_install command is deprecated setup.py develop --uninstall --editable --build-directory /home/purushottam/ros2_ws/build/my_robot_controller/build
[0.690s] running develop
[0.814s] Removing /home/purushottam/ros2_ws/install/my_robot_controller/lib/python3.10/site-packages/my-robot-controller.egg-link (link to .)
[0.840s] Invoked command in '/home/purushottam/ros2_ws/build/my_robot_controller' returned '0': PYTHONPATH=/home/purushottam/ros2_ws/build/my_robot_controller/prefix_override:/usr/lib/python3/dist-packages/colcon_core/task/python/colcon_distutils_commands:/home/purushottam/ros2_ws/install/my_robot_controller/lib/python3.10/site-packages:${PYTHONPATH} /usr/bin/python3 -W ignore:setup.py install is deprecated -W ignore:easy_install command is deprecated setup.py develop --uninstall --editable --build-directory /home/purushottam/ros2_ws/build/my_robot_controller/build
[0.841s] Invoking command in '/home/purushottam/ros2_ws/src/my_robot_controller': PYTHONPATH=/home/purushottam/ros2_ws/build/my_robot_controller/prefix_override:/usr/lib/python3/dist-packages/colcon_core/task/python/colcon_distutils_commands:/home/purushottam/ros2_ws/install/my_robot_controller/lib/python3.10/site-packages:${PYTHONPATH} /usr/bin/python3 -W ignore:setup.py install is deprecated -W ignore:easy_install command is deprecated setup.py egg_info --egg-base ../../build/my_robot_controller build --build-base /home/purushottam/ros2_ws/build/my_robot_controller/build install --record /home/purushottam/ros2_ws/build/my_robot_controller/install.log --single-version-externally-managed install_data --force
[1.026s] running egg_info
[1.027s] writing ../../build/my_robot_controller/my_robot_controller.egg-info/PKG-INFO
[1.027s] writing dependency_links to ../../build/my_robot_controller/my_robot_controller.egg-info/dependency_links.txt
[1.027s] writing entry points to ../../build/my_robot_controller/my_robot_controller.egg-info/entry_points.txt
[1.027s] writing requirements to ../../build/my_robot_controller/my_robot_controller.egg-info/requires.txt
[1.027s] writing top-level names to ../../build/my_robot_controller/my_robot_controller.egg-info/top_level.txt
[1.029s] reading manifest file '../../build/my_robot_controller/my_robot_controller.egg-info/SOURCES.txt'
[1.030s] writing manifest file '../../build/my_robot_controller/my_robot_controller.egg-info/SOURCES.txt'
[1.030s] running build
[1.030s] running build_py
[1.030s] copying my_robot_controller/turtle_controller.py -> /home/purushottam/ros2_ws/build/my_robot_controller/build/lib/my_robot_controller
[1.030s] copying my_robot_controller/pose_subscriber.py -> /home/purushottam/ros2_ws/build/my_robot_controller/build/lib/my_robot_controller
[1.031s] copying my_robot_controller/my_first_node.py -> /home/purushottam/ros2_ws/build/my_robot_controller/build/lib/my_robot_controller
[1.031s] copying my_robot_controller/draw_circle.py -> /home/purushottam/ros2_ws/build/my_robot_controller/build/lib/my_robot_controller
[1.031s] running install
[1.032s] running install_lib
[1.032s] creating /home/purushottam/ros2_ws/install/my_robot_controller/lib/python3.10/site-packages/my_robot_controller
[1.032s] copying /home/purushottam/ros2_ws/build/my_robot_controller/build/lib/my_robot_controller/turtle_controller.py -> /home/purushottam/ros2_ws/install/my_robot_controller/lib/python3.10/site-packages/my_robot_controller
[1.032s] copying /home/purushottam/ros2_ws/build/my_robot_controller/build/lib/my_robot_controller/pose_subscriber.py -> /home/purushottam/ros2_ws/install/my_robot_controller/lib/python3.10/site-packages/my_robot_controller
[1.032s] copying /home/purushottam/ros2_ws/build/my_robot_controller/build/lib/my_robot_controller/my_first_node.py -> /home/purushottam/ros2_ws/install/my_robot_controller/lib/python3.10/site-packages/my_robot_controller
[1.032s] copying /home/purushottam/ros2_ws/build/my_robot_controller/build/lib/my_robot_controller/draw_circle.py -> /home/purushottam/ros2_ws/install/my_robot_controller/lib/python3.10/site-packages/my_robot_controller
[1.032s] copying /home/purushottam/ros2_ws/build/my_robot_controller/build/lib/my_robot_controller/__init__.py -> /home/purushottam/ros2_ws/install/my_robot_controller/lib/python3.10/site-packages/my_robot_controller
[1.033s] byte-compiling /home/purushottam/ros2_ws/install/my_robot_controller/lib/python3.10/site-packages/my_robot_controller/turtle_controller.py to turtle_controller.cpython-310.pyc
[1.033s] byte-compiling /home/purushottam/ros2_ws/install/my_robot_controller/lib/python3.10/site-packages/my_robot_controller/pose_subscriber.py to pose_subscriber.cpython-310.pyc
[1.033s] byte-compiling /home/purushottam/ros2_ws/install/my_robot_controller/lib/python3.10/site-packages/my_robot_controller/my_first_node.py to my_first_node.cpython-310.pyc
[1.033s] byte-compiling /home/purushottam/ros2_ws/install/my_robot_controller/lib/python3.10/site-packages/my_robot_controller/draw_circle.py to draw_circle.cpython-310.pyc
[1.034s] byte-compiling /home/purushottam/ros2_ws/install/my_robot_controller/lib/python3.10/site-packages/my_robot_controller/__init__.py to __init__.cpython-310.pyc
[1.034s] running install_data
[1.034s] copying resource/my_robot_controller -> /home/purushottam/ros2_ws/install/my_robot_controller/share/ament_index/resource_index/packages
[1.034s] copying package.xml -> /home/purushottam/ros2_ws/install/my_robot_controller/share/my_robot_controller
[1.035s] running install_egg_info
[1.036s] Copying ../../build/my_robot_controller/my_robot_controller.egg-info to /home/purushottam/ros2_ws/install/my_robot_controller/lib/python3.10/site-packages/my_robot_controller-0.0.0-py3.10.egg-info
[1.036s] running install_scripts
[1.051s] Installing draw_circle script to /home/purushottam/ros2_ws/install/my_robot_controller/lib/my_robot_controller
[1.051s] Installing pose_subscriber script to /home/purushottam/ros2_ws/install/my_robot_controller/lib/my_robot_controller
[1.051s] Installing test_node script to /home/purushottam/ros2_ws/install/my_robot_controller/lib/my_robot_controller
[1.051s] Installing turtle_controller script to /home/purushottam/ros2_ws/install/my_robot_controller/lib/my_robot_controller
[1.051s] writing list of installed files to '/home/purushottam/ros2_ws/build/my_robot_controller/install.log'
[1.072s] Invoked command in '/home/purushottam/ros2_ws/src/my_robot_controller' returned '0': PYTHONPATH=/home/purushottam/ros2_ws/build/my_robot_controller/prefix_override:/usr/lib/python3/dist-packages/colcon_core/task/python/colcon_distutils_commands:/home/purushottam/ros2_ws/install/my_robot_controller/lib/python3.10/site-packages:${PYTHONPATH} /usr/bin/python3 -W ignore:setup.py install is deprecated -W ignore:easy_install command is deprecated setup.py egg_info --egg-base ../../build/my_robot_controller build --build-base /home/purushottam/ros2_ws/build/my_robot_controller/build install --record /home/purushottam/ros2_ws/build/my_robot_controller/install.log --single-version-externally-managed install_data --force
