[0.070s] DEBUG:colcon:Command line arguments: ['/usr/bin/colcon', 'build']
[0.070s] DEBUG:colcon:Parsed command line arguments: Namespace(log_base=None, log_level=None, verb_name='build', build_base='build', install_base='install', merge_install=False, symlink_install=False, test_result_base=None, continue_on_error=False, executor='parallel', parallel_workers=8, event_handlers=None, ignore_user_meta=False, metas=['./colcon.meta'], base_paths=['.'], packages_ignore=None, packages_ignore_regex=None, paths=None, packages_up_to=None, packages_up_to_regex=None, packages_above=None, packages_above_and_dependencies=None, packages_above_depth=None, packages_select_by_dep=None, packages_skip_by_dep=None, packages_skip_up_to=None, packages_select_build_failed=False, packages_skip_build_finished=False, packages_select_test_failures=False, packages_skip_test_passed=False, packages_select=None, packages_skip=None, packages_select_regex=None, packages_skip_regex=None, packages_start=None, packages_end=None, allow_overriding=[], cmake_args=None, cmake_target=None, cmake_target_skip_unavailable=False, cmake_clean_cache=False, cmake_clean_first=False, cmake_force_configure=False, ament_cmake_args=None, catkin_cmake_args=None, catkin_skip_building_tests=False, mixin_files=None, mixin=None, verb_parser=<colcon_mixin.mixin.mixin_argument.MixinArgumentDecorator object at 0x709809253c70>, verb_extension=<colcon_core.verb.build.BuildVerb object at 0x709809209210>, main=<bound method BuildVerb.main of <colcon_core.verb.build.BuildVerb object at 0x709809209210>>, mixin_verb=('build',))
[0.177s] Level 1:colcon.colcon_core.package_discovery:discover_packages(colcon_meta) check parameters
[0.178s] Level 1:colcon.colcon_core.package_discovery:discover_packages(recursive) check parameters
[0.178s] Level 1:colcon.colcon_core.package_discovery:discover_packages(ignore) check parameters
[0.178s] Level 1:colcon.colcon_core.package_discovery:discover_packages(path) check parameters
[0.178s] Level 1:colcon.colcon_core.package_discovery:discover_packages(colcon_meta) discover
[0.178s] Level 1:colcon.colcon_core.package_discovery:discover_packages(recursive) discover
[0.178s] INFO:colcon.colcon_core.package_discovery:Crawling recursively for packages in '/home/purushottam/ros2_ws'
[0.178s] Level 1:colcon.colcon_core.package_identification:_identify(.) by extensions ['ignore', 'ignore_ament_install']
[0.178s] Level 1:colcon.colcon_core.package_identification:_identify(.) by extension 'ignore'
[0.178s] Level 1:colcon.colcon_core.package_identification:_identify(.) by extension 'ignore_ament_install'
[0.178s] Level 1:colcon.colcon_core.package_identification:_identify(.) by extensions ['colcon_pkg']
[0.178s] Level 1:colcon.colcon_core.package_identification:_identify(.) by extension 'colcon_pkg'
[0.178s] Level 1:colcon.colcon_core.package_identification:_identify(.) by extensions ['colcon_meta']
[0.178s] Level 1:colcon.colcon_core.package_identification:_identify(.) by extension 'colcon_meta'
[0.178s] Level 1:colcon.colcon_core.package_identification:_identify(.) by extensions ['ros']
[0.178s] Level 1:colcon.colcon_core.package_identification:_identify(.) by extension 'ros'
[0.185s] Level 1:colcon.colcon_core.package_identification:_identify(.) by extensions ['cmake', 'python']
[0.185s] Level 1:colcon.colcon_core.package_identification:_identify(.) by extension 'cmake'
[0.185s] Level 1:colcon.colcon_core.package_identification:_identify(.) by extension 'python'
[0.185s] Level 1:colcon.colcon_core.package_identification:_identify(.) by extensions ['python_setup_py']
[0.185s] Level 1:colcon.colcon_core.package_identification:_identify(.) by extension 'python_setup_py'
[0.185s] Level 1:colcon.colcon_core.package_identification:_identify(build) by extensions ['ignore', 'ignore_ament_install']
[0.185s] Level 1:colcon.colcon_core.package_identification:_identify(build) by extension 'ignore'
[0.185s] Level 1:colcon.colcon_core.package_identification:_identify(build) ignored
[0.186s] Level 1:colcon.colcon_core.package_identification:_identify(install) by extensions ['ignore', 'ignore_ament_install']
[0.186s] Level 1:colcon.colcon_core.package_identification:_identify(install) by extension 'ignore'
[0.186s] Level 1:colcon.colcon_core.package_identification:_identify(install) ignored
[0.186s] Level 1:colcon.colcon_core.package_identification:_identify(log) by extensions ['ignore', 'ignore_ament_install']
[0.186s] Level 1:colcon.colcon_core.package_identification:_identify(log) by extension 'ignore'
[0.186s] Level 1:colcon.colcon_core.package_identification:_identify(log) ignored
[0.186s] Level 1:colcon.colcon_core.package_identification:_identify(src) by extensions ['ignore', 'ignore_ament_install']
[0.186s] Level 1:colcon.colcon_core.package_identification:_identify(src) by extension 'ignore'
[0.186s] Level 1:colcon.colcon_core.package_identification:_identify(src) by extension 'ignore_ament_install'
[0.186s] Level 1:colcon.colcon_core.package_identification:_identify(src) by extensions ['colcon_pkg']
[0.186s] Level 1:colcon.colcon_core.package_identification:_identify(src) by extension 'colcon_pkg'
[0.186s] Level 1:colcon.colcon_core.package_identification:_identify(src) by extensions ['colcon_meta']
[0.186s] Level 1:colcon.colcon_core.package_identification:_identify(src) by extension 'colcon_meta'
[0.186s] Level 1:colcon.colcon_core.package_identification:_identify(src) by extensions ['ros']
[0.186s] Level 1:colcon.colcon_core.package_identification:_identify(src) by extension 'ros'
[0.186s] Level 1:colcon.colcon_core.package_identification:_identify(src) by extensions ['cmake', 'python']
[0.186s] Level 1:colcon.colcon_core.package_identification:_identify(src) by extension 'cmake'
[0.186s] Level 1:colcon.colcon_core.package_identification:_identify(src) by extension 'python'
[0.186s] Level 1:colcon.colcon_core.package_identification:_identify(src) by extensions ['python_setup_py']
[0.186s] Level 1:colcon.colcon_core.package_identification:_identify(src) by extension 'python_setup_py'
[0.187s] Level 1:colcon.colcon_core.package_identification:_identify(src/actions_py) by extensions ['ignore', 'ignore_ament_install']
[0.187s] Level 1:colcon.colcon_core.package_identification:_identify(src/actions_py) by extension 'ignore'
[0.187s] Level 1:colcon.colcon_core.package_identification:_identify(src/actions_py) by extension 'ignore_ament_install'
[0.187s] Level 1:colcon.colcon_core.package_identification:_identify(src/actions_py) by extensions ['colcon_pkg']
[0.187s] Level 1:colcon.colcon_core.package_identification:_identify(src/actions_py) by extension 'colcon_pkg'
[0.187s] Level 1:colcon.colcon_core.package_identification:_identify(src/actions_py) by extensions ['colcon_meta']
[0.187s] Level 1:colcon.colcon_core.package_identification:_identify(src/actions_py) by extension 'colcon_meta'
[0.187s] Level 1:colcon.colcon_core.package_identification:_identify(src/actions_py) by extensions ['ros']
[0.187s] Level 1:colcon.colcon_core.package_identification:_identify(src/actions_py) by extension 'ros'
[0.189s] DEBUG:colcon.colcon_core.package_identification:Package 'src/actions_py' with type 'ros.ament_python' and name 'actions_py'
[0.189s] Level 1:colcon.colcon_core.package_identification:_identify(src/log) by extensions ['ignore', 'ignore_ament_install']
[0.189s] Level 1:colcon.colcon_core.package_identification:_identify(src/log) by extension 'ignore'
[0.189s] Level 1:colcon.colcon_core.package_identification:_identify(src/log) ignored
[0.190s] Level 1:colcon.colcon_core.package_identification:_identify(src/my_robot_controller) by extensions ['ignore', 'ignore_ament_install']
[0.190s] Level 1:colcon.colcon_core.package_identification:_identify(src/my_robot_controller) by extension 'ignore'
[0.190s] Level 1:colcon.colcon_core.package_identification:_identify(src/my_robot_controller) by extension 'ignore_ament_install'
[0.190s] Level 1:colcon.colcon_core.package_identification:_identify(src/my_robot_controller) by extensions ['colcon_pkg']
[0.190s] Level 1:colcon.colcon_core.package_identification:_identify(src/my_robot_controller) by extension 'colcon_pkg'
[0.190s] Level 1:colcon.colcon_core.package_identification:_identify(src/my_robot_controller) by extensions ['colcon_meta']
[0.190s] Level 1:colcon.colcon_core.package_identification:_identify(src/my_robot_controller) by extension 'colcon_meta'
[0.190s] Level 1:colcon.colcon_core.package_identification:_identify(src/my_robot_controller) by extensions ['ros']
[0.190s] Level 1:colcon.colcon_core.package_identification:_identify(src/my_robot_controller) by extension 'ros'
[0.190s] DEBUG:colcon.colcon_core.package_identification:Package 'src/my_robot_controller' with type 'ros.ament_python' and name 'my_robot_controller'
[0.190s] Level 1:colcon.colcon_core.package_identification:_identify(src/my_robot_description) by extensions ['ignore', 'ignore_ament_install']
[0.191s] Level 1:colcon.colcon_core.package_identification:_identify(src/my_robot_description) by extension 'ignore'
[0.191s] Level 1:colcon.colcon_core.package_identification:_identify(src/my_robot_description) by extension 'ignore_ament_install'
[0.191s] Level 1:colcon.colcon_core.package_identification:_identify(src/my_robot_description) by extensions ['colcon_pkg']
[0.191s] Level 1:colcon.colcon_core.package_identification:_identify(src/my_robot_description) by extension 'colcon_pkg'
[0.191s] Level 1:colcon.colcon_core.package_identification:_identify(src/my_robot_description) by extensions ['colcon_meta']
[0.191s] Level 1:colcon.colcon_core.package_identification:_identify(src/my_robot_description) by extension 'colcon_meta'
[0.191s] Level 1:colcon.colcon_core.package_identification:_identify(src/my_robot_description) by extensions ['ros']
[0.191s] Level 1:colcon.colcon_core.package_identification:_identify(src/my_robot_description) by extension 'ros'
[0.191s] DEBUG:colcon.colcon_core.package_identification:Package 'src/my_robot_description' with type 'ros.ament_cmake' and name 'my_robot_description'
[0.191s] Level 1:colcon.colcon_core.package_identification:_identify(src/my_robot_interfaces) by extensions ['ignore', 'ignore_ament_install']
[0.191s] Level 1:colcon.colcon_core.package_identification:_identify(src/my_robot_interfaces) by extension 'ignore'
[0.191s] Level 1:colcon.colcon_core.package_identification:_identify(src/my_robot_interfaces) by extension 'ignore_ament_install'
[0.191s] Level 1:colcon.colcon_core.package_identification:_identify(src/my_robot_interfaces) by extensions ['colcon_pkg']
[0.191s] Level 1:colcon.colcon_core.package_identification:_identify(src/my_robot_interfaces) by extension 'colcon_pkg'
[0.191s] Level 1:colcon.colcon_core.package_identification:_identify(src/my_robot_interfaces) by extensions ['colcon_meta']
[0.191s] Level 1:colcon.colcon_core.package_identification:_identify(src/my_robot_interfaces) by extension 'colcon_meta'
[0.192s] Level 1:colcon.colcon_core.package_identification:_identify(src/my_robot_interfaces) by extensions ['ros']
[0.192s] Level 1:colcon.colcon_core.package_identification:_identify(src/my_robot_interfaces) by extension 'ros'
[0.192s] DEBUG:colcon.colcon_core.package_identification:Package 'src/my_robot_interfaces' with type 'ros.ament_cmake' and name 'my_robot_interfaces'
[0.192s] Level 1:colcon.colcon_core.package_discovery:discover_packages(recursive) using defaults
[0.201s] Level 1:colcon.colcon_core.package_discovery:discover_packages(ignore) discover
[0.201s] Level 1:colcon.colcon_core.package_discovery:discover_packages(ignore) using defaults
[0.201s] Level 1:colcon.colcon_core.package_discovery:discover_packages(path) discover
[0.201s] Level 1:colcon.colcon_core.package_discovery:discover_packages(path) using defaults
[0.214s] Level 1:colcon.colcon_core.package_discovery:discover_packages(prefix_path) check parameters
[0.214s] Level 1:colcon.colcon_core.package_discovery:discover_packages(prefix_path) discover
[0.215s] DEBUG:colcon.colcon_installed_package_information.package_discovery:Found 4 installed packages in /home/purushottam/ros2_ws/install
[0.216s] DEBUG:colcon.colcon_installed_package_information.package_discovery:Found 452 installed packages in /opt/ros/humble
[0.218s] Level 1:colcon.colcon_core.package_discovery:discover_packages(prefix_path) using defaults
[0.251s] Level 5:colcon.colcon_core.verb:set package 'my_robot_controller' build argument 'cmake_args' from command line to 'None'
[0.252s] Level 5:colcon.colcon_core.verb:set package 'my_robot_controller' build argument 'cmake_target' from command line to 'None'
[0.252s] Level 5:colcon.colcon_core.verb:set package 'my_robot_controller' build argument 'cmake_target_skip_unavailable' from command line to 'False'
[0.252s] Level 5:colcon.colcon_core.verb:set package 'my_robot_controller' build argument 'cmake_clean_cache' from command line to 'False'
[0.252s] Level 5:colcon.colcon_core.verb:set package 'my_robot_controller' build argument 'cmake_clean_first' from command line to 'False'
[0.252s] Level 5:colcon.colcon_core.verb:set package 'my_robot_controller' build argument 'cmake_force_configure' from command line to 'False'
[0.252s] Level 5:colcon.colcon_core.verb:set package 'my_robot_controller' build argument 'ament_cmake_args' from command line to 'None'
[0.252s] Level 5:colcon.colcon_core.verb:set package 'my_robot_controller' build argument 'catkin_cmake_args' from command line to 'None'
[0.252s] Level 5:colcon.colcon_core.verb:set package 'my_robot_controller' build argument 'catkin_skip_building_tests' from command line to 'False'
[0.252s] DEBUG:colcon.colcon_core.verb:Building package 'my_robot_controller' with the following arguments: {'ament_cmake_args': None, 'build_base': '/home/purushottam/ros2_ws/build/my_robot_controller', 'catkin_cmake_args': None, 'catkin_skip_building_tests': False, 'cmake_args': None, 'cmake_clean_cache': False, 'cmake_clean_first': False, 'cmake_force_configure': False, 'cmake_target': None, 'cmake_target_skip_unavailable': False, 'install_base': '/home/purushottam/ros2_ws/install/my_robot_controller', 'merge_install': False, 'path': '/home/purushottam/ros2_ws/src/my_robot_controller', 'symlink_install': False, 'test_result_base': None}
[0.252s] Level 5:colcon.colcon_core.verb:set package 'my_robot_description' build argument 'cmake_args' from command line to 'None'
[0.252s] Level 5:colcon.colcon_core.verb:set package 'my_robot_description' build argument 'cmake_target' from command line to 'None'
[0.252s] Level 5:colcon.colcon_core.verb:set package 'my_robot_description' build argument 'cmake_target_skip_unavailable' from command line to 'False'
[0.252s] Level 5:colcon.colcon_core.verb:set package 'my_robot_description' build argument 'cmake_clean_cache' from command line to 'False'
[0.252s] Level 5:colcon.colcon_core.verb:set package 'my_robot_description' build argument 'cmake_clean_first' from command line to 'False'
[0.252s] Level 5:colcon.colcon_core.verb:set package 'my_robot_description' build argument 'cmake_force_configure' from command line to 'False'
[0.252s] Level 5:colcon.colcon_core.verb:set package 'my_robot_description' build argument 'ament_cmake_args' from command line to 'None'
[0.252s] Level 5:colcon.colcon_core.verb:set package 'my_robot_description' build argument 'catkin_cmake_args' from command line to 'None'
[0.252s] Level 5:colcon.colcon_core.verb:set package 'my_robot_description' build argument 'catkin_skip_building_tests' from command line to 'False'
[0.252s] DEBUG:colcon.colcon_core.verb:Building package 'my_robot_description' with the following arguments: {'ament_cmake_args': None, 'build_base': '/home/purushottam/ros2_ws/build/my_robot_description', 'catkin_cmake_args': None, 'catkin_skip_building_tests': False, 'cmake_args': None, 'cmake_clean_cache': False, 'cmake_clean_first': False, 'cmake_force_configure': False, 'cmake_target': None, 'cmake_target_skip_unavailable': False, 'install_base': '/home/purushottam/ros2_ws/install/my_robot_description', 'merge_install': False, 'path': '/home/purushottam/ros2_ws/src/my_robot_description', 'symlink_install': False, 'test_result_base': None}
[0.253s] Level 5:colcon.colcon_core.verb:set package 'my_robot_interfaces' build argument 'cmake_args' from command line to 'None'
[0.253s] Level 5:colcon.colcon_core.verb:set package 'my_robot_interfaces' build argument 'cmake_target' from command line to 'None'
[0.253s] Level 5:colcon.colcon_core.verb:set package 'my_robot_interfaces' build argument 'cmake_target_skip_unavailable' from command line to 'False'
[0.253s] Level 5:colcon.colcon_core.verb:set package 'my_robot_interfaces' build argument 'cmake_clean_cache' from command line to 'False'
[0.253s] Level 5:colcon.colcon_core.verb:set package 'my_robot_interfaces' build argument 'cmake_clean_first' from command line to 'False'
[0.253s] Level 5:colcon.colcon_core.verb:set package 'my_robot_interfaces' build argument 'cmake_force_configure' from command line to 'False'
[0.253s] Level 5:colcon.colcon_core.verb:set package 'my_robot_interfaces' build argument 'ament_cmake_args' from command line to 'None'
[0.253s] Level 5:colcon.colcon_core.verb:set package 'my_robot_interfaces' build argument 'catkin_cmake_args' from command line to 'None'
[0.253s] Level 5:colcon.colcon_core.verb:set package 'my_robot_interfaces' build argument 'catkin_skip_building_tests' from command line to 'False'
[0.253s] DEBUG:colcon.colcon_core.verb:Building package 'my_robot_interfaces' with the following arguments: {'ament_cmake_args': None, 'build_base': '/home/purushottam/ros2_ws/build/my_robot_interfaces', 'catkin_cmake_args': None, 'catkin_skip_building_tests': False, 'cmake_args': None, 'cmake_clean_cache': False, 'cmake_clean_first': False, 'cmake_force_configure': False, 'cmake_target': None, 'cmake_target_skip_unavailable': False, 'install_base': '/home/purushottam/ros2_ws/install/my_robot_interfaces', 'merge_install': False, 'path': '/home/purushottam/ros2_ws/src/my_robot_interfaces', 'symlink_install': False, 'test_result_base': None}
[0.253s] Level 5:colcon.colcon_core.verb:set package 'actions_py' build argument 'cmake_args' from command line to 'None'
[0.253s] Level 5:colcon.colcon_core.verb:set package 'actions_py' build argument 'cmake_target' from command line to 'None'
[0.253s] Level 5:colcon.colcon_core.verb:set package 'actions_py' build argument 'cmake_target_skip_unavailable' from command line to 'False'
[0.253s] Level 5:colcon.colcon_core.verb:set package 'actions_py' build argument 'cmake_clean_cache' from command line to 'False'
[0.253s] Level 5:colcon.colcon_core.verb:set package 'actions_py' build argument 'cmake_clean_first' from command line to 'False'
[0.253s] Level 5:colcon.colcon_core.verb:set package 'actions_py' build argument 'cmake_force_configure' from command line to 'False'
[0.253s] Level 5:colcon.colcon_core.verb:set package 'actions_py' build argument 'ament_cmake_args' from command line to 'None'
[0.253s] Level 5:colcon.colcon_core.verb:set package 'actions_py' build argument 'catkin_cmake_args' from command line to 'None'
[0.253s] Level 5:colcon.colcon_core.verb:set package 'actions_py' build argument 'catkin_skip_building_tests' from command line to 'False'
[0.253s] DEBUG:colcon.colcon_core.verb:Building package 'actions_py' with the following arguments: {'ament_cmake_args': None, 'build_base': '/home/purushottam/ros2_ws/build/actions_py', 'catkin_cmake_args': None, 'catkin_skip_building_tests': False, 'cmake_args': None, 'cmake_clean_cache': False, 'cmake_clean_first': False, 'cmake_force_configure': False, 'cmake_target': None, 'cmake_target_skip_unavailable': False, 'install_base': '/home/purushottam/ros2_ws/install/actions_py', 'merge_install': False, 'path': '/home/purushottam/ros2_ws/src/actions_py', 'symlink_install': False, 'test_result_base': None}
[0.253s] INFO:colcon.colcon_core.executor:Executing jobs using 'parallel' executor
[0.254s] DEBUG:colcon.colcon_parallel_executor.executor.parallel:run_until_complete
[0.254s] INFO:colcon.colcon_ros.task.ament_cmake.build:Building ROS package in '/home/purushottam/ros2_ws/src/my_robot_interfaces' with build type 'ament_cmake'
[0.254s] INFO:colcon.colcon_cmake.task.cmake.build:Building CMake package in '/home/purushottam/ros2_ws/src/my_robot_interfaces'
[0.256s] INFO:colcon.colcon_core.plugin_system:Skipping extension 'colcon_core.shell.bat': Not used on non-Windows systems
[0.256s] INFO:colcon.colcon_core.shell:Skip shell extension 'powershell' for command environment: Not usable outside of PowerShell
[0.256s] DEBUG:colcon.colcon_core.shell:Skip shell extension 'dsv' for command environment
[0.258s] INFO:colcon.colcon_ros.task.ament_python.build:Building ROS package in '/home/purushottam/ros2_ws/src/my_robot_controller' with build type 'ament_python'
[0.259s] Level 1:colcon.colcon_core.shell:create_environment_hook('my_robot_controller', 'ament_prefix_path')
[0.259s] INFO:colcon.colcon_core.shell:Creating environment hook '/home/purushottam/ros2_ws/install/my_robot_controller/share/my_robot_controller/hook/ament_prefix_path.ps1'
[0.259s] INFO:colcon.colcon_core.shell:Creating environment descriptor '/home/purushottam/ros2_ws/install/my_robot_controller/share/my_robot_controller/hook/ament_prefix_path.dsv'
[0.260s] INFO:colcon.colcon_core.shell:Creating environment hook '/home/purushottam/ros2_ws/install/my_robot_controller/share/my_robot_controller/hook/ament_prefix_path.sh'
[0.260s] INFO:colcon.colcon_core.shell:Skip shell extension 'powershell' for command environment: Not usable outside of PowerShell
[0.260s] DEBUG:colcon.colcon_core.shell:Skip shell extension 'dsv' for command environment
[0.262s] INFO:colcon.colcon_ros.task.ament_cmake.build:Building ROS package in '/home/purushottam/ros2_ws/src/my_robot_description' with build type 'ament_cmake'
[0.262s] INFO:colcon.colcon_cmake.task.cmake.build:Building CMake package in '/home/purushottam/ros2_ws/src/my_robot_description'
[0.263s] INFO:colcon.colcon_core.shell:Skip shell extension 'powershell' for command environment: Not usable outside of PowerShell
[0.263s] DEBUG:colcon.colcon_core.shell:Skip shell extension 'dsv' for command environment
[0.268s] DEBUG:colcon.colcon_core.event_handler.log_command:Invoking command in '/home/purushottam/ros2_ws/build/my_robot_interfaces': CMAKE_PREFIX_PATH=${CMAKE_PREFIX_PATH}:/home/purushottam/ros2_ws/install/actions_py:/home/purushottam/ros2_ws/install/my_robot_controller:/opt/ros/humble /usr/bin/cmake --build /home/purushottam/ros2_ws/build/my_robot_interfaces -- -j8 -l8
[0.473s] INFO:colcon.colcon_core.task.python.build:Building Python package in '/home/purushottam/ros2_ws/src/my_robot_controller'
[0.473s] INFO:colcon.colcon_core.shell:Skip shell extension 'powershell' for command environment: Not usable outside of PowerShell
[0.473s] DEBUG:colcon.colcon_core.shell:Skip shell extension 'dsv' for command environment
[0.480s] DEBUG:colcon.colcon_core.event_handler.log_command:Invoking command in '/home/purushottam/ros2_ws/build/my_robot_description': CMAKE_PREFIX_PATH=${CMAKE_PREFIX_PATH}:/home/purushottam/ros2_ws/install/actions_py:/home/purushottam/ros2_ws/install/my_robot_controller:/opt/ros/humble /usr/bin/cmake --build /home/purushottam/ros2_ws/build/my_robot_description -- -j8 -l8
[0.512s] DEBUG:colcon.colcon_core.event_handler.log_command:Invoked command in '/home/purushottam/ros2_ws/build/my_robot_description' returned '0': CMAKE_PREFIX_PATH=${CMAKE_PREFIX_PATH}:/home/purushottam/ros2_ws/install/actions_py:/home/purushottam/ros2_ws/install/my_robot_controller:/opt/ros/humble /usr/bin/cmake --build /home/purushottam/ros2_ws/build/my_robot_description -- -j8 -l8
[0.521s] DEBUG:colcon.colcon_core.event_handler.log_command:Invoking command in '/home/purushottam/ros2_ws/build/my_robot_description': CMAKE_PREFIX_PATH=${CMAKE_PREFIX_PATH}:/home/purushottam/ros2_ws/install/actions_py:/home/purushottam/ros2_ws/install/my_robot_controller:/opt/ros/humble /usr/bin/cmake --install /home/purushottam/ros2_ws/build/my_robot_description
[0.530s] Level 1:colcon.colcon_core.environment:create_environment_scripts_only(my_robot_description)
[0.530s] DEBUG:colcon.colcon_core.event_handler.log_command:Invoked command in '/home/purushottam/ros2_ws/build/my_robot_description' returned '0': CMAKE_PREFIX_PATH=${CMAKE_PREFIX_PATH}:/home/purushottam/ros2_ws/install/actions_py:/home/purushottam/ros2_ws/install/my_robot_controller:/opt/ros/humble /usr/bin/cmake --install /home/purushottam/ros2_ws/build/my_robot_description
[0.532s] Level 1:colcon.colcon_core.environment:checking '/home/purushottam/ros2_ws/install/my_robot_description' for CMake module files
[0.533s] Level 1:colcon.colcon_core.environment:checking '/home/purushottam/ros2_ws/install/my_robot_description' for CMake config files
[0.533s] Level 1:colcon.colcon_core.shell:create_environment_hook('my_robot_description', 'cmake_prefix_path')
[0.534s] INFO:colcon.colcon_core.shell:Creating environment hook '/home/purushottam/ros2_ws/install/my_robot_description/share/my_robot_description/hook/cmake_prefix_path.ps1'
[0.534s] INFO:colcon.colcon_core.shell:Creating environment descriptor '/home/purushottam/ros2_ws/install/my_robot_description/share/my_robot_description/hook/cmake_prefix_path.dsv'
[0.534s] INFO:colcon.colcon_core.shell:Creating environment hook '/home/purushottam/ros2_ws/install/my_robot_description/share/my_robot_description/hook/cmake_prefix_path.sh'
[0.535s] Level 1:colcon.colcon_core.environment:checking '/home/purushottam/ros2_ws/install/my_robot_description/bin'
[0.535s] Level 1:colcon.colcon_core.environment:checking '/home/purushottam/ros2_ws/install/my_robot_description/lib/pkgconfig/my_robot_description.pc'
[0.535s] Level 1:colcon.colcon_core.environment:checking '/home/purushottam/ros2_ws/install/my_robot_description/lib/python3.10/site-packages'
[0.536s] Level 1:colcon.colcon_core.environment:checking '/home/purushottam/ros2_ws/install/my_robot_description/bin'
[0.536s] INFO:colcon.colcon_core.shell:Creating package script '/home/purushottam/ros2_ws/install/my_robot_description/share/my_robot_description/package.ps1'
[0.537s] INFO:colcon.colcon_core.shell:Creating package descriptor '/home/purushottam/ros2_ws/install/my_robot_description/share/my_robot_description/package.dsv'
[0.537s] INFO:colcon.colcon_core.shell:Creating package script '/home/purushottam/ros2_ws/install/my_robot_description/share/my_robot_description/package.sh'
[0.538s] INFO:colcon.colcon_core.shell:Creating package script '/home/purushottam/ros2_ws/install/my_robot_description/share/my_robot_description/package.bash'
[0.538s] INFO:colcon.colcon_core.shell:Creating package script '/home/purushottam/ros2_ws/install/my_robot_description/share/my_robot_description/package.zsh'
[0.539s] Level 1:colcon.colcon_core.environment:create_file_with_runtime_dependencies(/home/purushottam/ros2_ws/install/my_robot_description/share/colcon-core/packages/my_robot_description)
[0.539s] Level 1:colcon.colcon_core.environment:create_environment_scripts_only(my_robot_description)
[0.540s] Level 1:colcon.colcon_core.environment:checking '/home/purushottam/ros2_ws/install/my_robot_description' for CMake module files
[0.540s] Level 1:colcon.colcon_core.environment:checking '/home/purushottam/ros2_ws/install/my_robot_description' for CMake config files
[0.540s] Level 1:colcon.colcon_core.shell:create_environment_hook('my_robot_description', 'cmake_prefix_path')
[0.541s] INFO:colcon.colcon_core.shell:Creating environment hook '/home/purushottam/ros2_ws/install/my_robot_description/share/my_robot_description/hook/cmake_prefix_path.ps1'
[0.541s] INFO:colcon.colcon_core.shell:Creating environment descriptor '/home/purushottam/ros2_ws/install/my_robot_description/share/my_robot_description/hook/cmake_prefix_path.dsv'
[0.541s] INFO:colcon.colcon_core.shell:Creating environment hook '/home/purushottam/ros2_ws/install/my_robot_description/share/my_robot_description/hook/cmake_prefix_path.sh'
[0.542s] Level 1:colcon.colcon_core.environment:checking '/home/purushottam/ros2_ws/install/my_robot_description/bin'
[0.542s] Level 1:colcon.colcon_core.environment:checking '/home/purushottam/ros2_ws/install/my_robot_description/lib/pkgconfig/my_robot_description.pc'
[0.542s] Level 1:colcon.colcon_core.environment:checking '/home/purushottam/ros2_ws/install/my_robot_description/lib/python3.10/site-packages'
[0.542s] Level 1:colcon.colcon_core.environment:checking '/home/purushottam/ros2_ws/install/my_robot_description/bin'
[0.543s] INFO:colcon.colcon_core.shell:Creating package script '/home/purushottam/ros2_ws/install/my_robot_description/share/my_robot_description/package.ps1'
[0.543s] INFO:colcon.colcon_core.shell:Creating package descriptor '/home/purushottam/ros2_ws/install/my_robot_description/share/my_robot_description/package.dsv'
[0.543s] INFO:colcon.colcon_core.shell:Creating package script '/home/purushottam/ros2_ws/install/my_robot_description/share/my_robot_description/package.sh'
[0.544s] INFO:colcon.colcon_core.shell:Creating package script '/home/purushottam/ros2_ws/install/my_robot_description/share/my_robot_description/package.bash'
[0.544s] INFO:colcon.colcon_core.shell:Creating package script '/home/purushottam/ros2_ws/install/my_robot_description/share/my_robot_description/package.zsh'
[0.544s] Level 1:colcon.colcon_core.environment:create_file_with_runtime_dependencies(/home/purushottam/ros2_ws/install/my_robot_description/share/colcon-core/packages/my_robot_description)
[0.545s] DEBUG:colcon.colcon_core.event_handler.log_command:Invoked command in '/home/purushottam/ros2_ws/build/my_robot_interfaces' returned '0': CMAKE_PREFIX_PATH=${CMAKE_PREFIX_PATH}:/home/purushottam/ros2_ws/install/actions_py:/home/purushottam/ros2_ws/install/my_robot_controller:/opt/ros/humble /usr/bin/cmake --build /home/purushottam/ros2_ws/build/my_robot_interfaces -- -j8 -l8
[0.546s] DEBUG:colcon.colcon_core.event_handler.log_command:Invoking command in '/home/purushottam/ros2_ws/build/my_robot_interfaces': CMAKE_PREFIX_PATH=${CMAKE_PREFIX_PATH}:/home/purushottam/ros2_ws/install/actions_py:/home/purushottam/ros2_ws/install/my_robot_controller:/opt/ros/humble /usr/bin/cmake --install /home/purushottam/ros2_ws/build/my_robot_interfaces
[0.585s] Level 1:colcon.colcon_core.environment:create_environment_scripts_only(my_robot_interfaces)
[0.585s] Level 1:colcon.colcon_core.environment:checking '/home/purushottam/ros2_ws/install/my_robot_interfaces' for CMake module files
[0.585s] DEBUG:colcon.colcon_core.event_handler.log_command:Invoked command in '/home/purushottam/ros2_ws/build/my_robot_interfaces' returned '0': CMAKE_PREFIX_PATH=${CMAKE_PREFIX_PATH}:/home/purushottam/ros2_ws/install/actions_py:/home/purushottam/ros2_ws/install/my_robot_controller:/opt/ros/humble /usr/bin/cmake --install /home/purushottam/ros2_ws/build/my_robot_interfaces
[0.586s] Level 1:colcon.colcon_core.environment:checking '/home/purushottam/ros2_ws/install/my_robot_interfaces' for CMake config files
[0.586s] Level 1:colcon.colcon_core.shell:create_environment_hook('my_robot_interfaces', 'cmake_prefix_path')
[0.586s] INFO:colcon.colcon_core.shell:Creating environment hook '/home/purushottam/ros2_ws/install/my_robot_interfaces/share/my_robot_interfaces/hook/cmake_prefix_path.ps1'
[0.586s] INFO:colcon.colcon_core.shell:Creating environment descriptor '/home/purushottam/ros2_ws/install/my_robot_interfaces/share/my_robot_interfaces/hook/cmake_prefix_path.dsv'
[0.587s] INFO:colcon.colcon_core.shell:Creating environment hook '/home/purushottam/ros2_ws/install/my_robot_interfaces/share/my_robot_interfaces/hook/cmake_prefix_path.sh'
[0.587s] Level 1:colcon.colcon_core.environment:checking '/home/purushottam/ros2_ws/install/my_robot_interfaces/lib'
[0.587s] Level 1:colcon.colcon_core.shell:create_environment_hook('my_robot_interfaces', 'ld_library_path_lib')
[0.587s] INFO:colcon.colcon_core.shell:Creating environment hook '/home/purushottam/ros2_ws/install/my_robot_interfaces/share/my_robot_interfaces/hook/ld_library_path_lib.ps1'
[0.587s] INFO:colcon.colcon_core.shell:Creating environment descriptor '/home/purushottam/ros2_ws/install/my_robot_interfaces/share/my_robot_interfaces/hook/ld_library_path_lib.dsv'
[0.588s] INFO:colcon.colcon_core.shell:Creating environment hook '/home/purushottam/ros2_ws/install/my_robot_interfaces/share/my_robot_interfaces/hook/ld_library_path_lib.sh'
[0.588s] Level 1:colcon.colcon_core.environment:checking '/home/purushottam/ros2_ws/install/my_robot_interfaces/bin'
[0.588s] Level 1:colcon.colcon_core.environment:checking '/home/purushottam/ros2_ws/install/my_robot_interfaces/lib/pkgconfig/my_robot_interfaces.pc'
[0.588s] Level 1:colcon.colcon_core.environment:checking '/home/purushottam/ros2_ws/install/my_robot_interfaces/lib/python3.10/site-packages'
[0.588s] Level 1:colcon.colcon_core.environment:checking '/home/purushottam/ros2_ws/install/my_robot_interfaces/bin'
[0.588s] INFO:colcon.colcon_core.shell:Creating package script '/home/purushottam/ros2_ws/install/my_robot_interfaces/share/my_robot_interfaces/package.ps1'
[0.589s] INFO:colcon.colcon_core.shell:Creating package descriptor '/home/purushottam/ros2_ws/install/my_robot_interfaces/share/my_robot_interfaces/package.dsv'
[0.589s] INFO:colcon.colcon_core.shell:Creating package script '/home/purushottam/ros2_ws/install/my_robot_interfaces/share/my_robot_interfaces/package.sh'
[0.589s] INFO:colcon.colcon_core.shell:Creating package script '/home/purushottam/ros2_ws/install/my_robot_interfaces/share/my_robot_interfaces/package.bash'
[0.589s] INFO:colcon.colcon_core.shell:Creating package script '/home/purushottam/ros2_ws/install/my_robot_interfaces/share/my_robot_interfaces/package.zsh'
[0.590s] Level 1:colcon.colcon_core.environment:create_file_with_runtime_dependencies(/home/purushottam/ros2_ws/install/my_robot_interfaces/share/colcon-core/packages/my_robot_interfaces)
[0.590s] Level 1:colcon.colcon_core.environment:create_environment_scripts_only(my_robot_interfaces)
[0.590s] Level 1:colcon.colcon_core.environment:checking '/home/purushottam/ros2_ws/install/my_robot_interfaces' for CMake module files
[0.590s] Level 1:colcon.colcon_core.environment:checking '/home/purushottam/ros2_ws/install/my_robot_interfaces' for CMake config files
[0.591s] Level 1:colcon.colcon_core.shell:create_environment_hook('my_robot_interfaces', 'cmake_prefix_path')
[0.591s] INFO:colcon.colcon_core.shell:Creating environment hook '/home/purushottam/ros2_ws/install/my_robot_interfaces/share/my_robot_interfaces/hook/cmake_prefix_path.ps1'
[0.591s] INFO:colcon.colcon_core.shell:Creating environment descriptor '/home/purushottam/ros2_ws/install/my_robot_interfaces/share/my_robot_interfaces/hook/cmake_prefix_path.dsv'
[0.591s] INFO:colcon.colcon_core.shell:Creating environment hook '/home/purushottam/ros2_ws/install/my_robot_interfaces/share/my_robot_interfaces/hook/cmake_prefix_path.sh'
[0.591s] Level 1:colcon.colcon_core.environment:checking '/home/purushottam/ros2_ws/install/my_robot_interfaces/lib'
[0.591s] Level 1:colcon.colcon_core.shell:create_environment_hook('my_robot_interfaces', 'ld_library_path_lib')
[0.592s] INFO:colcon.colcon_core.shell:Creating environment hook '/home/purushottam/ros2_ws/install/my_robot_interfaces/share/my_robot_interfaces/hook/ld_library_path_lib.ps1'
[0.592s] INFO:colcon.colcon_core.shell:Creating environment descriptor '/home/purushottam/ros2_ws/install/my_robot_interfaces/share/my_robot_interfaces/hook/ld_library_path_lib.dsv'
[0.592s] INFO:colcon.colcon_core.shell:Creating environment hook '/home/purushottam/ros2_ws/install/my_robot_interfaces/share/my_robot_interfaces/hook/ld_library_path_lib.sh'
[0.592s] Level 1:colcon.colcon_core.environment:checking '/home/purushottam/ros2_ws/install/my_robot_interfaces/bin'
[0.592s] Level 1:colcon.colcon_core.environment:checking '/home/purushottam/ros2_ws/install/my_robot_interfaces/lib/pkgconfig/my_robot_interfaces.pc'
[0.592s] Level 1:colcon.colcon_core.environment:checking '/home/purushottam/ros2_ws/install/my_robot_interfaces/lib/python3.10/site-packages'
[0.593s] Level 1:colcon.colcon_core.environment:checking '/home/purushottam/ros2_ws/install/my_robot_interfaces/bin'
[0.593s] INFO:colcon.colcon_core.shell:Creating package script '/home/purushottam/ros2_ws/install/my_robot_interfaces/share/my_robot_interfaces/package.ps1'
[0.593s] INFO:colcon.colcon_core.shell:Creating package descriptor '/home/purushottam/ros2_ws/install/my_robot_interfaces/share/my_robot_interfaces/package.dsv'
[0.593s] INFO:colcon.colcon_core.shell:Creating package script '/home/purushottam/ros2_ws/install/my_robot_interfaces/share/my_robot_interfaces/package.sh'
[0.594s] INFO:colcon.colcon_core.shell:Creating package script '/home/purushottam/ros2_ws/install/my_robot_interfaces/share/my_robot_interfaces/package.bash'
[0.594s] INFO:colcon.colcon_core.shell:Creating package script '/home/purushottam/ros2_ws/install/my_robot_interfaces/share/my_robot_interfaces/package.zsh'
[0.594s] Level 1:colcon.colcon_core.environment:create_file_with_runtime_dependencies(/home/purushottam/ros2_ws/install/my_robot_interfaces/share/colcon-core/packages/my_robot_interfaces)
[0.594s] INFO:colcon.colcon_ros.task.ament_python.build:Building ROS package in '/home/purushottam/ros2_ws/src/actions_py' with build type 'ament_python'
[0.594s] Level 1:colcon.colcon_core.shell:create_environment_hook('actions_py', 'ament_prefix_path')
[0.595s] INFO:colcon.colcon_core.shell:Creating environment hook '/home/purushottam/ros2_ws/install/actions_py/share/actions_py/hook/ament_prefix_path.ps1'
[0.595s] INFO:colcon.colcon_core.shell:Creating environment descriptor '/home/purushottam/ros2_ws/install/actions_py/share/actions_py/hook/ament_prefix_path.dsv'
[0.595s] INFO:colcon.colcon_core.shell:Creating environment hook '/home/purushottam/ros2_ws/install/actions_py/share/actions_py/hook/ament_prefix_path.sh'
[0.596s] INFO:colcon.colcon_core.shell:Skip shell extension 'powershell' for command environment: Not usable outside of PowerShell
[0.596s] DEBUG:colcon.colcon_core.shell:Skip shell extension 'dsv' for command environment
[0.786s] INFO:colcon.colcon_core.task.python.build:Building Python package in '/home/purushottam/ros2_ws/src/actions_py'
[0.786s] INFO:colcon.colcon_core.shell:Skip shell extension 'powershell' for command environment: Not usable outside of PowerShell
[0.787s] DEBUG:colcon.colcon_core.shell:Skip shell extension 'dsv' for command environment
[0.791s] DEBUG:colcon.colcon_core.event_handler.log_command:Invoking command in '/home/purushottam/ros2_ws/src/my_robot_controller': PYTHONPATH=/home/purushottam/ros2_ws/build/my_robot_controller/prefix_override:/usr/lib/python3/dist-packages/colcon_core/task/python/colcon_distutils_commands:/home/purushottam/ros2_ws/install/my_robot_controller/lib/python3.10/site-packages:${PYTHONPATH} /usr/bin/python3 -W ignore:setup.py install is deprecated -W ignore:easy_install command is deprecated setup.py egg_info --egg-base ../../build/my_robot_controller build --build-base /home/purushottam/ros2_ws/build/my_robot_controller/build install --record /home/purushottam/ros2_ws/build/my_robot_controller/install.log --single-version-externally-managed install_data
[1.008s] Level 1:colcon.colcon_core.environment:checking '/home/purushottam/ros2_ws/install/my_robot_controller' for CMake module files
[1.008s] DEBUG:colcon.colcon_core.event_handler.log_command:Invoked command in '/home/purushottam/ros2_ws/src/my_robot_controller' returned '0': PYTHONPATH=/home/purushottam/ros2_ws/build/my_robot_controller/prefix_override:/usr/lib/python3/dist-packages/colcon_core/task/python/colcon_distutils_commands:/home/purushottam/ros2_ws/install/my_robot_controller/lib/python3.10/site-packages:${PYTHONPATH} /usr/bin/python3 -W ignore:setup.py install is deprecated -W ignore:easy_install command is deprecated setup.py egg_info --egg-base ../../build/my_robot_controller build --build-base /home/purushottam/ros2_ws/build/my_robot_controller/build install --record /home/purushottam/ros2_ws/build/my_robot_controller/install.log --single-version-externally-managed install_data
[1.008s] Level 1:colcon.colcon_core.environment:checking '/home/purushottam/ros2_ws/install/my_robot_controller' for CMake config files
[1.009s] Level 1:colcon.colcon_core.environment:checking '/home/purushottam/ros2_ws/install/my_robot_controller/lib'
[1.009s] Level 1:colcon.colcon_core.environment:checking '/home/purushottam/ros2_ws/install/my_robot_controller/bin'
[1.009s] Level 1:colcon.colcon_core.environment:checking '/home/purushottam/ros2_ws/install/my_robot_controller/lib/pkgconfig/my_robot_controller.pc'
[1.009s] Level 1:colcon.colcon_core.environment:checking '/home/purushottam/ros2_ws/install/my_robot_controller/lib/python3.10/site-packages'
[1.009s] Level 1:colcon.colcon_core.shell:create_environment_hook('my_robot_controller', 'pythonpath')
[1.009s] INFO:colcon.colcon_core.shell:Creating environment hook '/home/purushottam/ros2_ws/install/my_robot_controller/share/my_robot_controller/hook/pythonpath.ps1'
[1.010s] INFO:colcon.colcon_core.shell:Creating environment descriptor '/home/purushottam/ros2_ws/install/my_robot_controller/share/my_robot_controller/hook/pythonpath.dsv'
[1.010s] INFO:colcon.colcon_core.shell:Creating environment hook '/home/purushottam/ros2_ws/install/my_robot_controller/share/my_robot_controller/hook/pythonpath.sh'
[1.010s] Level 1:colcon.colcon_core.environment:checking '/home/purushottam/ros2_ws/install/my_robot_controller/bin'
[1.010s] Level 1:colcon.colcon_core.environment:create_environment_scripts_only(my_robot_controller)
[1.010s] INFO:colcon.colcon_core.shell:Creating package script '/home/purushottam/ros2_ws/install/my_robot_controller/share/my_robot_controller/package.ps1'
[1.011s] INFO:colcon.colcon_core.shell:Creating package descriptor '/home/purushottam/ros2_ws/install/my_robot_controller/share/my_robot_controller/package.dsv'
[1.011s] INFO:colcon.colcon_core.shell:Creating package script '/home/purushottam/ros2_ws/install/my_robot_controller/share/my_robot_controller/package.sh'
[1.011s] INFO:colcon.colcon_core.shell:Creating package script '/home/purushottam/ros2_ws/install/my_robot_controller/share/my_robot_controller/package.bash'
[1.012s] INFO:colcon.colcon_core.shell:Creating package script '/home/purushottam/ros2_ws/install/my_robot_controller/share/my_robot_controller/package.zsh'
[1.012s] Level 1:colcon.colcon_core.environment:create_file_with_runtime_dependencies(/home/purushottam/ros2_ws/install/my_robot_controller/share/colcon-core/packages/my_robot_controller)
[1.058s] DEBUG:colcon.colcon_core.event_handler.log_command:Invoking command in '/home/purushottam/ros2_ws/src/actions_py': LD_LIBRARY_PATH=/home/purushottam/ros2_ws/install/my_robot_interfaces/lib:/usr/lib/x86_64-linux-gnu/gazebo-11/plugins:/opt/ros/humble/opt/rviz_ogre_vendor/lib:/opt/ros/humble/lib/x86_64-linux-gnu:/opt/ros/humble/lib:/usr/local/cuda-12.2/lib64 PYTHONPATH=/home/purushottam/ros2_ws/build/actions_py/prefix_override:/usr/lib/python3/dist-packages/colcon_core/task/python/colcon_distutils_commands:/home/purushottam/ros2_ws/install/actions_py/lib/python3.10/site-packages:${PYTHONPATH} /usr/bin/python3 -W ignore:setup.py install is deprecated -W ignore:easy_install command is deprecated setup.py egg_info --egg-base ../../build/actions_py build --build-base /home/purushottam/ros2_ws/build/actions_py/build install --record /home/purushottam/ros2_ws/build/actions_py/install.log --single-version-externally-managed install_data
[1.257s] Level 1:colcon.colcon_core.environment:checking '/home/purushottam/ros2_ws/install/actions_py' for CMake module files
[1.257s] DEBUG:colcon.colcon_core.event_handler.log_command:Invoked command in '/home/purushottam/ros2_ws/src/actions_py' returned '0': LD_LIBRARY_PATH=/home/purushottam/ros2_ws/install/my_robot_interfaces/lib:/usr/lib/x86_64-linux-gnu/gazebo-11/plugins:/opt/ros/humble/opt/rviz_ogre_vendor/lib:/opt/ros/humble/lib/x86_64-linux-gnu:/opt/ros/humble/lib:/usr/local/cuda-12.2/lib64 PYTHONPATH=/home/purushottam/ros2_ws/build/actions_py/prefix_override:/usr/lib/python3/dist-packages/colcon_core/task/python/colcon_distutils_commands:/home/purushottam/ros2_ws/install/actions_py/lib/python3.10/site-packages:${PYTHONPATH} /usr/bin/python3 -W ignore:setup.py install is deprecated -W ignore:easy_install command is deprecated setup.py egg_info --egg-base ../../build/actions_py build --build-base /home/purushottam/ros2_ws/build/actions_py/build install --record /home/purushottam/ros2_ws/build/actions_py/install.log --single-version-externally-managed install_data
[1.258s] Level 1:colcon.colcon_core.environment:checking '/home/purushottam/ros2_ws/install/actions_py' for CMake config files
[1.258s] Level 1:colcon.colcon_core.environment:checking '/home/purushottam/ros2_ws/install/actions_py/lib'
[1.258s] Level 1:colcon.colcon_core.environment:checking '/home/purushottam/ros2_ws/install/actions_py/bin'
[1.258s] Level 1:colcon.colcon_core.environment:checking '/home/purushottam/ros2_ws/install/actions_py/lib/pkgconfig/actions_py.pc'
[1.258s] Level 1:colcon.colcon_core.environment:checking '/home/purushottam/ros2_ws/install/actions_py/lib/python3.10/site-packages'
[1.258s] Level 1:colcon.colcon_core.shell:create_environment_hook('actions_py', 'pythonpath')
[1.258s] INFO:colcon.colcon_core.shell:Creating environment hook '/home/purushottam/ros2_ws/install/actions_py/share/actions_py/hook/pythonpath.ps1'
[1.259s] INFO:colcon.colcon_core.shell:Creating environment descriptor '/home/purushottam/ros2_ws/install/actions_py/share/actions_py/hook/pythonpath.dsv'
[1.259s] INFO:colcon.colcon_core.shell:Creating environment hook '/home/purushottam/ros2_ws/install/actions_py/share/actions_py/hook/pythonpath.sh'
[1.260s] Level 1:colcon.colcon_core.environment:checking '/home/purushottam/ros2_ws/install/actions_py/bin'
[1.260s] Level 1:colcon.colcon_core.environment:create_environment_scripts_only(actions_py)
[1.260s] INFO:colcon.colcon_core.shell:Creating package script '/home/purushottam/ros2_ws/install/actions_py/share/actions_py/package.ps1'
[1.260s] INFO:colcon.colcon_core.shell:Creating package descriptor '/home/purushottam/ros2_ws/install/actions_py/share/actions_py/package.dsv'
[1.261s] INFO:colcon.colcon_core.shell:Creating package script '/home/purushottam/ros2_ws/install/actions_py/share/actions_py/package.sh'
[1.261s] INFO:colcon.colcon_core.shell:Creating package script '/home/purushottam/ros2_ws/install/actions_py/share/actions_py/package.bash'
[1.261s] INFO:colcon.colcon_core.shell:Creating package script '/home/purushottam/ros2_ws/install/actions_py/share/actions_py/package.zsh'
[1.261s] Level 1:colcon.colcon_core.environment:create_file_with_runtime_dependencies(/home/purushottam/ros2_ws/install/actions_py/share/colcon-core/packages/actions_py)
[1.262s] DEBUG:colcon.colcon_parallel_executor.executor.parallel:closing loop
[1.262s] DEBUG:colcon.colcon_parallel_executor.executor.parallel:loop closed
[1.262s] DEBUG:colcon.colcon_parallel_executor.executor.parallel:run_until_complete finished with '0'
[1.262s] DEBUG:colcon.colcon_core.event_reactor:joining thread
[1.267s] INFO:colcon.colcon_core.plugin_system:Skipping extension 'colcon_notification.desktop_notification.terminal_notifier': Not used on non-Darwin systems
[1.267s] INFO:colcon.colcon_core.plugin_system:Skipping extension 'colcon_notification.desktop_notification.win32': Not used on non-Windows systems
[1.268s] INFO:colcon.colcon_notification.desktop_notification:Sending desktop notification using 'notify2'
[1.276s] DEBUG:colcon.colcon_core.event_reactor:joined thread
[1.276s] INFO:colcon.colcon_core.shell:Creating prefix script '/home/purushottam/ros2_ws/install/local_setup.ps1'
[1.278s] INFO:colcon.colcon_core.shell:Creating prefix util module '/home/purushottam/ros2_ws/install/_local_setup_util_ps1.py'
[1.279s] INFO:colcon.colcon_core.shell:Creating prefix chain script '/home/purushottam/ros2_ws/install/setup.ps1'
[1.281s] INFO:colcon.colcon_core.shell:Creating prefix script '/home/purushottam/ros2_ws/install/local_setup.sh'
[1.282s] INFO:colcon.colcon_core.shell:Creating prefix util module '/home/purushottam/ros2_ws/install/_local_setup_util_sh.py'
[1.283s] INFO:colcon.colcon_core.shell:Creating prefix chain script '/home/purushottam/ros2_ws/install/setup.sh'
[1.284s] INFO:colcon.colcon_core.shell:Creating prefix script '/home/purushottam/ros2_ws/install/local_setup.bash'
[1.284s] INFO:colcon.colcon_core.shell:Creating prefix chain script '/home/purushottam/ros2_ws/install/setup.bash'
[1.285s] INFO:colcon.colcon_core.shell:Creating prefix script '/home/purushottam/ros2_ws/install/local_setup.zsh'
[1.286s] INFO:colcon.colcon_core.shell:Creating prefix chain script '/home/purushottam/ros2_ws/install/setup.zsh'
