[0.207s] Invoking command in '/home/purushottam/ros2_ws/build/my_robot_description': CMAKE_PREFIX_PATH=${CMAKE_PREFIX_PATH}:/home/purushottam/ros2_ws/install/actions_py:/home/purushottam/ros2_ws/install/my_robot_controller:/opt/ros/humble /usr/bin/cmake /home/purushottam/ros2_ws/src/my_robot_description -DCMAKE_INSTALL_PREFIX=/home/purushottam/ros2_ws/install/my_robot_description
[0.304s] -- The C compiler identification is GNU 12.3.0
[0.399s] -- The CXX compiler identification is GNU 12.3.0
[0.406s] -- Detecting C compiler ABI info
[0.459s] -- Detecting C compiler ABI info - done
[0.464s] -- Check for working C compiler: /usr/bin/cc - skipped
[0.464s] -- Detecting C compile features
[0.465s] -- Detecting C compile features - done
[0.467s] -- Detecting CXX compiler ABI info
[0.526s] -- Detecting CXX compiler ABI info - done
[0.531s] -- Check for working CXX compiler: /usr/bin/c++ - skipped
[0.531s] -- Detecting CXX compile features
[0.532s] -- Detecting CXX compile features - done
[0.535s] -- Found ament_cmake: 1.3.12 (/opt/ros/humble/share/ament_cmake/cmake)
[0.645s] -- Found Python3: /usr/bin/python3 (found version "3.10.12") found components: Interpreter 
[0.767s] -- Configuring done
[0.769s] -- Generating done
[0.770s] -- Build files have been written to: /home/purushottam/ros2_ws/build/my_robot_description
[0.774s] Invoked command in '/home/purushottam/ros2_ws/build/my_robot_description' returned '0': CMAKE_PREFIX_PATH=${CMAKE_PREFIX_PATH}:/home/purushottam/ros2_ws/install/actions_py:/home/purushottam/ros2_ws/install/my_robot_controller:/opt/ros/humble /usr/bin/cmake /home/purushottam/ros2_ws/src/my_robot_description -DCMAKE_INSTALL_PREFIX=/home/purushottam/ros2_ws/install/my_robot_description
[0.775s] Invoking command in '/home/purushottam/ros2_ws/build/my_robot_description': CMAKE_PREFIX_PATH=${CMAKE_PREFIX_PATH}:/home/purushottam/ros2_ws/install/actions_py:/home/purushottam/ros2_ws/install/my_robot_controller:/opt/ros/humble /usr/bin/cmake --build /home/purushottam/ros2_ws/build/my_robot_description -- -j8 -l8
[0.807s] Invoked command in '/home/purushottam/ros2_ws/build/my_robot_description' returned '0': CMAKE_PREFIX_PATH=${CMAKE_PREFIX_PATH}:/home/purushottam/ros2_ws/install/actions_py:/home/purushottam/ros2_ws/install/my_robot_controller:/opt/ros/humble /usr/bin/cmake --build /home/purushottam/ros2_ws/build/my_robot_description -- -j8 -l8
[0.809s] Invoking command in '/home/purushottam/ros2_ws/build/my_robot_description': CMAKE_PREFIX_PATH=${CMAKE_PREFIX_PATH}:/home/purushottam/ros2_ws/install/actions_py:/home/purushottam/ros2_ws/install/my_robot_controller:/opt/ros/humble /usr/bin/cmake --install /home/purushottam/ros2_ws/build/my_robot_description
[0.814s] -- Install configuration: ""
[0.814s] -- Installing: /home/purushottam/ros2_ws/install/my_robot_description/share/my_robot_description/launch
[0.815s] -- Installing: /home/purushottam/ros2_ws/install/my_robot_description/share/my_robot_description/launch/display.launch.xml
[0.815s] -- Installing: /home/purushottam/ros2_ws/install/my_robot_description/share/my_robot_description/rviz
[0.815s] -- Installing: /home/purushottam/ros2_ws/install/my_robot_description/share/my_robot_description/rviz/urdf_config.rviz
[0.815s] -- Installing: /home/purushottam/ros2_ws/install/my_robot_description/share/my_robot_description/urdf
[0.815s] -- Installing: /home/purushottam/ros2_ws/install/my_robot_description/share/my_robot_description/urdf/arm.xacro
[0.815s] -- Installing: /home/purushottam/ros2_ws/install/my_robot_description/share/my_robot_description/urdf/my_robot.urdf.xacro
[0.815s] -- Installing: /home/purushottam/ros2_ws/install/my_robot_description/share/my_robot_description/urdf/common_properties.xacro
[0.815s] -- Installing: /home/purushottam/ros2_ws/install/my_robot_description/share/ament_index/resource_index/package_run_dependencies/my_robot_description
[0.815s] -- Installing: /home/purushottam/ros2_ws/install/my_robot_description/share/ament_index/resource_index/parent_prefix_path/my_robot_description
[0.816s] -- Installing: /home/purushottam/ros2_ws/install/my_robot_description/share/my_robot_description/environment/ament_prefix_path.sh
[0.816s] -- Installing: /home/purushottam/ros2_ws/install/my_robot_description/share/my_robot_description/environment/ament_prefix_path.dsv
[0.816s] -- Installing: /home/purushottam/ros2_ws/install/my_robot_description/share/my_robot_description/environment/path.sh
[0.816s] -- Installing: /home/purushottam/ros2_ws/install/my_robot_description/share/my_robot_description/environment/path.dsv
[0.816s] -- Installing: /home/purushottam/ros2_ws/install/my_robot_description/share/my_robot_description/local_setup.bash
[0.816s] -- Installing: /home/purushottam/ros2_ws/install/my_robot_description/share/my_robot_description/local_setup.sh
[0.816s] -- Installing: /home/purushottam/ros2_ws/install/my_robot_description/share/my_robot_description/local_setup.zsh
[0.816s] -- Installing: /home/purushottam/ros2_ws/install/my_robot_description/share/my_robot_description/local_setup.dsv
[0.816s] -- Installing: /home/purushottam/ros2_ws/install/my_robot_description/share/my_robot_description/package.dsv
[0.816s] -- Installing: /home/purushottam/ros2_ws/install/my_robot_description/share/ament_index/resource_index/packages/my_robot_description
[0.816s] -- Installing: /home/purushottam/ros2_ws/install/my_robot_description/share/my_robot_description/cmake/my_robot_descriptionConfig.cmake
[0.817s] -- Installing: /home/purushottam/ros2_ws/install/my_robot_description/share/my_robot_description/cmake/my_robot_descriptionConfig-version.cmake
[0.817s] -- Installing: /home/purushottam/ros2_ws/install/my_robot_description/share/my_robot_description/package.xml
[0.818s] Invoked command in '/home/purushottam/ros2_ws/build/my_robot_description' returned '0': CMAKE_PREFIX_PATH=${CMAKE_PREFIX_PATH}:/home/purushottam/ros2_ws/install/actions_py:/home/purushottam/ros2_ws/install/my_robot_controller:/opt/ros/humble /usr/bin/cmake --install /home/purushottam/ros2_ws/build/my_robot_description
