[0.008s] Invoking command in '/home/purushottam/ros2_ws/build/my_robot_moveit_config': CMAKE_PREFIX_PATH=/home/purushottam/ros2_ws/install/my_robot_description:/home/purushottam/ros2_ws/install/my_robot_interfaces:/home/purushottam/ros2_ws/install/actions_py:/home/purushottam/ros2_ws/install/my_robot_controller:/opt/ros/humble /usr/bin/cmake /home/purushottam/ros2_ws/src/my_robot_moveit_config -DCMAKE_INSTALL_PREFIX=/home/purushottam/ros2_ws/install/my_robot_moveit_config
[0.120s] -- The C compiler identification is GNU 12.3.0
[0.225s] -- The CXX compiler identification is GNU 12.3.0
[0.235s] -- Detecting C compiler ABI info
[0.309s] -- Detecting C compiler ABI info - done
[0.314s] -- Check for working C compiler: /usr/bin/cc - skipped
[0.315s] -- Detecting C compile features
[0.315s] -- Detecting C compile features - done
[0.317s] -- Detecting CXX compiler ABI info
[0.381s] -- Detecting CXX compiler ABI info - done
[0.390s] -- Check for working CXX compiler: /usr/bin/c++ - skipped
[0.390s] -- Detecting CXX compile features
[0.391s] -- Detecting CXX compile features - done
[0.396s] -- Found ament_cmake: 1.3.12 (/opt/ros/humble/share/ament_cmake/cmake)
[0.515s] -- Found Python3: /usr/bin/python3 (found version "3.10.12") found components: Interpreter 
[0.685s] -- Configuring done
[0.687s] -- Generating done
[0.688s] -- Build files have been written to: /home/purushottam/ros2_ws/build/my_robot_moveit_config
[0.692s] Invoked command in '/home/purushottam/ros2_ws/build/my_robot_moveit_config' returned '0': CMAKE_PREFIX_PATH=/home/purushottam/ros2_ws/install/my_robot_description:/home/purushottam/ros2_ws/install/my_robot_interfaces:/home/purushottam/ros2_ws/install/actions_py:/home/purushottam/ros2_ws/install/my_robot_controller:/opt/ros/humble /usr/bin/cmake /home/purushottam/ros2_ws/src/my_robot_moveit_config -DCMAKE_INSTALL_PREFIX=/home/purushottam/ros2_ws/install/my_robot_moveit_config
[0.693s] Invoking command in '/home/purushottam/ros2_ws/build/my_robot_moveit_config': CMAKE_PREFIX_PATH=/home/purushottam/ros2_ws/install/my_robot_description:/home/purushottam/ros2_ws/install/my_robot_interfaces:/home/purushottam/ros2_ws/install/actions_py:/home/purushottam/ros2_ws/install/my_robot_controller:/opt/ros/humble /usr/bin/cmake --build /home/purushottam/ros2_ws/build/my_robot_moveit_config -- -j8 -l8
[0.738s] Invoked command in '/home/purushottam/ros2_ws/build/my_robot_moveit_config' returned '0': CMAKE_PREFIX_PATH=/home/purushottam/ros2_ws/install/my_robot_description:/home/purushottam/ros2_ws/install/my_robot_interfaces:/home/purushottam/ros2_ws/install/actions_py:/home/purushottam/ros2_ws/install/my_robot_controller:/opt/ros/humble /usr/bin/cmake --build /home/purushottam/ros2_ws/build/my_robot_moveit_config -- -j8 -l8
[0.738s] Invoking command in '/home/purushottam/ros2_ws/build/my_robot_moveit_config': CMAKE_PREFIX_PATH=/home/purushottam/ros2_ws/install/my_robot_description:/home/purushottam/ros2_ws/install/my_robot_interfaces:/home/purushottam/ros2_ws/install/actions_py:/home/purushottam/ros2_ws/install/my_robot_controller:/opt/ros/humble /usr/bin/cmake --install /home/purushottam/ros2_ws/build/my_robot_moveit_config
[0.753s] -- Install configuration: ""
[0.753s] -- Installing: /home/purushottam/ros2_ws/install/my_robot_moveit_config/share/ament_index/resource_index/package_run_dependencies/my_robot_moveit_config
[0.753s] -- Installing: /home/purushottam/ros2_ws/install/my_robot_moveit_config/share/ament_index/resource_index/parent_prefix_path/my_robot_moveit_config
[0.753s] -- Installing: /home/purushottam/ros2_ws/install/my_robot_moveit_config/share/my_robot_moveit_config/environment/ament_prefix_path.sh
[0.753s] -- Installing: /home/purushottam/ros2_ws/install/my_robot_moveit_config/share/my_robot_moveit_config/environment/ament_prefix_path.dsv
[0.753s] -- Installing: /home/purushottam/ros2_ws/install/my_robot_moveit_config/share/my_robot_moveit_config/environment/path.sh
[0.753s] -- Installing: /home/purushottam/ros2_ws/install/my_robot_moveit_config/share/my_robot_moveit_config/environment/path.dsv
[0.753s] -- Installing: /home/purushottam/ros2_ws/install/my_robot_moveit_config/share/my_robot_moveit_config/local_setup.bash
[0.753s] -- Installing: /home/purushottam/ros2_ws/install/my_robot_moveit_config/share/my_robot_moveit_config/local_setup.sh
[0.753s] -- Installing: /home/purushottam/ros2_ws/install/my_robot_moveit_config/share/my_robot_moveit_config/local_setup.zsh
[0.753s] -- Installing: /home/purushottam/ros2_ws/install/my_robot_moveit_config/share/my_robot_moveit_config/local_setup.dsv
[0.753s] -- Installing: /home/purushottam/ros2_ws/install/my_robot_moveit_config/share/my_robot_moveit_config/package.dsv
[0.756s] -- Installing: /home/purushottam/ros2_ws/install/my_robot_moveit_config/share/ament_index/resource_index/packages/my_robot_moveit_config
[0.756s] -- Installing: /home/purushottam/ros2_ws/install/my_robot_moveit_config/share/my_robot_moveit_config/cmake/my_robot_moveit_configConfig.cmake
[0.756s] -- Installing: /home/purushottam/ros2_ws/install/my_robot_moveit_config/share/my_robot_moveit_config/cmake/my_robot_moveit_configConfig-version.cmake
[0.756s] -- Installing: /home/purushottam/ros2_ws/install/my_robot_moveit_config/share/my_robot_moveit_config/package.xml
[0.756s] -- Installing: /home/purushottam/ros2_ws/install/my_robot_moveit_config/share/my_robot_moveit_config/launch
[0.756s] -- Installing: /home/purushottam/ros2_ws/install/my_robot_moveit_config/share/my_robot_moveit_config/launch/warehouse_db.launch.py
[0.757s] -- Installing: /home/purushottam/ros2_ws/install/my_robot_moveit_config/share/my_robot_moveit_config/launch/setup_assistant.launch.py
[0.757s] -- Installing: /home/purushottam/ros2_ws/install/my_robot_moveit_config/share/my_robot_moveit_config/launch/spawn_controllers.launch.py
[0.757s] -- Installing: /home/purushottam/ros2_ws/install/my_robot_moveit_config/share/my_robot_moveit_config/launch/demo.launch.py
[0.757s] -- Installing: /home/purushottam/ros2_ws/install/my_robot_moveit_config/share/my_robot_moveit_config/launch/moveit_rviz.launch.py
[0.757s] -- Installing: /home/purushottam/ros2_ws/install/my_robot_moveit_config/share/my_robot_moveit_config/launch/static_virtual_joint_tfs.launch.py
[0.757s] -- Installing: /home/purushottam/ros2_ws/install/my_robot_moveit_config/share/my_robot_moveit_config/launch/rsp.launch.py
[0.757s] -- Installing: /home/purushottam/ros2_ws/install/my_robot_moveit_config/share/my_robot_moveit_config/launch/move_group.launch.py
[0.757s] -- Installing: /home/purushottam/ros2_ws/install/my_robot_moveit_config/share/my_robot_moveit_config/config
[0.757s] -- Installing: /home/purushottam/ros2_ws/install/my_robot_moveit_config/share/my_robot_moveit_config/config/pilz_cartesian_limits.yaml
[0.757s] -- Installing: /home/purushottam/ros2_ws/install/my_robot_moveit_config/share/my_robot_moveit_config/config/joint_limits.yaml
[0.757s] -- Installing: /home/purushottam/ros2_ws/install/my_robot_moveit_config/share/my_robot_moveit_config/config/kinematics.yaml
[0.757s] -- Installing: /home/purushottam/ros2_ws/install/my_robot_moveit_config/share/my_robot_moveit_config/config/ros2_controllers.yaml
[0.757s] -- Installing: /home/purushottam/ros2_ws/install/my_robot_moveit_config/share/my_robot_moveit_config/config/moveit_controllers.yaml
[0.757s] -- Installing: /home/purushottam/ros2_ws/install/my_robot_moveit_config/share/my_robot_moveit_config/config/my_robot.srdf
[0.757s] -- Installing: /home/purushottam/ros2_ws/install/my_robot_moveit_config/share/my_robot_moveit_config/config/moveit.rviz
[0.757s] -- Installing: /home/purushottam/ros2_ws/install/my_robot_moveit_config/share/my_robot_moveit_config/.setup_assistant
[0.761s] Invoked command in '/home/purushottam/ros2_ws/build/my_robot_moveit_config' returned '0': CMAKE_PREFIX_PATH=/home/purushottam/ros2_ws/install/my_robot_description:/home/purushottam/ros2_ws/install/my_robot_interfaces:/home/purushottam/ros2_ws/install/actions_py:/home/purushottam/ros2_ws/install/my_robot_controller:/opt/ros/humble /usr/bin/cmake --install /home/purushottam/ros2_ws/build/my_robot_moveit_config
