[0.219s] Invoking command in '/home/purushottam/ros2_ws/build/my_robot_ros2_control': CMAKE_PREFIX_PATH=${CMAKE_PREFIX_PATH}:/home/purushottam/ros2_ws/install/actions_py:/home/purushottam/ros2_ws/install/my_robot_controller:/opt/ros/humble /usr/bin/cmake --build /home/purushottam/ros2_ws/build/my_robot_ros2_control -- -j8 -l8
[0.263s] Invoked command in '/home/purushottam/ros2_ws/build/my_robot_ros2_control' returned '0': CMAKE_PREFIX_PATH=${CMAKE_PREFIX_PATH}:/home/purushottam/ros2_ws/install/actions_py:/home/purushottam/ros2_ws/install/my_robot_controller:/opt/ros/humble /usr/bin/cmake --build /home/purushottam/ros2_ws/build/my_robot_ros2_control -- -j8 -l8
[0.265s] Invoking command in '/home/purushottam/ros2_ws/build/my_robot_ros2_control': CMAKE_PREFIX_PATH=${CMAKE_PREFIX_PATH}:/home/purushottam/ros2_ws/install/actions_py:/home/purushottam/ros2_ws/install/my_robot_controller:/opt/ros/humble /usr/bin/cmake --install /home/purushottam/ros2_ws/build/my_robot_ros2_control
[0.272s] -- Install configuration: ""
[0.272s] -- Up-to-date: /home/purushottam/ros2_ws/install/my_robot_ros2_control/share/my_robot_ros2_control//urdf
[0.272s] -- Up-to-date: /home/purushottam/ros2_ws/install/my_robot_ros2_control/share/my_robot_ros2_control//urdf/my_robot.urdf.xacro
[0.272s] -- Installing: /home/purushottam/ros2_ws/install/my_robot_ros2_control/share/my_robot_ros2_control//urdf/mobile_base.xacro
[0.272s] -- Up-to-date: /home/purushottam/ros2_ws/install/my_robot_ros2_control/share/my_robot_ros2_control//urdf/common_properties.xacro
[0.272s] -- Up-to-date: /home/purushottam/ros2_ws/install/my_robot_ros2_control/share/my_robot_ros2_control//launch
[0.273s] -- Up-to-date: /home/purushottam/ros2_ws/install/my_robot_ros2_control/share/my_robot_ros2_control//launch/display.launch.xml
[0.273s] -- Up-to-date: /home/purushottam/ros2_ws/install/my_robot_ros2_control/share/my_robot_ros2_control//launch/display.launch.py
[0.273s] -- Up-to-date: /home/purushottam/ros2_ws/install/my_robot_ros2_control/share/my_robot_ros2_control//rviz
[0.273s] -- Up-to-date: /home/purushottam/ros2_ws/install/my_robot_ros2_control/share/my_robot_ros2_control//rviz/urdf_config.rviz
[0.273s] -- Up-to-date: /home/purushottam/ros2_ws/install/my_robot_ros2_control/share/ament_index/resource_index/package_run_dependencies/my_robot_ros2_control
[0.273s] -- Up-to-date: /home/purushottam/ros2_ws/install/my_robot_ros2_control/share/ament_index/resource_index/parent_prefix_path/my_robot_ros2_control
[0.273s] -- Up-to-date: /home/purushottam/ros2_ws/install/my_robot_ros2_control/share/my_robot_ros2_control/environment/ament_prefix_path.sh
[0.273s] -- Up-to-date: /home/purushottam/ros2_ws/install/my_robot_ros2_control/share/my_robot_ros2_control/environment/ament_prefix_path.dsv
[0.273s] -- Up-to-date: /home/purushottam/ros2_ws/install/my_robot_ros2_control/share/my_robot_ros2_control/environment/path.sh
[0.273s] -- Up-to-date: /home/purushottam/ros2_ws/install/my_robot_ros2_control/share/my_robot_ros2_control/environment/path.dsv
[0.274s] -- Up-to-date: /home/purushottam/ros2_ws/install/my_robot_ros2_control/share/my_robot_ros2_control/local_setup.bash
[0.274s] -- Up-to-date: /home/purushottam/ros2_ws/install/my_robot_ros2_control/share/my_robot_ros2_control/local_setup.sh
[0.274s] -- Up-to-date: /home/purushottam/ros2_ws/install/my_robot_ros2_control/share/my_robot_ros2_control/local_setup.zsh
[0.274s] -- Up-to-date: /home/purushottam/ros2_ws/install/my_robot_ros2_control/share/my_robot_ros2_control/local_setup.dsv
[0.274s] -- Up-to-date: /home/purushottam/ros2_ws/install/my_robot_ros2_control/share/my_robot_ros2_control/package.dsv
[0.274s] -- Up-to-date: /home/purushottam/ros2_ws/install/my_robot_ros2_control/share/ament_index/resource_index/packages/my_robot_ros2_control
[0.274s] -- Up-to-date: /home/purushottam/ros2_ws/install/my_robot_ros2_control/share/my_robot_ros2_control/cmake/my_robot_ros2_controlConfig.cmake
[0.274s] -- Up-to-date: /home/purushottam/ros2_ws/install/my_robot_ros2_control/share/my_robot_ros2_control/cmake/my_robot_ros2_controlConfig-version.cmake
[0.274s] -- Up-to-date: /home/purushottam/ros2_ws/install/my_robot_ros2_control/share/my_robot_ros2_control/package.xml
[0.276s] Invoked command in '/home/purushottam/ros2_ws/build/my_robot_ros2_control' returned '0': CMAKE_PREFIX_PATH=${CMAKE_PREFIX_PATH}:/home/purushottam/ros2_ws/install/actions_py:/home/purushottam/ros2_ws/install/my_robot_controller:/opt/ros/humble /usr/bin/cmake --install /home/purushottam/ros2_ws/build/my_robot_ros2_control
