[0.214s] Invoking command in '/home/purushottam/ros2_ws/build/ros2_control': CMAKE_PREFIX_PATH=${CMAKE_PREFIX_PATH}:/home/purushottam/ros2_ws/install/actions_py:/home/purushottam/ros2_ws/install/my_robot_controller:/opt/ros/humble /usr/bin/cmake /home/purushottam/ros2_ws/src/ros2_control -DCMAKE_INSTALL_PREFIX=/home/purushottam/ros2_ws/install/ros2_control
[0.322s] -- The C compiler identification is GNU 12.3.0
[0.409s] -- The CXX compiler identification is GNU 12.3.0
[0.416s] -- Detecting C compiler ABI info
[0.466s] -- Detecting C compiler ABI info - done
[0.471s] -- Check for working C compiler: /usr/bin/cc - skipped
[0.471s] -- Detecting C compile features
[0.472s] -- Detecting C compile features - done
[0.474s] -- Detecting CXX compiler ABI info
[0.533s] -- Detecting CXX compiler ABI info - done
[0.538s] -- Check for working CXX compiler: /usr/bin/c++ - skipped
[0.538s] -- Detecting CXX compile features
[0.538s] -- Detecting CXX compile features - done
[0.541s] -- Found ament_cmake: 1.3.12 (/opt/ros/humble/share/ament_cmake/cmake)
[0.656s] -- Found Python3: /usr/bin/python3 (found version "3.10.12") found components: Interpreter 
[0.785s] -- Configuring done
[0.787s] -- Generating done
[0.788s] -- Build files have been written to: /home/purushottam/ros2_ws/build/ros2_control
[0.792s] Invoked command in '/home/purushottam/ros2_ws/build/ros2_control' returned '0': CMAKE_PREFIX_PATH=${CMAKE_PREFIX_PATH}:/home/purushottam/ros2_ws/install/actions_py:/home/purushottam/ros2_ws/install/my_robot_controller:/opt/ros/humble /usr/bin/cmake /home/purushottam/ros2_ws/src/ros2_control -DCMAKE_INSTALL_PREFIX=/home/purushottam/ros2_ws/install/ros2_control
[0.794s] Invoking command in '/home/purushottam/ros2_ws/build/ros2_control': CMAKE_PREFIX_PATH=${CMAKE_PREFIX_PATH}:/home/purushottam/ros2_ws/install/actions_py:/home/purushottam/ros2_ws/install/my_robot_controller:/opt/ros/humble /usr/bin/cmake --build /home/purushottam/ros2_ws/build/ros2_control -- -j8 -l8
[0.826s] Invoked command in '/home/purushottam/ros2_ws/build/ros2_control' returned '0': CMAKE_PREFIX_PATH=${CMAKE_PREFIX_PATH}:/home/purushottam/ros2_ws/install/actions_py:/home/purushottam/ros2_ws/install/my_robot_controller:/opt/ros/humble /usr/bin/cmake --build /home/purushottam/ros2_ws/build/ros2_control -- -j8 -l8
[0.827s] Invoking command in '/home/purushottam/ros2_ws/build/ros2_control': CMAKE_PREFIX_PATH=${CMAKE_PREFIX_PATH}:/home/purushottam/ros2_ws/install/actions_py:/home/purushottam/ros2_ws/install/my_robot_controller:/opt/ros/humble /usr/bin/cmake --install /home/purushottam/ros2_ws/build/ros2_control
[0.833s] -- Install configuration: ""
[0.833s] -- Installing: /home/purushottam/ros2_ws/install/ros2_control/share/ros2_control//urdf
[0.834s] -- Installing: /home/purushottam/ros2_ws/install/ros2_control/share/ros2_control//urdf/my_robot.urdf.xacro
[0.834s] -- Installing: /home/purushottam/ros2_ws/install/ros2_control/share/ros2_control//urdf/mobile_base.xacro
[0.834s] -- Installing: /home/purushottam/ros2_ws/install/ros2_control/share/ros2_control//urdf/common_properties.xacro
[0.834s] -- Installing: /home/purushottam/ros2_ws/install/ros2_control/share/ros2_control//launch
[0.834s] -- Installing: /home/purushottam/ros2_ws/install/ros2_control/share/ros2_control//launch/display.launch.xml
[0.834s] -- Installing: /home/purushottam/ros2_ws/install/ros2_control/share/ros2_control//launch/display.launch.py
[0.834s] -- Installing: /home/purushottam/ros2_ws/install/ros2_control/share/ros2_control//rviz
[0.834s] -- Installing: /home/purushottam/ros2_ws/install/ros2_control/share/ros2_control//rviz/urdf_config.rviz
[0.834s] -- Installing: /home/purushottam/ros2_ws/install/ros2_control/share/ament_index/resource_index/package_run_dependencies/ros2_control
[0.834s] -- Installing: /home/purushottam/ros2_ws/install/ros2_control/share/ament_index/resource_index/parent_prefix_path/ros2_control
[0.834s] -- Installing: /home/purushottam/ros2_ws/install/ros2_control/share/ros2_control/environment/ament_prefix_path.sh
[0.834s] -- Installing: /home/purushottam/ros2_ws/install/ros2_control/share/ros2_control/environment/ament_prefix_path.dsv
[0.834s] -- Installing: /home/purushottam/ros2_ws/install/ros2_control/share/ros2_control/environment/path.sh
[0.834s] -- Installing: /home/purushottam/ros2_ws/install/ros2_control/share/ros2_control/environment/path.dsv
[0.835s] -- Installing: /home/purushottam/ros2_ws/install/ros2_control/share/ros2_control/local_setup.bash
[0.835s] -- Installing: /home/purushottam/ros2_ws/install/ros2_control/share/ros2_control/local_setup.sh
[0.835s] -- Installing: /home/purushottam/ros2_ws/install/ros2_control/share/ros2_control/local_setup.zsh
[0.835s] -- Installing: /home/purushottam/ros2_ws/install/ros2_control/share/ros2_control/local_setup.dsv
[0.835s] -- Installing: /home/purushottam/ros2_ws/install/ros2_control/share/ros2_control/package.dsv
[0.835s] -- Installing: /home/purushottam/ros2_ws/install/ros2_control/share/ament_index/resource_index/packages/ros2_control
[0.835s] -- Installing: /home/purushottam/ros2_ws/install/ros2_control/share/ros2_control/cmake/ros2_controlConfig.cmake
[0.835s] -- Installing: /home/purushottam/ros2_ws/install/ros2_control/share/ros2_control/cmake/ros2_controlConfig-version.cmake
[0.835s] -- Installing: /home/purushottam/ros2_ws/install/ros2_control/share/ros2_control/package.xml
[0.837s] Invoked command in '/home/purushottam/ros2_ws/build/ros2_control' returned '0': CMAKE_PREFIX_PATH=${CMAKE_PREFIX_PATH}:/home/purushottam/ros2_ws/install/actions_py:/home/purushottam/ros2_ws/install/my_robot_controller:/opt/ros/humble /usr/bin/cmake --install /home/purushottam/ros2_ws/build/ros2_control
