[0.400s] Invoking command in '/home/purushottam/ros2_ws/build/actions_py': LD_LIBRARY_PATH=/home/purushottam/ros2_ws/install/my_robot_interfaces/lib:/opt/ros/humble/opt/rviz_ogre_vendor/lib:/opt/ros/humble/lib/x86_64-linux-gnu:/opt/ros/humble/lib:/usr/local/cuda-12.2/lib64 PYTHONPATH=/home/purushottam/ros2_ws/build/actions_py/prefix_override:/usr/lib/python3/dist-packages/colcon_core/task/python/colcon_distutils_commands:/home/purushottam/ros2_ws/install/actions_py/lib/python3.10/site-packages:${PYTHONPATH} /usr/bin/python3 -W ignore:setup.py install is deprecated -W ignore:easy_install command is deprecated setup.py develop --editable --build-directory /home/purushottam/ros2_ws/build/actions_py/build --no-deps symlink_data --force
[0.568s] running develop
[0.666s] running egg_info
[0.666s] writing actions_py.egg-info/PKG-INFO
[0.666s] writing dependency_links to actions_py.egg-info/dependency_links.txt
[0.666s] writing entry points to actions_py.egg-info/entry_points.txt
[0.667s] writing requirements to actions_py.egg-info/requires.txt
[0.667s] writing top-level names to actions_py.egg-info/top_level.txt
[0.668s] reading manifest file 'actions_py.egg-info/SOURCES.txt'
[0.668s] writing manifest file 'actions_py.egg-info/SOURCES.txt'
[0.669s] running build_ext
[0.669s] Creating /home/purushottam/ros2_ws/install/actions_py/lib/python3.10/site-packages/actions-py.egg-link (link to .)
[0.670s] Installing count_until_client script to /home/purushottam/ros2_ws/install/actions_py/lib/actions_py
[0.670s] Installing count_until_server script to /home/purushottam/ros2_ws/install/actions_py/lib/actions_py
[0.670s] 
[0.670s] Installed /home/purushottam/ros2_ws/build/actions_py
[0.670s] running symlink_data
[0.670s] symbolically linking /home/purushottam/ros2_ws/build/actions_py/resource/actions_py -> /home/purushottam/ros2_ws/install/actions_py/share/ament_index/resource_index/packages
[0.670s] symbolically linking /home/purushottam/ros2_ws/build/actions_py/package.xml -> /home/purushottam/ros2_ws/install/actions_py/share/actions_py
[0.694s] Invoked command in '/home/purushottam/ros2_ws/build/actions_py' returned '0': LD_LIBRARY_PATH=/home/purushottam/ros2_ws/install/my_robot_interfaces/lib:/opt/ros/humble/opt/rviz_ogre_vendor/lib:/opt/ros/humble/lib/x86_64-linux-gnu:/opt/ros/humble/lib:/usr/local/cuda-12.2/lib64 PYTHONPATH=/home/purushottam/ros2_ws/build/actions_py/prefix_override:/usr/lib/python3/dist-packages/colcon_core/task/python/colcon_distutils_commands:/home/purushottam/ros2_ws/install/actions_py/lib/python3.10/site-packages:${PYTHONPATH} /usr/bin/python3 -W ignore:setup.py install is deprecated -W ignore:easy_install command is deprecated setup.py develop --editable --build-directory /home/purushottam/ros2_ws/build/actions_py/build --no-deps symlink_data --force
