[0.420s] Invoking command in '/home/purushottam/ros2_ws/build/actions_py': LD_LIBRARY_PATH=/home/purushottam/ros2_ws/install/my_robot_interfaces/lib:/usr/lib/x86_64-linux-gnu/gazebo-11/plugins:/opt/ros/humble/opt/rviz_ogre_vendor/lib:/opt/ros/humble/lib/x86_64-linux-gnu:/opt/ros/humble/lib:/usr/local/cuda-12.2/lib64 PYTHONPATH=/home/purushottam/ros2_ws/build/actions_py/prefix_override:/usr/lib/python3/dist-packages/colcon_core/task/python/colcon_distutils_commands:/home/purushottam/ros2_ws/install/actions_py/lib/python3.10/site-packages:${PYTHONPATH} /usr/bin/python3 -W ignore:setup.py install is deprecated -W ignore:easy_install command is deprecated setup.py develop --uninstall --editable --build-directory /home/purushottam/ros2_ws/build/actions_py/build
[0.594s] running develop
[0.709s] Removing /home/purushottam/ros2_ws/install/actions_py/lib/python3.10/site-packages/actions-py.egg-link (link to .)
[0.731s] Invoked command in '/home/purushottam/ros2_ws/build/actions_py' returned '0': LD_LIBRARY_PATH=/home/purushottam/ros2_ws/install/my_robot_interfaces/lib:/usr/lib/x86_64-linux-gnu/gazebo-11/plugins:/opt/ros/humble/opt/rviz_ogre_vendor/lib:/opt/ros/humble/lib/x86_64-linux-gnu:/opt/ros/humble/lib:/usr/local/cuda-12.2/lib64 PYTHONPATH=/home/purushottam/ros2_ws/build/actions_py/prefix_override:/usr/lib/python3/dist-packages/colcon_core/task/python/colcon_distutils_commands:/home/purushottam/ros2_ws/install/actions_py/lib/python3.10/site-packages:${PYTHONPATH} /usr/bin/python3 -W ignore:setup.py install is deprecated -W ignore:easy_install command is deprecated setup.py develop --uninstall --editable --build-directory /home/purushottam/ros2_ws/build/actions_py/build
[0.733s] Invoking command in '/home/purushottam/ros2_ws/src/actions_py': LD_LIBRARY_PATH=/home/purushottam/ros2_ws/install/my_robot_interfaces/lib:/usr/lib/x86_64-linux-gnu/gazebo-11/plugins:/opt/ros/humble/opt/rviz_ogre_vendor/lib:/opt/ros/humble/lib/x86_64-linux-gnu:/opt/ros/humble/lib:/usr/local/cuda-12.2/lib64 PYTHONPATH=/home/purushottam/ros2_ws/build/actions_py/prefix_override:/usr/lib/python3/dist-packages/colcon_core/task/python/colcon_distutils_commands:/home/purushottam/ros2_ws/install/actions_py/lib/python3.10/site-packages:${PYTHONPATH} /usr/bin/python3 -W ignore:setup.py install is deprecated -W ignore:easy_install command is deprecated setup.py egg_info --egg-base ../../build/actions_py build --build-base /home/purushottam/ros2_ws/build/actions_py/build install --record /home/purushottam/ros2_ws/build/actions_py/install.log --single-version-externally-managed install_data --force
[0.885s] running egg_info
[0.885s] writing ../../build/actions_py/actions_py.egg-info/PKG-INFO
[0.885s] writing dependency_links to ../../build/actions_py/actions_py.egg-info/dependency_links.txt
[0.885s] writing entry points to ../../build/actions_py/actions_py.egg-info/entry_points.txt
[0.885s] writing requirements to ../../build/actions_py/actions_py.egg-info/requires.txt
[0.885s] writing top-level names to ../../build/actions_py/actions_py.egg-info/top_level.txt
[0.886s] reading manifest file '../../build/actions_py/actions_py.egg-info/SOURCES.txt'
[0.894s] writing manifest file '../../build/actions_py/actions_py.egg-info/SOURCES.txt'
[0.894s] running build
[0.894s] running build_py
[0.898s] copying actions_py/count_until_server.py -> /home/purushottam/ros2_ws/build/actions_py/build/lib/actions_py
[0.898s] copying actions_py/count_until_client.py -> /home/purushottam/ros2_ws/build/actions_py/build/lib/actions_py
[0.899s] running install
[0.899s] running install_lib
[0.900s] creating /home/purushottam/ros2_ws/install/actions_py/lib/python3.10/site-packages/actions_py
[0.900s] copying /home/purushottam/ros2_ws/build/actions_py/build/lib/actions_py/count_until_server.py -> /home/purushottam/ros2_ws/install/actions_py/lib/python3.10/site-packages/actions_py
[0.900s] copying /home/purushottam/ros2_ws/build/actions_py/build/lib/actions_py/count_until_client.py -> /home/purushottam/ros2_ws/install/actions_py/lib/python3.10/site-packages/actions_py
[0.900s] copying /home/purushottam/ros2_ws/build/actions_py/build/lib/actions_py/__init__.py -> /home/purushottam/ros2_ws/install/actions_py/lib/python3.10/site-packages/actions_py
[0.900s] byte-compiling /home/purushottam/ros2_ws/install/actions_py/lib/python3.10/site-packages/actions_py/count_until_server.py to count_until_server.cpython-310.pyc
[0.900s] byte-compiling /home/purushottam/ros2_ws/install/actions_py/lib/python3.10/site-packages/actions_py/count_until_client.py to count_until_client.cpython-310.pyc
[0.901s] byte-compiling /home/purushottam/ros2_ws/install/actions_py/lib/python3.10/site-packages/actions_py/__init__.py to __init__.cpython-310.pyc
[0.901s] running install_data
[0.901s] copying resource/actions_py -> /home/purushottam/ros2_ws/install/actions_py/share/ament_index/resource_index/packages
[0.901s] copying package.xml -> /home/purushottam/ros2_ws/install/actions_py/share/actions_py
[0.901s] running install_egg_info
[0.903s] Copying ../../build/actions_py/actions_py.egg-info to /home/purushottam/ros2_ws/install/actions_py/lib/python3.10/site-packages/actions_py-0.0.0-py3.10.egg-info
[0.903s] running install_scripts
[0.917s] Installing count_until_client script to /home/purushottam/ros2_ws/install/actions_py/lib/actions_py
[0.917s] Installing count_until_server script to /home/purushottam/ros2_ws/install/actions_py/lib/actions_py
[0.917s] writing list of installed files to '/home/purushottam/ros2_ws/build/actions_py/install.log'
[0.936s] Invoked command in '/home/purushottam/ros2_ws/src/actions_py' returned '0': LD_LIBRARY_PATH=/home/purushottam/ros2_ws/install/my_robot_interfaces/lib:/usr/lib/x86_64-linux-gnu/gazebo-11/plugins:/opt/ros/humble/opt/rviz_ogre_vendor/lib:/opt/ros/humble/lib/x86_64-linux-gnu:/opt/ros/humble/lib:/usr/local/cuda-12.2/lib64 PYTHONPATH=/home/purushottam/ros2_ws/build/actions_py/prefix_override:/usr/lib/python3/dist-packages/colcon_core/task/python/colcon_distutils_commands:/home/purushottam/ros2_ws/install/actions_py/lib/python3.10/site-packages:${PYTHONPATH} /usr/bin/python3 -W ignore:setup.py install is deprecated -W ignore:easy_install command is deprecated setup.py egg_info --egg-base ../../build/actions_py build --build-base /home/purushottam/ros2_ws/build/actions_py/build install --record /home/purushottam/ros2_ws/build/actions_py/install.log --single-version-externally-managed install_data --force
