[0.415s] Invoking command in '/home/purushottam/ros2_ws/src/actions_py': LD_LIBRARY_PATH=/home/purushottam/ros2_ws/install/my_robot_interfaces/lib:/usr/local/cuda-12.2/lib64:/opt/ros/humble/opt/rviz_ogre_vendor/lib:/opt/ros/humble/lib/x86_64-linux-gnu:/opt/ros/humble/lib:/usr/local/cuda-12.2/lib64 PYTHONPATH=/home/purushottam/ros2_ws/build/actions_py/prefix_override:/usr/lib/python3/dist-packages/colcon_core/task/python/colcon_distutils_commands:/home/purushottam/ros2_ws/install/actions_py/lib/python3.10/site-packages:${PYTHONPATH} /usr/bin/python3 -W ignore:setup.py install is deprecated -W ignore:easy_install command is deprecated setup.py egg_info --egg-base ../../build/actions_py build --build-base /home/purushottam/ros2_ws/build/actions_py/build install --record /home/purushottam/ros2_ws/build/actions_py/install.log --single-version-externally-managed install_data
[0.560s] running egg_info
[0.560s] creating ../../build/actions_py/actions_py.egg-info
[0.560s] writing ../../build/actions_py/actions_py.egg-info/PKG-INFO
[0.560s] writing dependency_links to ../../build/actions_py/actions_py.egg-info/dependency_links.txt
[0.561s] writing entry points to ../../build/actions_py/actions_py.egg-info/entry_points.txt
[0.561s] writing requirements to ../../build/actions_py/actions_py.egg-info/requires.txt
[0.561s] writing top-level names to ../../build/actions_py/actions_py.egg-info/top_level.txt
[0.561s] writing manifest file '../../build/actions_py/actions_py.egg-info/SOURCES.txt'
[0.562s] reading manifest file '../../build/actions_py/actions_py.egg-info/SOURCES.txt'
[0.562s] writing manifest file '../../build/actions_py/actions_py.egg-info/SOURCES.txt'
[0.562s] running build
[0.562s] running build_py
[0.562s] creating /home/purushottam/ros2_ws/build/actions_py/build
[0.562s] creating /home/purushottam/ros2_ws/build/actions_py/build/lib
[0.563s] creating /home/purushottam/ros2_ws/build/actions_py/build/lib/actions_py
[0.563s] copying actions_py/count_until_server.py -> /home/purushottam/ros2_ws/build/actions_py/build/lib/actions_py
[0.563s] copying actions_py/__init__.py -> /home/purushottam/ros2_ws/build/actions_py/build/lib/actions_py
[0.563s] running install
[0.563s] running install_lib
[0.563s] creating /home/purushottam/ros2_ws/install/actions_py/lib/python3.10/site-packages/actions_py
[0.563s] copying /home/purushottam/ros2_ws/build/actions_py/build/lib/actions_py/count_until_server.py -> /home/purushottam/ros2_ws/install/actions_py/lib/python3.10/site-packages/actions_py
[0.563s] copying /home/purushottam/ros2_ws/build/actions_py/build/lib/actions_py/__init__.py -> /home/purushottam/ros2_ws/install/actions_py/lib/python3.10/site-packages/actions_py
[0.564s] byte-compiling /home/purushottam/ros2_ws/install/actions_py/lib/python3.10/site-packages/actions_py/count_until_server.py to count_until_server.cpython-310.pyc
[0.564s] byte-compiling /home/purushottam/ros2_ws/install/actions_py/lib/python3.10/site-packages/actions_py/__init__.py to __init__.cpython-310.pyc
[0.564s] running install_data
[0.564s] creating /home/purushottam/ros2_ws/install/actions_py/share/ament_index
[0.564s] creating /home/purushottam/ros2_ws/install/actions_py/share/ament_index/resource_index
[0.564s] creating /home/purushottam/ros2_ws/install/actions_py/share/ament_index/resource_index/packages
[0.564s] copying resource/actions_py -> /home/purushottam/ros2_ws/install/actions_py/share/ament_index/resource_index/packages
[0.564s] copying package.xml -> /home/purushottam/ros2_ws/install/actions_py/share/actions_py
[0.564s] running install_egg_info
[0.565s] Copying ../../build/actions_py/actions_py.egg-info to /home/purushottam/ros2_ws/install/actions_py/lib/python3.10/site-packages/actions_py-0.0.0-py3.10.egg-info
[0.566s] running install_scripts
[0.579s] Installing count_until_server script to /home/purushottam/ros2_ws/install/actions_py/lib/actions_py
[0.579s] writing list of installed files to '/home/purushottam/ros2_ws/build/actions_py/install.log'
[0.599s] Invoked command in '/home/purushottam/ros2_ws/src/actions_py' returned '0': LD_LIBRARY_PATH=/home/purushottam/ros2_ws/install/my_robot_interfaces/lib:/usr/local/cuda-12.2/lib64:/opt/ros/humble/opt/rviz_ogre_vendor/lib:/opt/ros/humble/lib/x86_64-linux-gnu:/opt/ros/humble/lib:/usr/local/cuda-12.2/lib64 PYTHONPATH=/home/purushottam/ros2_ws/build/actions_py/prefix_override:/usr/lib/python3/dist-packages/colcon_core/task/python/colcon_distutils_commands:/home/purushottam/ros2_ws/install/actions_py/lib/python3.10/site-packages:${PYTHONPATH} /usr/bin/python3 -W ignore:setup.py install is deprecated -W ignore:easy_install command is deprecated setup.py egg_info --egg-base ../../build/actions_py build --build-base /home/purushottam/ros2_ws/build/actions_py/build install --record /home/purushottam/ros2_ws/build/actions_py/install.log --single-version-externally-managed install_data
