[0.114s] DEBUG:colcon:Command line arguments: ['/usr/bin/colcon', 'build']
[0.114s] DEBUG:colcon:Parsed command line arguments: Namespace(log_base=None, log_level=None, verb_name='build', build_base='build', install_base='install', merge_install=False, symlink_install=False, test_result_base=None, continue_on_error=False, executor='parallel', parallel_workers=8, event_handlers=None, ignore_user_meta=False, metas=['./colcon.meta'], base_paths=['.'], packages_ignore=None, packages_ignore_regex=None, paths=None, packages_up_to=None, packages_up_to_regex=None, packages_above=None, packages_above_and_dependencies=None, packages_above_depth=None, packages_select_by_dep=None, packages_skip_by_dep=None, packages_skip_up_to=None, packages_select_build_failed=False, packages_skip_build_finished=False, packages_select_test_failures=False, packages_skip_test_passed=False, packages_select=None, packages_skip=None, packages_select_regex=None, packages_skip_regex=None, packages_start=None, packages_end=None, allow_overriding=[], cmake_args=None, cmake_target=None, cmake_target_skip_unavailable=False, cmake_clean_cache=False, cmake_clean_first=False, cmake_force_configure=False, ament_cmake_args=None, catkin_cmake_args=None, catkin_skip_building_tests=False, mixin_files=None, mixin=None, verb_parser=<colcon_mixin.mixin.mixin_argument.MixinArgumentDecorator object at 0x7447c0553c70>, verb_extension=<colcon_core.verb.build.BuildVerb object at 0x7447c0509210>, main=<bound method BuildVerb.main of <colcon_core.verb.build.BuildVerb object at 0x7447c0509210>>, mixin_verb=('build',))
[0.252s] Level 1:colcon.colcon_core.package_discovery:discover_packages(colcon_meta) check parameters
[0.252s] Level 1:colcon.colcon_core.package_discovery:discover_packages(recursive) check parameters
[0.252s] Level 1:colcon.colcon_core.package_discovery:discover_packages(ignore) check parameters
[0.252s] Level 1:colcon.colcon_core.package_discovery:discover_packages(path) check parameters
[0.252s] Level 1:colcon.colcon_core.package_discovery:discover_packages(colcon_meta) discover
[0.252s] Level 1:colcon.colcon_core.package_discovery:discover_packages(recursive) discover
[0.252s] INFO:colcon.colcon_core.package_discovery:Crawling recursively for packages in '/home/purushottam/ros2_ws'
[0.252s] Level 1:colcon.colcon_core.package_identification:_identify(.) by extensions ['ignore', 'ignore_ament_install']
[0.252s] Level 1:colcon.colcon_core.package_identification:_identify(.) by extension 'ignore'
[0.253s] Level 1:colcon.colcon_core.package_identification:_identify(.) by extension 'ignore_ament_install'
[0.253s] Level 1:colcon.colcon_core.package_identification:_identify(.) by extensions ['colcon_pkg']
[0.253s] Level 1:colcon.colcon_core.package_identification:_identify(.) by extension 'colcon_pkg'
[0.253s] Level 1:colcon.colcon_core.package_identification:_identify(.) by extensions ['colcon_meta']
[0.253s] Level 1:colcon.colcon_core.package_identification:_identify(.) by extension 'colcon_meta'
[0.253s] Level 1:colcon.colcon_core.package_identification:_identify(.) by extensions ['ros']
[0.253s] Level 1:colcon.colcon_core.package_identification:_identify(.) by extension 'ros'
[0.260s] Level 1:colcon.colcon_core.package_identification:_identify(.) by extensions ['cmake', 'python']
[0.260s] Level 1:colcon.colcon_core.package_identification:_identify(.) by extension 'cmake'
[0.260s] Level 1:colcon.colcon_core.package_identification:_identify(.) by extension 'python'
[0.260s] Level 1:colcon.colcon_core.package_identification:_identify(.) by extensions ['python_setup_py']
[0.260s] Level 1:colcon.colcon_core.package_identification:_identify(.) by extension 'python_setup_py'
[0.261s] Level 1:colcon.colcon_core.package_identification:_identify(build) by extensions ['ignore', 'ignore_ament_install']
[0.261s] Level 1:colcon.colcon_core.package_identification:_identify(build) by extension 'ignore'
[0.261s] Level 1:colcon.colcon_core.package_identification:_identify(build) ignored
[0.261s] Level 1:colcon.colcon_core.package_identification:_identify(install) by extensions ['ignore', 'ignore_ament_install']
[0.261s] Level 1:colcon.colcon_core.package_identification:_identify(install) by extension 'ignore'
[0.261s] Level 1:colcon.colcon_core.package_identification:_identify(install) ignored
[0.261s] Level 1:colcon.colcon_core.package_identification:_identify(log) by extensions ['ignore', 'ignore_ament_install']
[0.261s] Level 1:colcon.colcon_core.package_identification:_identify(log) by extension 'ignore'
[0.261s] Level 1:colcon.colcon_core.package_identification:_identify(log) ignored
[0.261s] Level 1:colcon.colcon_core.package_identification:_identify(src) by extensions ['ignore', 'ignore_ament_install']
[0.261s] Level 1:colcon.colcon_core.package_identification:_identify(src) by extension 'ignore'
[0.261s] Level 1:colcon.colcon_core.package_identification:_identify(src) by extension 'ignore_ament_install'
[0.261s] Level 1:colcon.colcon_core.package_identification:_identify(src) by extensions ['colcon_pkg']
[0.261s] Level 1:colcon.colcon_core.package_identification:_identify(src) by extension 'colcon_pkg'
[0.261s] Level 1:colcon.colcon_core.package_identification:_identify(src) by extensions ['colcon_meta']
[0.261s] Level 1:colcon.colcon_core.package_identification:_identify(src) by extension 'colcon_meta'
[0.261s] Level 1:colcon.colcon_core.package_identification:_identify(src) by extensions ['ros']
[0.261s] Level 1:colcon.colcon_core.package_identification:_identify(src) by extension 'ros'
[0.261s] Level 1:colcon.colcon_core.package_identification:_identify(src) by extensions ['cmake', 'python']
[0.261s] Level 1:colcon.colcon_core.package_identification:_identify(src) by extension 'cmake'
[0.261s] Level 1:colcon.colcon_core.package_identification:_identify(src) by extension 'python'
[0.261s] Level 1:colcon.colcon_core.package_identification:_identify(src) by extensions ['python_setup_py']
[0.261s] Level 1:colcon.colcon_core.package_identification:_identify(src) by extension 'python_setup_py'
[0.261s] Level 1:colcon.colcon_core.package_identification:_identify(src/actions_py) by extensions ['ignore', 'ignore_ament_install']
[0.261s] Level 1:colcon.colcon_core.package_identification:_identify(src/actions_py) by extension 'ignore'
[0.261s] Level 1:colcon.colcon_core.package_identification:_identify(src/actions_py) by extension 'ignore_ament_install'
[0.261s] Level 1:colcon.colcon_core.package_identification:_identify(src/actions_py) by extensions ['colcon_pkg']
[0.261s] Level 1:colcon.colcon_core.package_identification:_identify(src/actions_py) by extension 'colcon_pkg'
[0.262s] Level 1:colcon.colcon_core.package_identification:_identify(src/actions_py) by extensions ['colcon_meta']
[0.262s] Level 1:colcon.colcon_core.package_identification:_identify(src/actions_py) by extension 'colcon_meta'
[0.262s] Level 1:colcon.colcon_core.package_identification:_identify(src/actions_py) by extensions ['ros']
[0.262s] Level 1:colcon.colcon_core.package_identification:_identify(src/actions_py) by extension 'ros'
[0.264s] DEBUG:colcon.colcon_core.package_identification:Package 'src/actions_py' with type 'ros.ament_python' and name 'actions_py'
[0.264s] Level 1:colcon.colcon_core.package_identification:_identify(src/log) by extensions ['ignore', 'ignore_ament_install']
[0.264s] Level 1:colcon.colcon_core.package_identification:_identify(src/log) by extension 'ignore'
[0.264s] Level 1:colcon.colcon_core.package_identification:_identify(src/log) ignored
[0.264s] Level 1:colcon.colcon_core.package_identification:_identify(src/my_robot_controller) by extensions ['ignore', 'ignore_ament_install']
[0.264s] Level 1:colcon.colcon_core.package_identification:_identify(src/my_robot_controller) by extension 'ignore'
[0.264s] Level 1:colcon.colcon_core.package_identification:_identify(src/my_robot_controller) by extension 'ignore_ament_install'
[0.264s] Level 1:colcon.colcon_core.package_identification:_identify(src/my_robot_controller) by extensions ['colcon_pkg']
[0.264s] Level 1:colcon.colcon_core.package_identification:_identify(src/my_robot_controller) by extension 'colcon_pkg'
[0.264s] Level 1:colcon.colcon_core.package_identification:_identify(src/my_robot_controller) by extensions ['colcon_meta']
[0.264s] Level 1:colcon.colcon_core.package_identification:_identify(src/my_robot_controller) by extension 'colcon_meta'
[0.264s] Level 1:colcon.colcon_core.package_identification:_identify(src/my_robot_controller) by extensions ['ros']
[0.264s] Level 1:colcon.colcon_core.package_identification:_identify(src/my_robot_controller) by extension 'ros'
[0.265s] DEBUG:colcon.colcon_core.package_identification:Package 'src/my_robot_controller' with type 'ros.ament_python' and name 'my_robot_controller'
[0.265s] Level 1:colcon.colcon_core.package_identification:_identify(src/my_robot_description) by extensions ['ignore', 'ignore_ament_install']
[0.265s] Level 1:colcon.colcon_core.package_identification:_identify(src/my_robot_description) by extension 'ignore'
[0.265s] Level 1:colcon.colcon_core.package_identification:_identify(src/my_robot_description) by extension 'ignore_ament_install'
[0.265s] Level 1:colcon.colcon_core.package_identification:_identify(src/my_robot_description) by extensions ['colcon_pkg']
[0.265s] Level 1:colcon.colcon_core.package_identification:_identify(src/my_robot_description) by extension 'colcon_pkg'
[0.265s] Level 1:colcon.colcon_core.package_identification:_identify(src/my_robot_description) by extensions ['colcon_meta']
[0.265s] Level 1:colcon.colcon_core.package_identification:_identify(src/my_robot_description) by extension 'colcon_meta'
[0.265s] Level 1:colcon.colcon_core.package_identification:_identify(src/my_robot_description) by extensions ['ros']
[0.265s] Level 1:colcon.colcon_core.package_identification:_identify(src/my_robot_description) by extension 'ros'
[0.265s] DEBUG:colcon.colcon_core.package_identification:Package 'src/my_robot_description' with type 'ros.ament_cmake' and name 'my_robot_description'
[0.266s] Level 1:colcon.colcon_core.package_identification:_identify(src/my_robot_interfaces) by extensions ['ignore', 'ignore_ament_install']
[0.266s] Level 1:colcon.colcon_core.package_identification:_identify(src/my_robot_interfaces) by extension 'ignore'
[0.266s] Level 1:colcon.colcon_core.package_identification:_identify(src/my_robot_interfaces) by extension 'ignore_ament_install'
[0.266s] Level 1:colcon.colcon_core.package_identification:_identify(src/my_robot_interfaces) by extensions ['colcon_pkg']
[0.266s] Level 1:colcon.colcon_core.package_identification:_identify(src/my_robot_interfaces) by extension 'colcon_pkg'
[0.266s] Level 1:colcon.colcon_core.package_identification:_identify(src/my_robot_interfaces) by extensions ['colcon_meta']
[0.266s] Level 1:colcon.colcon_core.package_identification:_identify(src/my_robot_interfaces) by extension 'colcon_meta'
[0.266s] Level 1:colcon.colcon_core.package_identification:_identify(src/my_robot_interfaces) by extensions ['ros']
[0.266s] Level 1:colcon.colcon_core.package_identification:_identify(src/my_robot_interfaces) by extension 'ros'
[0.266s] DEBUG:colcon.colcon_core.package_identification:Package 'src/my_robot_interfaces' with type 'ros.ament_cmake' and name 'my_robot_interfaces'
[0.266s] Level 1:colcon.colcon_core.package_discovery:discover_packages(recursive) using defaults
[0.275s] Level 1:colcon.colcon_core.package_discovery:discover_packages(ignore) discover
[0.275s] Level 1:colcon.colcon_core.package_discovery:discover_packages(ignore) using defaults
[0.275s] Level 1:colcon.colcon_core.package_discovery:discover_packages(path) discover
[0.275s] Level 1:colcon.colcon_core.package_discovery:discover_packages(path) using defaults
[0.291s] Level 1:colcon.colcon_core.package_discovery:discover_packages(prefix_path) check parameters
[0.291s] Level 1:colcon.colcon_core.package_discovery:discover_packages(prefix_path) discover
[0.293s] DEBUG:colcon.colcon_installed_package_information.package_discovery:Found 4 installed packages in /home/purushottam/ros2_ws/install
[0.294s] DEBUG:colcon.colcon_installed_package_information.package_discovery:Found 452 installed packages in /opt/ros/humble
[0.296s] Level 1:colcon.colcon_core.package_discovery:discover_packages(prefix_path) using defaults
[0.329s] Level 5:colcon.colcon_core.verb:set package 'my_robot_controller' build argument 'cmake_args' from command line to 'None'
[0.330s] Level 5:colcon.colcon_core.verb:set package 'my_robot_controller' build argument 'cmake_target' from command line to 'None'
[0.330s] Level 5:colcon.colcon_core.verb:set package 'my_robot_controller' build argument 'cmake_target_skip_unavailable' from command line to 'False'
[0.330s] Level 5:colcon.colcon_core.verb:set package 'my_robot_controller' build argument 'cmake_clean_cache' from command line to 'False'
[0.330s] Level 5:colcon.colcon_core.verb:set package 'my_robot_controller' build argument 'cmake_clean_first' from command line to 'False'
[0.330s] Level 5:colcon.colcon_core.verb:set package 'my_robot_controller' build argument 'cmake_force_configure' from command line to 'False'
[0.330s] Level 5:colcon.colcon_core.verb:set package 'my_robot_controller' build argument 'ament_cmake_args' from command line to 'None'
[0.330s] Level 5:colcon.colcon_core.verb:set package 'my_robot_controller' build argument 'catkin_cmake_args' from command line to 'None'
[0.330s] Level 5:colcon.colcon_core.verb:set package 'my_robot_controller' build argument 'catkin_skip_building_tests' from command line to 'False'
[0.330s] DEBUG:colcon.colcon_core.verb:Building package 'my_robot_controller' with the following arguments: {'ament_cmake_args': None, 'build_base': '/home/purushottam/ros2_ws/build/my_robot_controller', 'catkin_cmake_args': None, 'catkin_skip_building_tests': False, 'cmake_args': None, 'cmake_clean_cache': False, 'cmake_clean_first': False, 'cmake_force_configure': False, 'cmake_target': None, 'cmake_target_skip_unavailable': False, 'install_base': '/home/purushottam/ros2_ws/install/my_robot_controller', 'merge_install': False, 'path': '/home/purushottam/ros2_ws/src/my_robot_controller', 'symlink_install': False, 'test_result_base': None}
[0.330s] Level 5:colcon.colcon_core.verb:set package 'my_robot_description' build argument 'cmake_args' from command line to 'None'
[0.330s] Level 5:colcon.colcon_core.verb:set package 'my_robot_description' build argument 'cmake_target' from command line to 'None'
[0.330s] Level 5:colcon.colcon_core.verb:set package 'my_robot_description' build argument 'cmake_target_skip_unavailable' from command line to 'False'
[0.330s] Level 5:colcon.colcon_core.verb:set package 'my_robot_description' build argument 'cmake_clean_cache' from command line to 'False'
[0.330s] Level 5:colcon.colcon_core.verb:set package 'my_robot_description' build argument 'cmake_clean_first' from command line to 'False'
[0.330s] Level 5:colcon.colcon_core.verb:set package 'my_robot_description' build argument 'cmake_force_configure' from command line to 'False'
[0.330s] Level 5:colcon.colcon_core.verb:set package 'my_robot_description' build argument 'ament_cmake_args' from command line to 'None'
[0.330s] Level 5:colcon.colcon_core.verb:set package 'my_robot_description' build argument 'catkin_cmake_args' from command line to 'None'
[0.330s] Level 5:colcon.colcon_core.verb:set package 'my_robot_description' build argument 'catkin_skip_building_tests' from command line to 'False'
[0.330s] DEBUG:colcon.colcon_core.verb:Building package 'my_robot_description' with the following arguments: {'ament_cmake_args': None, 'build_base': '/home/purushottam/ros2_ws/build/my_robot_description', 'catkin_cmake_args': None, 'catkin_skip_building_tests': False, 'cmake_args': None, 'cmake_clean_cache': False, 'cmake_clean_first': False, 'cmake_force_configure': False, 'cmake_target': None, 'cmake_target_skip_unavailable': False, 'install_base': '/home/purushottam/ros2_ws/install/my_robot_description', 'merge_install': False, 'path': '/home/purushottam/ros2_ws/src/my_robot_description', 'symlink_install': False, 'test_result_base': None}
[0.330s] Level 5:colcon.colcon_core.verb:set package 'my_robot_interfaces' build argument 'cmake_args' from command line to 'None'
[0.330s] Level 5:colcon.colcon_core.verb:set package 'my_robot_interfaces' build argument 'cmake_target' from command line to 'None'
[0.330s] Level 5:colcon.colcon_core.verb:set package 'my_robot_interfaces' build argument 'cmake_target_skip_unavailable' from command line to 'False'
[0.330s] Level 5:colcon.colcon_core.verb:set package 'my_robot_interfaces' build argument 'cmake_clean_cache' from command line to 'False'
[0.330s] Level 5:colcon.colcon_core.verb:set package 'my_robot_interfaces' build argument 'cmake_clean_first' from command line to 'False'
[0.330s] Level 5:colcon.colcon_core.verb:set package 'my_robot_interfaces' build argument 'cmake_force_configure' from command line to 'False'
[0.330s] Level 5:colcon.colcon_core.verb:set package 'my_robot_interfaces' build argument 'ament_cmake_args' from command line to 'None'
[0.330s] Level 5:colcon.colcon_core.verb:set package 'my_robot_interfaces' build argument 'catkin_cmake_args' from command line to 'None'
[0.330s] Level 5:colcon.colcon_core.verb:set package 'my_robot_interfaces' build argument 'catkin_skip_building_tests' from command line to 'False'
[0.330s] DEBUG:colcon.colcon_core.verb:Building package 'my_robot_interfaces' with the following arguments: {'ament_cmake_args': None, 'build_base': '/home/purushottam/ros2_ws/build/my_robot_interfaces', 'catkin_cmake_args': None, 'catkin_skip_building_tests': False, 'cmake_args': None, 'cmake_clean_cache': False, 'cmake_clean_first': False, 'cmake_force_configure': False, 'cmake_target': None, 'cmake_target_skip_unavailable': False, 'install_base': '/home/purushottam/ros2_ws/install/my_robot_interfaces', 'merge_install': False, 'path': '/home/purushottam/ros2_ws/src/my_robot_interfaces', 'symlink_install': False, 'test_result_base': None}
[0.331s] Level 5:colcon.colcon_core.verb:set package 'actions_py' build argument 'cmake_args' from command line to 'None'
[0.331s] Level 5:colcon.colcon_core.verb:set package 'actions_py' build argument 'cmake_target' from command line to 'None'
[0.331s] Level 5:colcon.colcon_core.verb:set package 'actions_py' build argument 'cmake_target_skip_unavailable' from command line to 'False'
[0.331s] Level 5:colcon.colcon_core.verb:set package 'actions_py' build argument 'cmake_clean_cache' from command line to 'False'
[0.331s] Level 5:colcon.colcon_core.verb:set package 'actions_py' build argument 'cmake_clean_first' from command line to 'False'
[0.331s] Level 5:colcon.colcon_core.verb:set package 'actions_py' build argument 'cmake_force_configure' from command line to 'False'
[0.331s] Level 5:colcon.colcon_core.verb:set package 'actions_py' build argument 'ament_cmake_args' from command line to 'None'
[0.331s] Level 5:colcon.colcon_core.verb:set package 'actions_py' build argument 'catkin_cmake_args' from command line to 'None'
[0.331s] Level 5:colcon.colcon_core.verb:set package 'actions_py' build argument 'catkin_skip_building_tests' from command line to 'False'
[0.331s] DEBUG:colcon.colcon_core.verb:Building package 'actions_py' with the following arguments: {'ament_cmake_args': None, 'build_base': '/home/purushottam/ros2_ws/build/actions_py', 'catkin_cmake_args': None, 'catkin_skip_building_tests': False, 'cmake_args': None, 'cmake_clean_cache': False, 'cmake_clean_first': False, 'cmake_force_configure': False, 'cmake_target': None, 'cmake_target_skip_unavailable': False, 'install_base': '/home/purushottam/ros2_ws/install/actions_py', 'merge_install': False, 'path': '/home/purushottam/ros2_ws/src/actions_py', 'symlink_install': False, 'test_result_base': None}
[0.331s] INFO:colcon.colcon_core.executor:Executing jobs using 'parallel' executor
[0.331s] DEBUG:colcon.colcon_parallel_executor.executor.parallel:run_until_complete
[0.332s] INFO:colcon.colcon_ros.task.ament_cmake.build:Building ROS package in '/home/purushottam/ros2_ws/src/my_robot_interfaces' with build type 'ament_cmake'
[0.332s] INFO:colcon.colcon_cmake.task.cmake.build:Building CMake package in '/home/purushottam/ros2_ws/src/my_robot_interfaces'
[0.335s] INFO:colcon.colcon_core.plugin_system:Skipping extension 'colcon_core.shell.bat': Not used on non-Windows systems
[0.335s] INFO:colcon.colcon_core.shell:Skip shell extension 'powershell' for command environment: Not usable outside of PowerShell
[0.335s] DEBUG:colcon.colcon_core.shell:Skip shell extension 'dsv' for command environment
[0.338s] INFO:colcon.colcon_ros.task.ament_python.build:Building ROS package in '/home/purushottam/ros2_ws/src/my_robot_controller' with build type 'ament_python'
[0.338s] Level 1:colcon.colcon_core.shell:create_environment_hook('my_robot_controller', 'ament_prefix_path')
[0.338s] INFO:colcon.colcon_core.shell:Creating environment hook '/home/purushottam/ros2_ws/install/my_robot_controller/share/my_robot_controller/hook/ament_prefix_path.ps1'
[0.338s] INFO:colcon.colcon_core.shell:Creating environment descriptor '/home/purushottam/ros2_ws/install/my_robot_controller/share/my_robot_controller/hook/ament_prefix_path.dsv'
[0.339s] INFO:colcon.colcon_core.shell:Creating environment hook '/home/purushottam/ros2_ws/install/my_robot_controller/share/my_robot_controller/hook/ament_prefix_path.sh'
[0.339s] INFO:colcon.colcon_core.shell:Skip shell extension 'powershell' for command environment: Not usable outside of PowerShell
[0.339s] DEBUG:colcon.colcon_core.shell:Skip shell extension 'dsv' for command environment
[0.342s] INFO:colcon.colcon_ros.task.ament_cmake.build:Building ROS package in '/home/purushottam/ros2_ws/src/my_robot_description' with build type 'ament_cmake'
[0.342s] INFO:colcon.colcon_cmake.task.cmake.build:Building CMake package in '/home/purushottam/ros2_ws/src/my_robot_description'
[0.342s] INFO:colcon.colcon_core.shell:Skip shell extension 'powershell' for command environment: Not usable outside of PowerShell
[0.342s] DEBUG:colcon.colcon_core.shell:Skip shell extension 'dsv' for command environment
[0.348s] DEBUG:colcon.colcon_core.event_handler.log_command:Invoking command in '/home/purushottam/ros2_ws/build/my_robot_interfaces': CMAKE_PREFIX_PATH=${CMAKE_PREFIX_PATH}:/home/purushottam/ros2_ws/install/actions_py:/home/purushottam/ros2_ws/install/my_robot_controller:/opt/ros/humble /usr/bin/cmake --build /home/purushottam/ros2_ws/build/my_robot_interfaces -- -j8 -l8
[0.550s] INFO:colcon.colcon_core.task.python.build:Building Python package in '/home/purushottam/ros2_ws/src/my_robot_controller'
[0.551s] INFO:colcon.colcon_core.shell:Skip shell extension 'powershell' for command environment: Not usable outside of PowerShell
[0.551s] DEBUG:colcon.colcon_core.shell:Skip shell extension 'dsv' for command environment
[0.557s] DEBUG:colcon.colcon_core.event_handler.log_command:Invoking command in '/home/purushottam/ros2_ws/build/my_robot_description': CMAKE_PREFIX_PATH=${CMAKE_PREFIX_PATH}:/home/purushottam/ros2_ws/install/actions_py:/home/purushottam/ros2_ws/install/my_robot_controller:/opt/ros/humble /usr/bin/cmake --build /home/purushottam/ros2_ws/build/my_robot_description -- -j8 -l8
[0.587s] DEBUG:colcon.colcon_core.event_handler.log_command:Invoked command in '/home/purushottam/ros2_ws/build/my_robot_description' returned '0': CMAKE_PREFIX_PATH=${CMAKE_PREFIX_PATH}:/home/purushottam/ros2_ws/install/actions_py:/home/purushottam/ros2_ws/install/my_robot_controller:/opt/ros/humble /usr/bin/cmake --build /home/purushottam/ros2_ws/build/my_robot_description -- -j8 -l8
[0.596s] DEBUG:colcon.colcon_core.event_handler.log_command:Invoking command in '/home/purushottam/ros2_ws/build/my_robot_description': CMAKE_PREFIX_PATH=${CMAKE_PREFIX_PATH}:/home/purushottam/ros2_ws/install/actions_py:/home/purushottam/ros2_ws/install/my_robot_controller:/opt/ros/humble /usr/bin/cmake --install /home/purushottam/ros2_ws/build/my_robot_description
[0.606s] Level 1:colcon.colcon_core.environment:create_environment_scripts_only(my_robot_description)
[0.607s] DEBUG:colcon.colcon_core.event_handler.log_command:Invoked command in '/home/purushottam/ros2_ws/build/my_robot_description' returned '0': CMAKE_PREFIX_PATH=${CMAKE_PREFIX_PATH}:/home/purushottam/ros2_ws/install/actions_py:/home/purushottam/ros2_ws/install/my_robot_controller:/opt/ros/humble /usr/bin/cmake --install /home/purushottam/ros2_ws/build/my_robot_description
[0.611s] Level 1:colcon.colcon_core.environment:checking '/home/purushottam/ros2_ws/install/my_robot_description' for CMake module files
[0.611s] Level 1:colcon.colcon_core.environment:checking '/home/purushottam/ros2_ws/install/my_robot_description' for CMake config files
[0.612s] Level 1:colcon.colcon_core.shell:create_environment_hook('my_robot_description', 'cmake_prefix_path')
[0.612s] INFO:colcon.colcon_core.shell:Creating environment hook '/home/purushottam/ros2_ws/install/my_robot_description/share/my_robot_description/hook/cmake_prefix_path.ps1'
[0.613s] INFO:colcon.colcon_core.shell:Creating environment descriptor '/home/purushottam/ros2_ws/install/my_robot_description/share/my_robot_description/hook/cmake_prefix_path.dsv'
[0.613s] INFO:colcon.colcon_core.shell:Creating environment hook '/home/purushottam/ros2_ws/install/my_robot_description/share/my_robot_description/hook/cmake_prefix_path.sh'
[0.614s] Level 1:colcon.colcon_core.environment:checking '/home/purushottam/ros2_ws/install/my_robot_description/bin'
[0.614s] Level 1:colcon.colcon_core.environment:checking '/home/purushottam/ros2_ws/install/my_robot_description/lib/pkgconfig/my_robot_description.pc'
[0.614s] Level 1:colcon.colcon_core.environment:checking '/home/purushottam/ros2_ws/install/my_robot_description/lib/python3.10/site-packages'
[0.614s] Level 1:colcon.colcon_core.environment:checking '/home/purushottam/ros2_ws/install/my_robot_description/bin'
[0.615s] INFO:colcon.colcon_core.shell:Creating package script '/home/purushottam/ros2_ws/install/my_robot_description/share/my_robot_description/package.ps1'
[0.615s] INFO:colcon.colcon_core.shell:Creating package descriptor '/home/purushottam/ros2_ws/install/my_robot_description/share/my_robot_description/package.dsv'
[0.616s] INFO:colcon.colcon_core.shell:Creating package script '/home/purushottam/ros2_ws/install/my_robot_description/share/my_robot_description/package.sh'
[0.617s] INFO:colcon.colcon_core.shell:Creating package script '/home/purushottam/ros2_ws/install/my_robot_description/share/my_robot_description/package.bash'
[0.618s] INFO:colcon.colcon_core.shell:Creating package script '/home/purushottam/ros2_ws/install/my_robot_description/share/my_robot_description/package.zsh'
[0.618s] Level 1:colcon.colcon_core.environment:create_file_with_runtime_dependencies(/home/purushottam/ros2_ws/install/my_robot_description/share/colcon-core/packages/my_robot_description)
[0.619s] Level 1:colcon.colcon_core.environment:create_environment_scripts_only(my_robot_description)
[0.619s] Level 1:colcon.colcon_core.environment:checking '/home/purushottam/ros2_ws/install/my_robot_description' for CMake module files
[0.619s] Level 1:colcon.colcon_core.environment:checking '/home/purushottam/ros2_ws/install/my_robot_description' for CMake config files
[0.619s] Level 1:colcon.colcon_core.shell:create_environment_hook('my_robot_description', 'cmake_prefix_path')
[0.619s] INFO:colcon.colcon_core.shell:Creating environment hook '/home/purushottam/ros2_ws/install/my_robot_description/share/my_robot_description/hook/cmake_prefix_path.ps1'
[0.620s] INFO:colcon.colcon_core.shell:Creating environment descriptor '/home/purushottam/ros2_ws/install/my_robot_description/share/my_robot_description/hook/cmake_prefix_path.dsv'
[0.620s] INFO:colcon.colcon_core.shell:Creating environment hook '/home/purushottam/ros2_ws/install/my_robot_description/share/my_robot_description/hook/cmake_prefix_path.sh'
[0.620s] Level 1:colcon.colcon_core.environment:checking '/home/purushottam/ros2_ws/install/my_robot_description/bin'
[0.620s] Level 1:colcon.colcon_core.environment:checking '/home/purushottam/ros2_ws/install/my_robot_description/lib/pkgconfig/my_robot_description.pc'
[0.620s] Level 1:colcon.colcon_core.environment:checking '/home/purushottam/ros2_ws/install/my_robot_description/lib/python3.10/site-packages'
[0.621s] Level 1:colcon.colcon_core.environment:checking '/home/purushottam/ros2_ws/install/my_robot_description/bin'
[0.621s] INFO:colcon.colcon_core.shell:Creating package script '/home/purushottam/ros2_ws/install/my_robot_description/share/my_robot_description/package.ps1'
[0.621s] INFO:colcon.colcon_core.shell:Creating package descriptor '/home/purushottam/ros2_ws/install/my_robot_description/share/my_robot_description/package.dsv'
[0.621s] INFO:colcon.colcon_core.shell:Creating package script '/home/purushottam/ros2_ws/install/my_robot_description/share/my_robot_description/package.sh'
[0.622s] INFO:colcon.colcon_core.shell:Creating package script '/home/purushottam/ros2_ws/install/my_robot_description/share/my_robot_description/package.bash'
[0.622s] INFO:colcon.colcon_core.shell:Creating package script '/home/purushottam/ros2_ws/install/my_robot_description/share/my_robot_description/package.zsh'
[0.622s] Level 1:colcon.colcon_core.environment:create_file_with_runtime_dependencies(/home/purushottam/ros2_ws/install/my_robot_description/share/colcon-core/packages/my_robot_description)
[0.632s] DEBUG:colcon.colcon_core.event_handler.log_command:Invoked command in '/home/purushottam/ros2_ws/build/my_robot_interfaces' returned '0': CMAKE_PREFIX_PATH=${CMAKE_PREFIX_PATH}:/home/purushottam/ros2_ws/install/actions_py:/home/purushottam/ros2_ws/install/my_robot_controller:/opt/ros/humble /usr/bin/cmake --build /home/purushottam/ros2_ws/build/my_robot_interfaces -- -j8 -l8
[0.634s] DEBUG:colcon.colcon_core.event_handler.log_command:Invoking command in '/home/purushottam/ros2_ws/build/my_robot_interfaces': CMAKE_PREFIX_PATH=${CMAKE_PREFIX_PATH}:/home/purushottam/ros2_ws/install/actions_py:/home/purushottam/ros2_ws/install/my_robot_controller:/opt/ros/humble /usr/bin/cmake --install /home/purushottam/ros2_ws/build/my_robot_interfaces
[0.683s] Level 1:colcon.colcon_core.environment:create_environment_scripts_only(my_robot_interfaces)
[0.683s] Level 1:colcon.colcon_core.environment:checking '/home/purushottam/ros2_ws/install/my_robot_interfaces' for CMake module files
[0.684s] DEBUG:colcon.colcon_core.event_handler.log_command:Invoked command in '/home/purushottam/ros2_ws/build/my_robot_interfaces' returned '0': CMAKE_PREFIX_PATH=${CMAKE_PREFIX_PATH}:/home/purushottam/ros2_ws/install/actions_py:/home/purushottam/ros2_ws/install/my_robot_controller:/opt/ros/humble /usr/bin/cmake --install /home/purushottam/ros2_ws/build/my_robot_interfaces
[0.684s] Level 1:colcon.colcon_core.environment:checking '/home/purushottam/ros2_ws/install/my_robot_interfaces' for CMake config files
[0.685s] Level 1:colcon.colcon_core.shell:create_environment_hook('my_robot_interfaces', 'cmake_prefix_path')
[0.685s] INFO:colcon.colcon_core.shell:Creating environment hook '/home/purushottam/ros2_ws/install/my_robot_interfaces/share/my_robot_interfaces/hook/cmake_prefix_path.ps1'
[0.685s] INFO:colcon.colcon_core.shell:Creating environment descriptor '/home/purushottam/ros2_ws/install/my_robot_interfaces/share/my_robot_interfaces/hook/cmake_prefix_path.dsv'
[0.686s] INFO:colcon.colcon_core.shell:Creating environment hook '/home/purushottam/ros2_ws/install/my_robot_interfaces/share/my_robot_interfaces/hook/cmake_prefix_path.sh'
[0.686s] Level 1:colcon.colcon_core.environment:checking '/home/purushottam/ros2_ws/install/my_robot_interfaces/lib'
[0.686s] Level 1:colcon.colcon_core.shell:create_environment_hook('my_robot_interfaces', 'ld_library_path_lib')
[0.686s] INFO:colcon.colcon_core.shell:Creating environment hook '/home/purushottam/ros2_ws/install/my_robot_interfaces/share/my_robot_interfaces/hook/ld_library_path_lib.ps1'
[0.686s] INFO:colcon.colcon_core.shell:Creating environment descriptor '/home/purushottam/ros2_ws/install/my_robot_interfaces/share/my_robot_interfaces/hook/ld_library_path_lib.dsv'
[0.687s] INFO:colcon.colcon_core.shell:Creating environment hook '/home/purushottam/ros2_ws/install/my_robot_interfaces/share/my_robot_interfaces/hook/ld_library_path_lib.sh'
[0.687s] Level 1:colcon.colcon_core.environment:checking '/home/purushottam/ros2_ws/install/my_robot_interfaces/bin'
[0.687s] Level 1:colcon.colcon_core.environment:checking '/home/purushottam/ros2_ws/install/my_robot_interfaces/lib/pkgconfig/my_robot_interfaces.pc'
[0.687s] Level 1:colcon.colcon_core.environment:checking '/home/purushottam/ros2_ws/install/my_robot_interfaces/lib/python3.10/site-packages'
[0.687s] Level 1:colcon.colcon_core.environment:checking '/home/purushottam/ros2_ws/install/my_robot_interfaces/bin'
[0.687s] INFO:colcon.colcon_core.shell:Creating package script '/home/purushottam/ros2_ws/install/my_robot_interfaces/share/my_robot_interfaces/package.ps1'
[0.688s] INFO:colcon.colcon_core.shell:Creating package descriptor '/home/purushottam/ros2_ws/install/my_robot_interfaces/share/my_robot_interfaces/package.dsv'
[0.688s] INFO:colcon.colcon_core.shell:Creating package script '/home/purushottam/ros2_ws/install/my_robot_interfaces/share/my_robot_interfaces/package.sh'
[0.688s] INFO:colcon.colcon_core.shell:Creating package script '/home/purushottam/ros2_ws/install/my_robot_interfaces/share/my_robot_interfaces/package.bash'
[0.688s] INFO:colcon.colcon_core.shell:Creating package script '/home/purushottam/ros2_ws/install/my_robot_interfaces/share/my_robot_interfaces/package.zsh'
[0.689s] Level 1:colcon.colcon_core.environment:create_file_with_runtime_dependencies(/home/purushottam/ros2_ws/install/my_robot_interfaces/share/colcon-core/packages/my_robot_interfaces)
[0.689s] Level 1:colcon.colcon_core.environment:create_environment_scripts_only(my_robot_interfaces)
[0.689s] Level 1:colcon.colcon_core.environment:checking '/home/purushottam/ros2_ws/install/my_robot_interfaces' for CMake module files
[0.689s] Level 1:colcon.colcon_core.environment:checking '/home/purushottam/ros2_ws/install/my_robot_interfaces' for CMake config files
[0.689s] Level 1:colcon.colcon_core.shell:create_environment_hook('my_robot_interfaces', 'cmake_prefix_path')
[0.690s] INFO:colcon.colcon_core.shell:Creating environment hook '/home/purushottam/ros2_ws/install/my_robot_interfaces/share/my_robot_interfaces/hook/cmake_prefix_path.ps1'
[0.690s] INFO:colcon.colcon_core.shell:Creating environment descriptor '/home/purushottam/ros2_ws/install/my_robot_interfaces/share/my_robot_interfaces/hook/cmake_prefix_path.dsv'
[0.690s] INFO:colcon.colcon_core.shell:Creating environment hook '/home/purushottam/ros2_ws/install/my_robot_interfaces/share/my_robot_interfaces/hook/cmake_prefix_path.sh'
[0.690s] Level 1:colcon.colcon_core.environment:checking '/home/purushottam/ros2_ws/install/my_robot_interfaces/lib'
[0.690s] Level 1:colcon.colcon_core.shell:create_environment_hook('my_robot_interfaces', 'ld_library_path_lib')
[0.691s] INFO:colcon.colcon_core.shell:Creating environment hook '/home/purushottam/ros2_ws/install/my_robot_interfaces/share/my_robot_interfaces/hook/ld_library_path_lib.ps1'
[0.691s] INFO:colcon.colcon_core.shell:Creating environment descriptor '/home/purushottam/ros2_ws/install/my_robot_interfaces/share/my_robot_interfaces/hook/ld_library_path_lib.dsv'
[0.691s] INFO:colcon.colcon_core.shell:Creating environment hook '/home/purushottam/ros2_ws/install/my_robot_interfaces/share/my_robot_interfaces/hook/ld_library_path_lib.sh'
[0.691s] Level 1:colcon.colcon_core.environment:checking '/home/purushottam/ros2_ws/install/my_robot_interfaces/bin'
[0.691s] Level 1:colcon.colcon_core.environment:checking '/home/purushottam/ros2_ws/install/my_robot_interfaces/lib/pkgconfig/my_robot_interfaces.pc'
[0.691s] Level 1:colcon.colcon_core.environment:checking '/home/purushottam/ros2_ws/install/my_robot_interfaces/lib/python3.10/site-packages'
[0.692s] Level 1:colcon.colcon_core.environment:checking '/home/purushottam/ros2_ws/install/my_robot_interfaces/bin'
[0.692s] INFO:colcon.colcon_core.shell:Creating package script '/home/purushottam/ros2_ws/install/my_robot_interfaces/share/my_robot_interfaces/package.ps1'
[0.692s] INFO:colcon.colcon_core.shell:Creating package descriptor '/home/purushottam/ros2_ws/install/my_robot_interfaces/share/my_robot_interfaces/package.dsv'
[0.692s] INFO:colcon.colcon_core.shell:Creating package script '/home/purushottam/ros2_ws/install/my_robot_interfaces/share/my_robot_interfaces/package.sh'
[0.693s] INFO:colcon.colcon_core.shell:Creating package script '/home/purushottam/ros2_ws/install/my_robot_interfaces/share/my_robot_interfaces/package.bash'
[0.693s] INFO:colcon.colcon_core.shell:Creating package script '/home/purushottam/ros2_ws/install/my_robot_interfaces/share/my_robot_interfaces/package.zsh'
[0.693s] Level 1:colcon.colcon_core.environment:create_file_with_runtime_dependencies(/home/purushottam/ros2_ws/install/my_robot_interfaces/share/colcon-core/packages/my_robot_interfaces)
[0.693s] INFO:colcon.colcon_ros.task.ament_python.build:Building ROS package in '/home/purushottam/ros2_ws/src/actions_py' with build type 'ament_python'
[0.693s] Level 1:colcon.colcon_core.shell:create_environment_hook('actions_py', 'ament_prefix_path')
[0.694s] INFO:colcon.colcon_core.shell:Creating environment hook '/home/purushottam/ros2_ws/install/actions_py/share/actions_py/hook/ament_prefix_path.ps1'
[0.694s] INFO:colcon.colcon_core.shell:Creating environment descriptor '/home/purushottam/ros2_ws/install/actions_py/share/actions_py/hook/ament_prefix_path.dsv'
[0.694s] INFO:colcon.colcon_core.shell:Creating environment hook '/home/purushottam/ros2_ws/install/actions_py/share/actions_py/hook/ament_prefix_path.sh'
[0.695s] INFO:colcon.colcon_core.shell:Skip shell extension 'powershell' for command environment: Not usable outside of PowerShell
[0.695s] DEBUG:colcon.colcon_core.shell:Skip shell extension 'dsv' for command environment
[0.911s] INFO:colcon.colcon_core.task.python.build:Building Python package in '/home/purushottam/ros2_ws/src/actions_py'
[0.911s] INFO:colcon.colcon_core.shell:Skip shell extension 'powershell' for command environment: Not usable outside of PowerShell
[0.911s] DEBUG:colcon.colcon_core.shell:Skip shell extension 'dsv' for command environment
[0.936s] DEBUG:colcon.colcon_core.event_handler.log_command:Invoking command in '/home/purushottam/ros2_ws/src/my_robot_controller': PYTHONPATH=/home/purushottam/ros2_ws/build/my_robot_controller/prefix_override:/usr/lib/python3/dist-packages/colcon_core/task/python/colcon_distutils_commands:/home/purushottam/ros2_ws/install/my_robot_controller/lib/python3.10/site-packages:${PYTHONPATH} /usr/bin/python3 -W ignore:setup.py install is deprecated -W ignore:easy_install command is deprecated setup.py egg_info --egg-base ../../build/my_robot_controller build --build-base /home/purushottam/ros2_ws/build/my_robot_controller/build install --record /home/purushottam/ros2_ws/build/my_robot_controller/install.log --single-version-externally-managed install_data
[1.168s] Level 1:colcon.colcon_core.environment:checking '/home/purushottam/ros2_ws/install/my_robot_controller' for CMake module files
[1.169s] DEBUG:colcon.colcon_core.event_handler.log_command:Invoked command in '/home/purushottam/ros2_ws/src/my_robot_controller' returned '0': PYTHONPATH=/home/purushottam/ros2_ws/build/my_robot_controller/prefix_override:/usr/lib/python3/dist-packages/colcon_core/task/python/colcon_distutils_commands:/home/purushottam/ros2_ws/install/my_robot_controller/lib/python3.10/site-packages:${PYTHONPATH} /usr/bin/python3 -W ignore:setup.py install is deprecated -W ignore:easy_install command is deprecated setup.py egg_info --egg-base ../../build/my_robot_controller build --build-base /home/purushottam/ros2_ws/build/my_robot_controller/build install --record /home/purushottam/ros2_ws/build/my_robot_controller/install.log --single-version-externally-managed install_data
[1.170s] Level 1:colcon.colcon_core.environment:checking '/home/purushottam/ros2_ws/install/my_robot_controller' for CMake config files
[1.171s] Level 1:colcon.colcon_core.environment:checking '/home/purushottam/ros2_ws/install/my_robot_controller/lib'
[1.171s] Level 1:colcon.colcon_core.environment:checking '/home/purushottam/ros2_ws/install/my_robot_controller/bin'
[1.171s] Level 1:colcon.colcon_core.environment:checking '/home/purushottam/ros2_ws/install/my_robot_controller/lib/pkgconfig/my_robot_controller.pc'
[1.171s] Level 1:colcon.colcon_core.environment:checking '/home/purushottam/ros2_ws/install/my_robot_controller/lib/python3.10/site-packages'
[1.171s] Level 1:colcon.colcon_core.shell:create_environment_hook('my_robot_controller', 'pythonpath')
[1.171s] INFO:colcon.colcon_core.shell:Creating environment hook '/home/purushottam/ros2_ws/install/my_robot_controller/share/my_robot_controller/hook/pythonpath.ps1'
[1.172s] INFO:colcon.colcon_core.shell:Creating environment descriptor '/home/purushottam/ros2_ws/install/my_robot_controller/share/my_robot_controller/hook/pythonpath.dsv'
[1.172s] INFO:colcon.colcon_core.shell:Creating environment hook '/home/purushottam/ros2_ws/install/my_robot_controller/share/my_robot_controller/hook/pythonpath.sh'
[1.173s] Level 1:colcon.colcon_core.environment:checking '/home/purushottam/ros2_ws/install/my_robot_controller/bin'
[1.173s] Level 1:colcon.colcon_core.environment:create_environment_scripts_only(my_robot_controller)
[1.173s] INFO:colcon.colcon_core.shell:Creating package script '/home/purushottam/ros2_ws/install/my_robot_controller/share/my_robot_controller/package.ps1'
[1.173s] INFO:colcon.colcon_core.shell:Creating package descriptor '/home/purushottam/ros2_ws/install/my_robot_controller/share/my_robot_controller/package.dsv'
[1.174s] INFO:colcon.colcon_core.shell:Creating package script '/home/purushottam/ros2_ws/install/my_robot_controller/share/my_robot_controller/package.sh'
[1.174s] INFO:colcon.colcon_core.shell:Creating package script '/home/purushottam/ros2_ws/install/my_robot_controller/share/my_robot_controller/package.bash'
[1.174s] INFO:colcon.colcon_core.shell:Creating package script '/home/purushottam/ros2_ws/install/my_robot_controller/share/my_robot_controller/package.zsh'
[1.174s] Level 1:colcon.colcon_core.environment:create_file_with_runtime_dependencies(/home/purushottam/ros2_ws/install/my_robot_controller/share/colcon-core/packages/my_robot_controller)
[1.190s] DEBUG:colcon.colcon_core.event_handler.log_command:Invoking command in '/home/purushottam/ros2_ws/src/actions_py': LD_LIBRARY_PATH=/home/purushottam/ros2_ws/install/my_robot_interfaces/lib:/usr/lib/x86_64-linux-gnu/gazebo-11/plugins:/opt/ros/humble/opt/rviz_ogre_vendor/lib:/opt/ros/humble/lib/x86_64-linux-gnu:/opt/ros/humble/lib:/usr/local/cuda-12.2/lib64 PYTHONPATH=/home/purushottam/ros2_ws/build/actions_py/prefix_override:/usr/lib/python3/dist-packages/colcon_core/task/python/colcon_distutils_commands:/home/purushottam/ros2_ws/install/actions_py/lib/python3.10/site-packages:${PYTHONPATH} /usr/bin/python3 -W ignore:setup.py install is deprecated -W ignore:easy_install command is deprecated setup.py egg_info --egg-base ../../build/actions_py build --build-base /home/purushottam/ros2_ws/build/actions_py/build install --record /home/purushottam/ros2_ws/build/actions_py/install.log --single-version-externally-managed install_data
[1.404s] Level 1:colcon.colcon_core.environment:checking '/home/purushottam/ros2_ws/install/actions_py' for CMake module files
[1.404s] DEBUG:colcon.colcon_core.event_handler.log_command:Invoked command in '/home/purushottam/ros2_ws/src/actions_py' returned '0': LD_LIBRARY_PATH=/home/purushottam/ros2_ws/install/my_robot_interfaces/lib:/usr/lib/x86_64-linux-gnu/gazebo-11/plugins:/opt/ros/humble/opt/rviz_ogre_vendor/lib:/opt/ros/humble/lib/x86_64-linux-gnu:/opt/ros/humble/lib:/usr/local/cuda-12.2/lib64 PYTHONPATH=/home/purushottam/ros2_ws/build/actions_py/prefix_override:/usr/lib/python3/dist-packages/colcon_core/task/python/colcon_distutils_commands:/home/purushottam/ros2_ws/install/actions_py/lib/python3.10/site-packages:${PYTHONPATH} /usr/bin/python3 -W ignore:setup.py install is deprecated -W ignore:easy_install command is deprecated setup.py egg_info --egg-base ../../build/actions_py build --build-base /home/purushottam/ros2_ws/build/actions_py/build install --record /home/purushottam/ros2_ws/build/actions_py/install.log --single-version-externally-managed install_data
[1.404s] Level 1:colcon.colcon_core.environment:checking '/home/purushottam/ros2_ws/install/actions_py' for CMake config files
[1.405s] Level 1:colcon.colcon_core.environment:checking '/home/purushottam/ros2_ws/install/actions_py/lib'
[1.406s] Level 1:colcon.colcon_core.environment:checking '/home/purushottam/ros2_ws/install/actions_py/bin'
[1.406s] Level 1:colcon.colcon_core.environment:checking '/home/purushottam/ros2_ws/install/actions_py/lib/pkgconfig/actions_py.pc'
[1.406s] Level 1:colcon.colcon_core.environment:checking '/home/purushottam/ros2_ws/install/actions_py/lib/python3.10/site-packages'
[1.406s] Level 1:colcon.colcon_core.shell:create_environment_hook('actions_py', 'pythonpath')
[1.406s] INFO:colcon.colcon_core.shell:Creating environment hook '/home/purushottam/ros2_ws/install/actions_py/share/actions_py/hook/pythonpath.ps1'
[1.406s] INFO:colcon.colcon_core.shell:Creating environment descriptor '/home/purushottam/ros2_ws/install/actions_py/share/actions_py/hook/pythonpath.dsv'
[1.406s] INFO:colcon.colcon_core.shell:Creating environment hook '/home/purushottam/ros2_ws/install/actions_py/share/actions_py/hook/pythonpath.sh'
[1.407s] Level 1:colcon.colcon_core.environment:checking '/home/purushottam/ros2_ws/install/actions_py/bin'
[1.407s] Level 1:colcon.colcon_core.environment:create_environment_scripts_only(actions_py)
[1.407s] INFO:colcon.colcon_core.shell:Creating package script '/home/purushottam/ros2_ws/install/actions_py/share/actions_py/package.ps1'
[1.407s] INFO:colcon.colcon_core.shell:Creating package descriptor '/home/purushottam/ros2_ws/install/actions_py/share/actions_py/package.dsv'
[1.408s] INFO:colcon.colcon_core.shell:Creating package script '/home/purushottam/ros2_ws/install/actions_py/share/actions_py/package.sh'
[1.408s] INFO:colcon.colcon_core.shell:Creating package script '/home/purushottam/ros2_ws/install/actions_py/share/actions_py/package.bash'
[1.408s] INFO:colcon.colcon_core.shell:Creating package script '/home/purushottam/ros2_ws/install/actions_py/share/actions_py/package.zsh'
[1.408s] Level 1:colcon.colcon_core.environment:create_file_with_runtime_dependencies(/home/purushottam/ros2_ws/install/actions_py/share/colcon-core/packages/actions_py)
[1.409s] DEBUG:colcon.colcon_parallel_executor.executor.parallel:closing loop
[1.409s] DEBUG:colcon.colcon_parallel_executor.executor.parallel:loop closed
[1.409s] DEBUG:colcon.colcon_parallel_executor.executor.parallel:run_until_complete finished with '0'
[1.409s] DEBUG:colcon.colcon_core.event_reactor:joining thread
[1.415s] INFO:colcon.colcon_core.plugin_system:Skipping extension 'colcon_notification.desktop_notification.terminal_notifier': Not used on non-Darwin systems
[1.415s] INFO:colcon.colcon_core.plugin_system:Skipping extension 'colcon_notification.desktop_notification.win32': Not used on non-Windows systems
[1.415s] INFO:colcon.colcon_notification.desktop_notification:Sending desktop notification using 'notify2'
[1.425s] DEBUG:colcon.colcon_core.event_reactor:joined thread
[1.425s] INFO:colcon.colcon_core.shell:Creating prefix script '/home/purushottam/ros2_ws/install/local_setup.ps1'
[1.426s] INFO:colcon.colcon_core.shell:Creating prefix util module '/home/purushottam/ros2_ws/install/_local_setup_util_ps1.py'
[1.427s] INFO:colcon.colcon_core.shell:Creating prefix chain script '/home/purushottam/ros2_ws/install/setup.ps1'
[1.429s] INFO:colcon.colcon_core.shell:Creating prefix script '/home/purushottam/ros2_ws/install/local_setup.sh'
[1.430s] INFO:colcon.colcon_core.shell:Creating prefix util module '/home/purushottam/ros2_ws/install/_local_setup_util_sh.py'
[1.430s] INFO:colcon.colcon_core.shell:Creating prefix chain script '/home/purushottam/ros2_ws/install/setup.sh'
[1.431s] INFO:colcon.colcon_core.shell:Creating prefix script '/home/purushottam/ros2_ws/install/local_setup.bash'
[1.432s] INFO:colcon.colcon_core.shell:Creating prefix chain script '/home/purushottam/ros2_ws/install/setup.bash'
[1.433s] INFO:colcon.colcon_core.shell:Creating prefix script '/home/purushottam/ros2_ws/install/local_setup.zsh'
[1.433s] INFO:colcon.colcon_core.shell:Creating prefix chain script '/home/purushottam/ros2_ws/install/setup.zsh'
