[0.408s] Invoking command in '/home/purushottam/ros2_ws/src/my_robot_controller': PYTHONPATH=/home/purushottam/ros2_ws/build/my_robot_controller/prefix_override:/usr/lib/python3/dist-packages/colcon_core/task/python/colcon_distutils_commands:/home/purushottam/ros2_ws/install/my_robot_controller/lib/python3.10/site-packages:${PYTHONPATH} /usr/bin/python3 -W ignore:setup.py install is deprecated -W ignore:easy_install command is deprecated setup.py egg_info --egg-base ../../build/my_robot_controller build --build-base /home/purushottam/ros2_ws/build/my_robot_controller/build install --record /home/purushottam/ros2_ws/build/my_robot_controller/install.log --single-version-externally-managed install_data
[0.549s] running egg_info
[0.549s] creating ../../build/my_robot_controller/my_robot_controller.egg-info
[0.549s] writing ../../build/my_robot_controller/my_robot_controller.egg-info/PKG-INFO
[0.550s] writing dependency_links to ../../build/my_robot_controller/my_robot_controller.egg-info/dependency_links.txt
[0.550s] writing entry points to ../../build/my_robot_controller/my_robot_controller.egg-info/entry_points.txt
[0.550s] writing requirements to ../../build/my_robot_controller/my_robot_controller.egg-info/requires.txt
[0.550s] writing top-level names to ../../build/my_robot_controller/my_robot_controller.egg-info/top_level.txt
[0.550s] writing manifest file '../../build/my_robot_controller/my_robot_controller.egg-info/SOURCES.txt'
[0.551s] reading manifest file '../../build/my_robot_controller/my_robot_controller.egg-info/SOURCES.txt'
[0.551s] writing manifest file '../../build/my_robot_controller/my_robot_controller.egg-info/SOURCES.txt'
[0.551s] running build
[0.552s] running build_py
[0.552s] creating /home/purushottam/ros2_ws/build/my_robot_controller/build
[0.552s] creating /home/purushottam/ros2_ws/build/my_robot_controller/build/lib
[0.552s] creating /home/purushottam/ros2_ws/build/my_robot_controller/build/lib/my_robot_controller
[0.552s] copying my_robot_controller/my_first_node.py -> /home/purushottam/ros2_ws/build/my_robot_controller/build/lib/my_robot_controller
[0.552s] copying my_robot_controller/__init__.py -> /home/purushottam/ros2_ws/build/my_robot_controller/build/lib/my_robot_controller
[0.552s] running install
[0.552s] running install_lib
[0.552s] creating /home/purushottam/ros2_ws/install/my_robot_controller/lib/python3.10/site-packages/my_robot_controller
[0.552s] copying /home/purushottam/ros2_ws/build/my_robot_controller/build/lib/my_robot_controller/my_first_node.py -> /home/purushottam/ros2_ws/install/my_robot_controller/lib/python3.10/site-packages/my_robot_controller
[0.552s] copying /home/purushottam/ros2_ws/build/my_robot_controller/build/lib/my_robot_controller/__init__.py -> /home/purushottam/ros2_ws/install/my_robot_controller/lib/python3.10/site-packages/my_robot_controller
[0.553s] byte-compiling /home/purushottam/ros2_ws/install/my_robot_controller/lib/python3.10/site-packages/my_robot_controller/my_first_node.py to my_first_node.cpython-310.pyc
[0.553s] byte-compiling /home/purushottam/ros2_ws/install/my_robot_controller/lib/python3.10/site-packages/my_robot_controller/__init__.py to __init__.cpython-310.pyc
[0.553s] running install_data
[0.553s] creating /home/purushottam/ros2_ws/install/my_robot_controller/share/ament_index
[0.553s] creating /home/purushottam/ros2_ws/install/my_robot_controller/share/ament_index/resource_index
[0.553s] creating /home/purushottam/ros2_ws/install/my_robot_controller/share/ament_index/resource_index/packages
[0.553s] copying resource/my_robot_controller -> /home/purushottam/ros2_ws/install/my_robot_controller/share/ament_index/resource_index/packages
[0.553s] copying package.xml -> /home/purushottam/ros2_ws/install/my_robot_controller/share/my_robot_controller
[0.553s] running install_egg_info
[0.555s] Copying ../../build/my_robot_controller/my_robot_controller.egg-info to /home/purushottam/ros2_ws/install/my_robot_controller/lib/python3.10/site-packages/my_robot_controller-0.0.0-py3.10.egg-info
[0.556s] running install_scripts
[0.569s] Installing test_node script to /home/purushottam/ros2_ws/install/my_robot_controller/lib/my_robot_controller
[0.569s] writing list of installed files to '/home/purushottam/ros2_ws/build/my_robot_controller/install.log'
[0.588s] Invoked command in '/home/purushottam/ros2_ws/src/my_robot_controller' returned '0': PYTHONPATH=/home/purushottam/ros2_ws/build/my_robot_controller/prefix_override:/usr/lib/python3/dist-packages/colcon_core/task/python/colcon_distutils_commands:/home/purushottam/ros2_ws/install/my_robot_controller/lib/python3.10/site-packages:${PYTHONPATH} /usr/bin/python3 -W ignore:setup.py install is deprecated -W ignore:easy_install command is deprecated setup.py egg_info --egg-base ../../build/my_robot_controller build --build-base /home/purushottam/ros2_ws/build/my_robot_controller/build install --record /home/purushottam/ros2_ws/build/my_robot_controller/install.log --single-version-externally-managed install_data
